#
# A fatal error has been detected by the Java Runtime Environment:
#
#  EXCEPTION_ACCESS_VIOLATION (0xc0000005) at pc=0x000000007110b5db, pid=12916, tid=17592
#
# JRE version: Java(TM) SE Runtime Environment (12.0.2+10) (build 12.0.2+10)
# Java VM: Java HotSpot(TM) 64-Bit Server VM (12.0.2+10, mixed mode, sharing, tiered, compressed oops, g1 gc, windows-amd64)
# Problematic frame:
# C  [jSSC-2.8_x86_64.dll+0xb5db]
#
# No core dump will be written. Minidumps are not enabled by default on client versions of Windows
#
# If you would like to submit a bug report, please visit:
#   http://bugreport.java.com/bugreport/crash.jsp
# The crash happened outside the Java Virtual Machine in native code.
# See problematic frame for where to report the bug.
#

---------------  S U M M A R Y ------------

Command Line: -Dfile.encoding=UTF-8 -Djava.library.path=C:\Users\marno\OneDrive\Documents\lib -Xmx512M ntnusubsea.gui.NTNUSubseaGUI

Host: Intel(R) Core(TM) i5-6200U CPU @ 2.30GHz, 4 cores, 7G,  Windows 10 , 64 bit Build 19041 (10.0.19041.546)
Time: Sat Oct 17 14:57:40 2020 Vest-Europa (sommertid) elapsed time: 3 seconds (0d 0h 0m 3s)

---------------  T H R E A D  ---------------

Current thread (0x0000026e7c37d000):  JavaThread "ComPortFinder" [_thread_in_native, id=17592, stack(0x0000007d89400000,0x0000007d89500000)]

Stack: [0x0000007d89400000,0x0000007d89500000],  sp=0x0000007d894ff1f0,  free space=1020k
Native frames: (J=compiled Java code, j=interpreted, Vv=VM code, C=native code)
C  [jSSC-2.8_x86_64.dll+0xb5db]

Java frames: (J=compiled Java code, j=interpreted, Vv=VM code)
j  jssc.SerialNativeInterface.openPort(Ljava/lang/String;Z)J+0
j  jssc.SerialPort.openPort()Z+65
j  basestation_rov.SerialDataHandler.findComPorts()V+159
j  ntnusubsea.gui.ComPortFinder.run()V+35
j  java.lang.Thread.run()V+11 java.base@12.0.2
v  ~StubRoutines::call_stub

siginfo: EXCEPTION_ACCESS_VIOLATION (0xc0000005), reading address 0x000000007ce48e7e


Register to memory mapping:

RIP=0x000000007110b5db jSSC-2.8_x86_64.dll
RAX=0x000000007ce48e7e is an unknown value
RBX=0x0000007d894ff260 is pointing into the stack for thread: 0x0000026e7c37d000
RCX=0x00007ff8adf8bf74 ntdll.dll
RDX=0x0 is NULL
RSP=0x0000007d894ff1f0 is pointing into the stack for thread: 0x0000026e7c37d000
RBP=0x0000007d894ff370 is pointing into the stack for thread: 0x0000026e7c37d000
RSI=0x0000026e7c37d330 points into unknown readable memory: f0 4d 7d 41 f8 7f 00 00
RDI=0x0000000000000878 is an unknown value
R8 =0x0000007d894ff0e8 is pointing into the stack for thread: 0x0000026e7c37d000
R9 =0x0000007d894ff1e0 is pointing into the stack for thread: 0x0000026e7c37d000
R10=0x0 is NULL
R11=0x0000000000000246 is an unknown value
R12=0x0000007d894ff428 is pointing into the stack for thread: 0x0000026e7c37d000
R13=0x0000026e7c11d960 points into unknown readable memory: 00 00 00 00 08 00 00 00
R14=0x0000007d894ff320 is pointing into the stack for thread: 0x0000026e7c37d000
R15=0x0000026e7c37d000 is a thread


Registers:
RAX=0x000000007ce48e7e, RBX=0x0000007d894ff260, RCX=0x00007ff8adf8bf74, RDX=0x0000000000000000
RSP=0x0000007d894ff1f0, RBP=0x0000007d894ff370, RSI=0x0000026e7c37d330, RDI=0x0000000000000878
R8 =0x0000007d894ff0e8, R9 =0x0000007d894ff1e0, R10=0x0000000000000000, R11=0x0000000000000246
R12=0x0000007d894ff428, R13=0x0000026e7c11d960, R14=0x0000007d894ff320, R15=0x0000026e7c37d000
RIP=0x000000007110b5db, EFLAGS=0x0000000000010202

Top of Stack: (sp=0x0000007d894ff1f0)
0x0000007d894ff1f0:   0000026e7c28dbd0 0000026e7c11d7a0
0x0000007d894ff200:   000000007110b230 0000026e6b710000
0x0000007d894ff210:   0000026e6b640000 0000000000000004
0x0000007d894ff220:   0000026e7c37d330 0000000000000878
0x0000007d894ff230:   0000007d894ff370 0000000071112590
0x0000007d894ff240:   0000026e7c37d000 0000007d894ff320
0x0000007d894ff250:   0000026e7c11d960 0000007d894ff428
0x0000007d894ff260:   0000026e7c11d960 00007ff8adf05d21
0x0000007d894ff270:   0000007d894ff2a0 0000026e6b710000
0x0000007d894ff280:   0000007d894ff370 0000000000000000
0x0000007d894ff290:   0000000071113500 0000000071113be8
0x0000007d894ff2a0:   0000007d894ff2d0 0000000071112641
0x0000007d894ff2b0:   0000007d894ff240 0000026e7c37d330
0x0000007d894ff2c0:   0000000000000000 0000000000000000
0x0000007d894ff2d0:   0000007d894ff370 0000000071101595
0x0000007d894ff2e0:   000000000000001c 0000026e00000000 

Instructions: (pc=0x000000007110b5db)
0x000000007110b4db:   48 85 c0 74 bf 44 8b 03 45 85 c0 0f 84 77 ff ff
0x000000007110b4eb:   ff eb 9f 66 90 e8 8b fe ff ff 48 89 05 0c 34 01
0x000000007110b4fb:   00 eb ad 66 90 e8 7b fe ff ff 48 89 05 fc 33 01
0x000000007110b50b:   00 eb 8b e8 8d fe ff ff c7 03 01 00 00 00 e9 6f
0x000000007110b51b:   ff ff ff 66 90 55 48 89 e5 56 53 48 83 ec 20 48
0x000000007110b52b:   8b 05 d7 33 01 00 48 8b 31 48 89 cb 48 85 c0 74
0x000000007110b53b:   56 44 8b 18 45 85 db 78 42 48 8b 05 bd 33 01 00
0x000000007110b54b:   48 85 c0 74 50 44 8b 10 45 85 d2 74 1d 48 89 f1
0x000000007110b55b:   e8 d0 fd ff ff 48 8b 13 48 8d 42 40 48 8b 48 08
0x000000007110b56b:   48 8b 6a 40 48 8b 60 10 ff e1 48 8b 05 9c 33 01
0x000000007110b57b:   00 48 85 c0 74 2d 48 89 30 eb da e8 b5 fe ff ff
0x000000007110b58b:   0f 1f 44 00 00 eb b2 e8 e9 fd ff ff 48 89 05 6a
0x000000007110b59b:   33 01 00 eb 9c e8 db fd ff ff 48 89 05 5c 33 01
0x000000007110b5ab:   00 eb a2 e8 3d fd ff ff 48 89 05 5e 33 01 00 eb
0x000000007110b5bb:   c5 0f 1f 40 00 55 57 56 53 48 83 ec 28 48 8b 05
0x000000007110b5cb:   39 33 01 00 48 89 cb 48 85 c0 0f 84 c5 00 00 00
0x000000007110b5db:   8b 38 85 ff 0f 88 ab 00 00 00 48 8b 05 1c 33 01
0x000000007110b5eb:   00 48 85 c0 0f 84 bc 00 00 00 8b 30 85 f6 74 57
0x000000007110b5fb:   48 8b 05 0e 33 01 00 48 85 c0 0f 84 e5 00 00 00
0x000000007110b60b:   8b 28 48 8b 35 10 5e 01 00 ff d6 89 c7 89 e9 ff
0x000000007110b61b:   15 f4 5e 01 00 89 f9 48 89 c5 ff 15 b9 5e 01 00
0x000000007110b62b:   48 8b 05 de 32 01 00 48 89 2b 48 85 c0 74 46 48
0x000000007110b63b:   89 da 8b 08 ff 15 d7 5e 01 00 85 c0 74 27 48 83
0x000000007110b64b:   c4 28 5b 5e 5f 5d c3 48 8b 05 bf 32 01 00 48 85
0x000000007110b65b:   c0 74 64 48 8b 10 48 89 13 48 89 18 48 83 c4 28
0x000000007110b66b:   5b 5e 5f 5d c3 48 89 f2 48 83 c4 28 5b 5e 5f 5d
0x000000007110b67b:   48 ff e2 66 90 e8 8b fc ff ff 48 89 05 84 32 01
0x000000007110b68b:   00 eb ac 66 90 e8 ab fd ff ff e9 4b ff ff ff 66
0x000000007110b69b:   0f 1f 44 00 00 e8 db fc ff ff 48 89 05 5c 32 01
0x000000007110b6ab:   00 e9 2a ff ff ff e8 ca fc ff ff 48 89 05 4b 32
0x000000007110b6bb:   01 00 e9 33 ff ff ff e8 29 fc ff ff 48 89 05 4a
0x000000007110b6cb:   32 01 00 48 8b 10 48 85 c0 48 89 13 75 8b e8 12 


Stack slot to memory mapping:
stack at sp + 0 slots: 0x0000026e7c28dbd0 points into unknown readable memory: 69 73 56 61 6c 69 64 61
stack at sp + 1 slots: 0x0000026e7c11d7a0 points into unknown readable memory: 40 45 13 7a 6e 02 00 00
stack at sp + 2 slots: 0x000000007110b230 jSSC-2.8_x86_64.dll
stack at sp + 3 slots: 0x0000026e6b710000 points into unknown readable memory: 00 00 00 00 00 00 00 00
stack at sp + 4 slots: 0x0000026e6b640000 points into unknown readable memory: 00 00 00 00 00 00 00 00
stack at sp + 5 slots: 0x0000000000000004 is an unknown value
stack at sp + 6 slots: 0x0000026e7c37d330 points into unknown readable memory: f0 4d 7d 41 f8 7f 00 00
stack at sp + 7 slots: 0x0000000000000878 is an unknown value


---------------  P R O C E S S  ---------------

Threads class SMR info:
_java_thread_list=0x0000026e7ad20fc0, length=26, elements={
0x0000026e793b4800, 0x0000026e793b5800, 0x0000026e793cc800, 0x0000026e793cd800,
0x0000026e793d0000, 0x0000026e793df800, 0x0000026e793e2800, 0x0000026e79e76000,
0x0000026e79e79000, 0x0000026e79f37000, 0x0000026e7a147000, 0x0000026e7a62c800,
0x0000026e7a6d5000, 0x0000026e7ac83000, 0x0000026e7ac1c800, 0x0000026e7acbc000,
0x0000026e7c17a800, 0x0000026e7c5af800, 0x0000026e7c5b0800, 0x0000026e7c37d000,
0x0000026e7c37f000, 0x0000026e7c37e000, 0x0000026e7c37f800, 0x0000026e7c5bd800,
0x0000026e7c5bb000, 0x0000026e7c5be800
}

Java Threads: ( => current thread )
  0x0000026e793b4800 JavaThread "Reference Handler" daemon [_thread_blocked, id=17780, stack(0x0000007d87a00000,0x0000007d87b00000)]
  0x0000026e793b5800 JavaThread "Finalizer" daemon [_thread_blocked, id=9660, stack(0x0000007d87b00000,0x0000007d87c00000)]
  0x0000026e793cc800 JavaThread "Signal Dispatcher" daemon [_thread_blocked, id=19808, stack(0x0000007d87c00000,0x0000007d87d00000)]
  0x0000026e793cd800 JavaThread "Attach Listener" daemon [_thread_blocked, id=18788, stack(0x0000007d87d00000,0x0000007d87e00000)]
  0x0000026e793d0000 JavaThread "C2 CompilerThread0" daemon [_thread_in_native, id=2364, stack(0x0000007d87e00000,0x0000007d87f00000)]
  0x0000026e793df800 JavaThread "C1 CompilerThread0" daemon [_thread_blocked, id=15092, stack(0x0000007d87f00000,0x0000007d88000000)]
  0x0000026e793e2800 JavaThread "Sweeper thread" daemon [_thread_blocked, id=18924, stack(0x0000007d88000000,0x0000007d88100000)]
  0x0000026e79e76000 JavaThread "Service Thread" daemon [_thread_blocked, id=9284, stack(0x0000007d88100000,0x0000007d88200000)]
  0x0000026e79e79000 JavaThread "Common-Cleaner" daemon [_thread_blocked, id=4820, stack(0x0000007d88300000,0x0000007d88400000)]
  0x0000026e79f37000 JavaThread "Java2D Disposer" daemon [_thread_blocked, id=11764, stack(0x0000007d88400000,0x0000007d88500000)]
  0x0000026e7a147000 JavaThread "AWT-Shutdown" [_thread_blocked, id=10128, stack(0x0000007d88500000,0x0000007d88600000)]
  0x0000026e7a62c800 JavaThread "AWT-Windows" daemon [_thread_in_native, id=21104, stack(0x0000007d88600000,0x0000007d88700000)]
  0x0000026e7a6d5000 JavaThread "AWT-EventQueue-0" [_thread_blocked, id=4032, stack(0x0000007d88700000,0x0000007d88800000)]
  0x0000026e7ac83000 JavaThread "Image Fetcher 0" daemon [_thread_in_vm, id=12884, stack(0x0000007d88c00000,0x0000007d88d00000)] _threads_hazard_ptr=0x0000026e7ad20fc0
  0x0000026e7ac1c800 JavaThread "Image Fetcher 1" daemon [_thread_blocked, id=3988, stack(0x0000007d88d00000,0x0000007d88e00000)]
  0x0000026e7acbc000 JavaThread "C2 CompilerThread1" daemon [_thread_in_native, id=18524, stack(0x0000007d88800000,0x0000007d88900000)]
  0x0000026e7c17a800 JavaThread "pool-1-thread-1" [_thread_blocked, id=13520, stack(0x0000007d89100000,0x0000007d89200000)]
  0x0000026e7c5af800 JavaThread "pool-1-thread-2" [_thread_blocked, id=1680, stack(0x0000007d89200000,0x0000007d89300000)]
  0x0000026e7c5b0800 JavaThread "pool-1-thread-3" [_thread_blocked, id=21084, stack(0x0000007d89300000,0x0000007d89400000)]
=>0x0000026e7c37d000 JavaThread "ComPortFinder" [_thread_in_native, id=17592, stack(0x0000007d89400000,0x0000007d89500000)]
  0x0000026e7c37f000 JavaThread "DestroyJavaVM" [_thread_blocked, id=10096, stack(0x0000007d87300000,0x0000007d87400000)]
  0x0000026e7c37e000 JavaThread "pool-1-thread-4" [_thread_blocked, id=18452, stack(0x0000007d89500000,0x0000007d89600000)]
  0x0000026e7c37f800 JavaThread "pool-1-thread-5" [_thread_blocked, id=14288, stack(0x0000007d89600000,0x0000007d89700000)]
  0x0000026e7c5bd800 JavaThread "pool-1-thread-6" [_thread_blocked, id=13272, stack(0x0000007d89700000,0x0000007d89800000)]
  0x0000026e7c5bb000 JavaThread "pool-1-thread-7" [_thread_blocked, id=20732, stack(0x0000007d89800000,0x0000007d89900000)]
  0x0000026e7c5be800 JavaThread "pool-1-thread-8" [_thread_blocked, id=8980, stack(0x0000007d89900000,0x0000007d89a00000)]

Other Threads:
  0x0000026e793b1000 VMThread "VM Thread" [stack: 0x0000007d87900000,0x0000007d87a00000] [id=9888] _threads_hazard_ptr=0x0000026e7ad20fc0
  0x0000026e79e77000 WatcherThread [stack: 0x0000007d88200000,0x0000007d88300000] [id=4404]
  0x0000026e6d821000 GCTaskThread "GC Thread#0" [stack: 0x0000007d87400000,0x0000007d87500000] [id=944]
  0x0000026e7baa7000 GCTaskThread "GC Thread#1" [stack: 0x0000007d88900000,0x0000007d88a00000] [id=8044]
  0x0000026e7aa2c000 GCTaskThread "GC Thread#2" [stack: 0x0000007d88a00000,0x0000007d88b00000] [id=18736]
  0x0000026e7aaaf000 GCTaskThread "GC Thread#3" [stack: 0x0000007d88b00000,0x0000007d88c00000] [id=21436]
  0x0000026e6d826800 ConcurrentGCThread "G1 Main Marker" [stack: 0x0000007d87500000,0x0000007d87600000] [id=14116]
  0x0000026e6d828800 ConcurrentGCThread "G1 Conc#0" [stack: 0x0000007d87600000,0x0000007d87700000] [id=13580]
  0x0000026e6d8b4800 ConcurrentGCThread "G1 Refine#0" [stack: 0x0000007d87700000,0x0000007d87800000] [id=19848]
  0x0000026e6d8b5800 ConcurrentGCThread "G1 Young RemSet Sampling" [stack: 0x0000007d87800000,0x0000007d87900000] [id=1968]

Threads with active compile tasks:
C2 CompilerThread0  2195 %     4       java.awt.image.AreaAveragingScaleFilter::accumPixels @ 161 (545 bytes)
C2 CompilerThread1  2168   !   4       sun.font.FontDesignMetrics::getMetrics (265 bytes)

VM state:not at safepoint (normal execution)

VM Mutex/Monitor currently owned by a thread: None

Heap address: 0x00000000e0000000, size: 512 MB, Compressed Oops mode: 32-bit
Narrow klass base: 0x0000000800000000, Narrow klass shift: 3
Compressed class space size: 1073741824 Address: 0x0000000801190000

Heap:
 garbage-first heap   total 131072K, used 44759K [0x00000000e0000000, 0x0000000100000000)
  region size 1024K, 22 young (22528K), 2 survivors (2048K)
 Metaspace       used 15853K, capacity 16231K, committed 16256K, reserved 1062912K
  class space    used 1751K, capacity 1902K, committed 1920K, reserved 1048576K
Heap Regions: E=young(eden), S=young(survivor), O=old, HS=humongous(starts), HC=humongous(continues), CS=collection set, F=free, A=archive, TAMS=top-at-mark-start (previous, next)
|   0|0x00000000e0000000, 0x00000000e0100000, 0x00000000e0100000|100%|HS|  |TAMS 0x00000000e0000000, 0x00000000e0000000| Complete 
|   1|0x00000000e0100000, 0x00000000e0200000, 0x00000000e0200000|100%|HC|  |TAMS 0x00000000e0100000, 0x00000000e0100000| Complete 
|   2|0x00000000e0200000, 0x00000000e02b5c00, 0x00000000e0300000| 70%| O|  |TAMS 0x00000000e0200000, 0x00000000e0200000| Untracked 
|   3|0x00000000e0300000, 0x00000000e0400000, 0x00000000e0400000|100%|HS|  |TAMS 0x00000000e0300000, 0x00000000e0300000| Complete 
|   4|0x00000000e0400000, 0x00000000e0500000, 0x00000000e0500000|100%|HC|  |TAMS 0x00000000e0400000, 0x00000000e0400000| Complete 
|   5|0x00000000e0500000, 0x00000000e0600000, 0x00000000e0600000|100%|HS|  |TAMS 0x00000000e0500000, 0x00000000e0500000| Complete 
|   6|0x00000000e0600000, 0x00000000e0700000, 0x00000000e0700000|100%|HC|  |TAMS 0x00000000e0600000, 0x00000000e0600000| Complete 
|   7|0x00000000e0700000, 0x00000000e0800000, 0x00000000e0800000|100%|HS|  |TAMS 0x00000000e0700000, 0x00000000e0700000| Complete 
|   8|0x00000000e0800000, 0x00000000e0900000, 0x00000000e0900000|100%|HC|  |TAMS 0x00000000e0800000, 0x00000000e0800000| Complete 
|   9|0x00000000e0900000, 0x00000000e0a00000, 0x00000000e0a00000|100%|HC|  |TAMS 0x00000000e0900000, 0x00000000e0900000| Complete 
|  10|0x00000000e0a00000, 0x00000000e0b00000, 0x00000000e0b00000|100%|HS|  |TAMS 0x00000000e0a00000, 0x00000000e0a00000| Complete 
|  11|0x00000000e0b00000, 0x00000000e0c00000, 0x00000000e0c00000|100%|HC|  |TAMS 0x00000000e0b00000, 0x00000000e0b00000| Complete 
|  12|0x00000000e0c00000, 0x00000000e0d00000, 0x00000000e0d00000|100%|HC|  |TAMS 0x00000000e0c00000, 0x00000000e0c00000| Complete 
|  13|0x00000000e0d00000, 0x00000000e0e00000, 0x00000000e0e00000|100%|HS|  |TAMS 0x00000000e0d00000, 0x00000000e0d00000| Complete 
|  14|0x00000000e0e00000, 0x00000000e0f00000, 0x00000000e0f00000|100%|HC|  |TAMS 0x00000000e0e00000, 0x00000000e0e00000| Complete 
|  15|0x00000000e0f00000, 0x00000000e1000000, 0x00000000e1000000|100%|HC|  |TAMS 0x00000000e0f00000, 0x00000000e0f00000| Complete 
|  16|0x00000000e1000000, 0x00000000e1100000, 0x00000000e1100000|100%|HS|  |TAMS 0x00000000e1000000, 0x00000000e1000000| Complete 
|  17|0x00000000e1100000, 0x00000000e1200000, 0x00000000e1200000|100%|HC|  |TAMS 0x00000000e1100000, 0x00000000e1100000| Complete 
|  18|0x00000000e1200000, 0x00000000e1300000, 0x00000000e1300000|100%|HC|  |TAMS 0x00000000e1200000, 0x00000000e1200000| Complete 
|  19|0x00000000e1300000, 0x00000000e1400000, 0x00000000e1400000|100%|HC|  |TAMS 0x00000000e1300000, 0x00000000e1300000| Complete 
|  20|0x00000000e1400000, 0x00000000e1500000, 0x00000000e1500000|100%|HC|  |TAMS 0x00000000e1400000, 0x00000000e1400000| Complete 
|  21|0x00000000e1500000, 0x00000000e1600000, 0x00000000e1600000|100%|HC|  |TAMS 0x00000000e1500000, 0x00000000e1500000| Complete 
|  22|0x00000000e1600000, 0x00000000e1700000, 0x00000000e1700000|100%|HC|  |TAMS 0x00000000e1600000, 0x00000000e1600000| Complete 
|  23|0x00000000e1700000, 0x00000000e1800000, 0x00000000e1800000|100%|HC|  |TAMS 0x00000000e1700000, 0x00000000e1700000| Complete 
|  24|0x00000000e1800000, 0x00000000e1800000, 0x00000000e1900000|  0%| F|  |TAMS 0x00000000e1800000, 0x00000000e1800000| Untracked 
|  25|0x00000000e1900000, 0x00000000e1900000, 0x00000000e1a00000|  0%| F|  |TAMS 0x00000000e1900000, 0x00000000e1900000| Untracked 
|  26|0x00000000e1a00000, 0x00000000e1a00000, 0x00000000e1b00000|  0%| F|  |TAMS 0x00000000e1a00000, 0x00000000e1a00000| Untracked 
|  27|0x00000000e1b00000, 0x00000000e1b00000, 0x00000000e1c00000|  0%| F|  |TAMS 0x00000000e1b00000, 0x00000000e1b00000| Untracked 
|  28|0x00000000e1c00000, 0x00000000e1c00000, 0x00000000e1d00000|  0%| F|  |TAMS 0x00000000e1c00000, 0x00000000e1c00000| Untracked 
|  29|0x00000000e1d00000, 0x00000000e1d00000, 0x00000000e1e00000|  0%| F|  |TAMS 0x00000000e1d00000, 0x00000000e1d00000| Untracked 
|  30|0x00000000e1e00000, 0x00000000e1e00000, 0x00000000e1f00000|  0%| F|  |TAMS 0x00000000e1e00000, 0x00000000e1e00000| Untracked 
|  31|0x00000000e1f00000, 0x00000000e1f00000, 0x00000000e2000000|  0%| F|  |TAMS 0x00000000e1f00000, 0x00000000e1f00000| Untracked 
|  32|0x00000000e2000000, 0x00000000e2000000, 0x00000000e2100000|  0%| F|  |TAMS 0x00000000e2000000, 0x00000000e2000000| Untracked 
|  33|0x00000000e2100000, 0x00000000e2100000, 0x00000000e2200000|  0%| F|  |TAMS 0x00000000e2100000, 0x00000000e2100000| Untracked 
|  34|0x00000000e2200000, 0x00000000e2200000, 0x00000000e2300000|  0%| F|  |TAMS 0x00000000e2200000, 0x00000000e2200000| Untracked 
|  35|0x00000000e2300000, 0x00000000e2300000, 0x00000000e2400000|  0%| F|  |TAMS 0x00000000e2300000, 0x00000000e2300000| Untracked 
|  36|0x00000000e2400000, 0x00000000e2400000, 0x00000000e2500000|  0%| F|  |TAMS 0x00000000e2400000, 0x00000000e2400000| Untracked 
|  37|0x00000000e2500000, 0x00000000e2500000, 0x00000000e2600000|  0%| F|  |TAMS 0x00000000e2500000, 0x00000000e2500000| Untracked 
|  38|0x00000000e2600000, 0x00000000e2600000, 0x00000000e2700000|  0%| F|  |TAMS 0x00000000e2600000, 0x00000000e2600000| Untracked 
|  39|0x00000000e2700000, 0x00000000e2700000, 0x00000000e2800000|  0%| F|  |TAMS 0x00000000e2700000, 0x00000000e2700000| Untracked 
|  40|0x00000000e2800000, 0x00000000e2800000, 0x00000000e2900000|  0%| F|  |TAMS 0x00000000e2800000, 0x00000000e2800000| Untracked 
|  41|0x00000000e2900000, 0x00000000e2900000, 0x00000000e2a00000|  0%| F|  |TAMS 0x00000000e2900000, 0x00000000e2900000| Untracked 
|  42|0x00000000e2a00000, 0x00000000e2a00000, 0x00000000e2b00000|  0%| F|  |TAMS 0x00000000e2a00000, 0x00000000e2a00000| Untracked 
|  43|0x00000000e2b00000, 0x00000000e2b00000, 0x00000000e2c00000|  0%| F|  |TAMS 0x00000000e2b00000, 0x00000000e2b00000| Untracked 
|  44|0x00000000e2c00000, 0x00000000e2c00000, 0x00000000e2d00000|  0%| F|  |TAMS 0x00000000e2c00000, 0x00000000e2c00000| Untracked 
|  45|0x00000000e2d00000, 0x00000000e2d00000, 0x00000000e2e00000|  0%| F|  |TAMS 0x00000000e2d00000, 0x00000000e2d00000| Untracked 
|  46|0x00000000e2e00000, 0x00000000e2e00000, 0x00000000e2f00000|  0%| F|  |TAMS 0x00000000e2e00000, 0x00000000e2e00000| Untracked 
|  47|0x00000000e2f00000, 0x00000000e2f00000, 0x00000000e3000000|  0%| F|  |TAMS 0x00000000e2f00000, 0x00000000e2f00000| Untracked 
|  48|0x00000000e3000000, 0x00000000e3000000, 0x00000000e3100000|  0%| F|  |TAMS 0x00000000e3000000, 0x00000000e3000000| Untracked 
|  49|0x00000000e3100000, 0x00000000e3100000, 0x00000000e3200000|  0%| F|  |TAMS 0x00000000e3100000, 0x00000000e3100000| Untracked 
|  50|0x00000000e3200000, 0x00000000e3200000, 0x00000000e3300000|  0%| F|  |TAMS 0x00000000e3200000, 0x00000000e3200000| Untracked 
|  51|0x00000000e3300000, 0x00000000e3300000, 0x00000000e3400000|  0%| F|  |TAMS 0x00000000e3300000, 0x00000000e3300000| Untracked 
|  52|0x00000000e3400000, 0x00000000e3400000, 0x00000000e3500000|  0%| F|  |TAMS 0x00000000e3400000, 0x00000000e3400000| Untracked 
|  53|0x00000000e3500000, 0x00000000e3500000, 0x00000000e3600000|  0%| F|  |TAMS 0x00000000e3500000, 0x00000000e3500000| Untracked 
|  54|0x00000000e3600000, 0x00000000e3600000, 0x00000000e3700000|  0%| F|  |TAMS 0x00000000e3600000, 0x00000000e3600000| Untracked 
|  55|0x00000000e3700000, 0x00000000e3700000, 0x00000000e3800000|  0%| F|  |TAMS 0x00000000e3700000, 0x00000000e3700000| Untracked 
|  56|0x00000000e3800000, 0x00000000e3800000, 0x00000000e3900000|  0%| F|  |TAMS 0x00000000e3800000, 0x00000000e3800000| Untracked 
|  57|0x00000000e3900000, 0x00000000e3900000, 0x00000000e3a00000|  0%| F|  |TAMS 0x00000000e3900000, 0x00000000e3900000| Untracked 
|  58|0x00000000e3a00000, 0x00000000e3a00000, 0x00000000e3b00000|  0%| F|  |TAMS 0x00000000e3a00000, 0x00000000e3a00000| Untracked 
|  59|0x00000000e3b00000, 0x00000000e3b00000, 0x00000000e3c00000|  0%| F|  |TAMS 0x00000000e3b00000, 0x00000000e3b00000| Untracked 
|  60|0x00000000e3c00000, 0x00000000e3c00000, 0x00000000e3d00000|  0%| F|  |TAMS 0x00000000e3c00000, 0x00000000e3c00000| Untracked 
|  61|0x00000000e3d00000, 0x00000000e3d00000, 0x00000000e3e00000|  0%| F|  |TAMS 0x00000000e3d00000, 0x00000000e3d00000| Untracked 
|  62|0x00000000e3e00000, 0x00000000e3e00000, 0x00000000e3f00000|  0%| F|  |TAMS 0x00000000e3e00000, 0x00000000e3e00000| Untracked 
|  63|0x00000000e3f00000, 0x00000000e3f00000, 0x00000000e4000000|  0%| F|  |TAMS 0x00000000e3f00000, 0x00000000e3f00000| Untracked 
|  64|0x00000000e4000000, 0x00000000e4000000, 0x00000000e4100000|  0%| F|  |TAMS 0x00000000e4000000, 0x00000000e4000000| Untracked 
|  65|0x00000000e4100000, 0x00000000e4100000, 0x00000000e4200000|  0%| F|  |TAMS 0x00000000e4100000, 0x00000000e4100000| Untracked 
|  66|0x00000000e4200000, 0x00000000e4200000, 0x00000000e4300000|  0%| F|  |TAMS 0x00000000e4200000, 0x00000000e4200000| Untracked 
|  67|0x00000000e4300000, 0x00000000e4300000, 0x00000000e4400000|  0%| F|  |TAMS 0x00000000e4300000, 0x00000000e4300000| Untracked 
|  68|0x00000000e4400000, 0x00000000e4400000, 0x00000000e4500000|  0%| F|  |TAMS 0x00000000e4400000, 0x00000000e4400000| Untracked 
|  69|0x00000000e4500000, 0x00000000e4500000, 0x00000000e4600000|  0%| F|  |TAMS 0x00000000e4500000, 0x00000000e4500000| Untracked 
|  70|0x00000000e4600000, 0x00000000e4600000, 0x00000000e4700000|  0%| F|  |TAMS 0x00000000e4600000, 0x00000000e4600000| Untracked 
|  71|0x00000000e4700000, 0x00000000e4700000, 0x00000000e4800000|  0%| F|  |TAMS 0x00000000e4700000, 0x00000000e4700000| Untracked 
|  72|0x00000000e4800000, 0x00000000e4800000, 0x00000000e4900000|  0%| F|  |TAMS 0x00000000e4800000, 0x00000000e4800000| Untracked 
|  73|0x00000000e4900000, 0x00000000e4900000, 0x00000000e4a00000|  0%| F|  |TAMS 0x00000000e4900000, 0x00000000e4900000| Untracked 
|  74|0x00000000e4a00000, 0x00000000e4a00000, 0x00000000e4b00000|  0%| F|  |TAMS 0x00000000e4a00000, 0x00000000e4a00000| Untracked 
|  75|0x00000000e4b00000, 0x00000000e4b00000, 0x00000000e4c00000|  0%| F|  |TAMS 0x00000000e4b00000, 0x00000000e4b00000| Untracked 
|  76|0x00000000e4c00000, 0x00000000e4c00000, 0x00000000e4d00000|  0%| F|  |TAMS 0x00000000e4c00000, 0x00000000e4c00000| Untracked 
|  77|0x00000000e4d00000, 0x00000000e4d00000, 0x00000000e4e00000|  0%| F|  |TAMS 0x00000000e4d00000, 0x00000000e4d00000| Untracked 
|  78|0x00000000e4e00000, 0x00000000e4e00000, 0x00000000e4f00000|  0%| F|  |TAMS 0x00000000e4e00000, 0x00000000e4e00000| Untracked 
|  79|0x00000000e4f00000, 0x00000000e4f00000, 0x00000000e5000000|  0%| F|  |TAMS 0x00000000e4f00000, 0x00000000e4f00000| Untracked 
|  80|0x00000000e5000000, 0x00000000e5000000, 0x00000000e5100000|  0%| F|  |TAMS 0x00000000e5000000, 0x00000000e5000000| Untracked 
|  81|0x00000000e5100000, 0x00000000e5100000, 0x00000000e5200000|  0%| F|  |TAMS 0x00000000e5100000, 0x00000000e5100000| Untracked 
|  82|0x00000000e5200000, 0x00000000e5200000, 0x00000000e5300000|  0%| F|  |TAMS 0x00000000e5200000, 0x00000000e5200000| Untracked 
|  83|0x00000000e5300000, 0x00000000e5300000, 0x00000000e5400000|  0%| F|  |TAMS 0x00000000e5300000, 0x00000000e5300000| Untracked 
|  84|0x00000000e5400000, 0x00000000e5400000, 0x00000000e5500000|  0%| F|  |TAMS 0x00000000e5400000, 0x00000000e5400000| Untracked 
|  85|0x00000000e5500000, 0x00000000e5500000, 0x00000000e5600000|  0%| F|  |TAMS 0x00000000e5500000, 0x00000000e5500000| Untracked 
|  86|0x00000000e5600000, 0x00000000e5600000, 0x00000000e5700000|  0%| F|  |TAMS 0x00000000e5600000, 0x00000000e5600000| Untracked 
|  87|0x00000000e5700000, 0x00000000e5700000, 0x00000000e5800000|  0%| F|  |TAMS 0x00000000e5700000, 0x00000000e5700000| Untracked 
|  88|0x00000000e5800000, 0x00000000e5800000, 0x00000000e5900000|  0%| F|  |TAMS 0x00000000e5800000, 0x00000000e5800000| Untracked 
|  89|0x00000000e5900000, 0x00000000e5900000, 0x00000000e5a00000|  0%| F|  |TAMS 0x00000000e5900000, 0x00000000e5900000| Untracked 
|  90|0x00000000e5a00000, 0x00000000e5a00000, 0x00000000e5b00000|  0%| F|  |TAMS 0x00000000e5a00000, 0x00000000e5a00000| Untracked 
|  91|0x00000000e5b00000, 0x00000000e5b00000, 0x00000000e5c00000|  0%| F|  |TAMS 0x00000000e5b00000, 0x00000000e5b00000| Untracked 
|  92|0x00000000e5c00000, 0x00000000e5c00000, 0x00000000e5d00000|  0%| F|  |TAMS 0x00000000e5c00000, 0x00000000e5c00000| Untracked 
|  93|0x00000000e5d00000, 0x00000000e5d00000, 0x00000000e5e00000|  0%| F|  |TAMS 0x00000000e5d00000, 0x00000000e5d00000| Untracked 
|  94|0x00000000e5e00000, 0x00000000e5e00000, 0x00000000e5f00000|  0%| F|  |TAMS 0x00000000e5e00000, 0x00000000e5e00000| Untracked 
|  95|0x00000000e5f00000, 0x00000000e5f00000, 0x00000000e6000000|  0%| F|  |TAMS 0x00000000e5f00000, 0x00000000e5f00000| Untracked 
|  96|0x00000000e6000000, 0x00000000e6000000, 0x00000000e6100000|  0%| F|  |TAMS 0x00000000e6000000, 0x00000000e6000000| Untracked 
|  97|0x00000000e6100000, 0x00000000e6100000, 0x00000000e6200000|  0%| F|  |TAMS 0x00000000e6100000, 0x00000000e6100000| Untracked 
|  98|0x00000000e6200000, 0x00000000e6200000, 0x00000000e6300000|  0%| F|  |TAMS 0x00000000e6200000, 0x00000000e6200000| Untracked 
|  99|0x00000000e6300000, 0x00000000e6300000, 0x00000000e6400000|  0%| F|  |TAMS 0x00000000e6300000, 0x00000000e6300000| Untracked 
| 100|0x00000000e6400000, 0x00000000e6400000, 0x00000000e6500000|  0%| F|  |TAMS 0x00000000e6400000, 0x00000000e6400000| Untracked 
| 101|0x00000000e6500000, 0x00000000e6500000, 0x00000000e6600000|  0%| F|  |TAMS 0x00000000e6500000, 0x00000000e6500000| Untracked 
| 102|0x00000000e6600000, 0x00000000e6600000, 0x00000000e6700000|  0%| F|  |TAMS 0x00000000e6600000, 0x00000000e6600000| Untracked 
| 103|0x00000000e6700000, 0x00000000e6700000, 0x00000000e6800000|  0%| F|  |TAMS 0x00000000e6700000, 0x00000000e6700000| Untracked 
| 104|0x00000000e6800000, 0x00000000e6800000, 0x00000000e6900000|  0%| F|  |TAMS 0x00000000e6800000, 0x00000000e6800000| Untracked 
| 105|0x00000000e6900000, 0x00000000e6900000, 0x00000000e6a00000|  0%| F|  |TAMS 0x00000000e6900000, 0x00000000e6900000| Untracked 
| 106|0x00000000e6a00000, 0x00000000e6a7ee50, 0x00000000e6b00000| 49%| E|  |TAMS 0x00000000e6a00000, 0x00000000e6a00000| Complete 
| 107|0x00000000e6b00000, 0x00000000e6c00000, 0x00000000e6c00000|100%| E|CS|TAMS 0x00000000e6b00000, 0x00000000e6b00000| Complete 
| 108|0x00000000e6c00000, 0x00000000e6d00000, 0x00000000e6d00000|100%| E|CS|TAMS 0x00000000e6c00000, 0x00000000e6c00000| Complete 
| 109|0x00000000e6d00000, 0x00000000e6e00000, 0x00000000e6e00000|100%| E|CS|TAMS 0x00000000e6d00000, 0x00000000e6d00000| Complete 
| 110|0x00000000e6e00000, 0x00000000e6f00000, 0x00000000e6f00000|100%| E|CS|TAMS 0x00000000e6e00000, 0x00000000e6e00000| Complete 
| 111|0x00000000e6f00000, 0x00000000e7000000, 0x00000000e7000000|100%| E|CS|TAMS 0x00000000e6f00000, 0x00000000e6f00000| Complete 
| 112|0x00000000e7000000, 0x00000000e7100000, 0x00000000e7100000|100%| S|CS|TAMS 0x00000000e7000000, 0x00000000e7000000| Complete 
| 113|0x00000000e7100000, 0x00000000e7200000, 0x00000000e7200000|100%| S|CS|TAMS 0x00000000e7100000, 0x00000000e7100000| Complete 
| 114|0x00000000e7200000, 0x00000000e7300000, 0x00000000e7300000|100%| E|CS|TAMS 0x00000000e7200000, 0x00000000e7200000| Complete 
| 115|0x00000000e7300000, 0x00000000e7400000, 0x00000000e7400000|100%| E|CS|TAMS 0x00000000e7300000, 0x00000000e7300000| Complete 
| 116|0x00000000e7400000, 0x00000000e7500000, 0x00000000e7500000|100%| E|CS|TAMS 0x00000000e7400000, 0x00000000e7400000| Complete 
| 117|0x00000000e7500000, 0x00000000e7600000, 0x00000000e7600000|100%| E|CS|TAMS 0x00000000e7500000, 0x00000000e7500000| Complete 
| 118|0x00000000e7600000, 0x00000000e7700000, 0x00000000e7700000|100%| E|CS|TAMS 0x00000000e7600000, 0x00000000e7600000| Complete 
| 119|0x00000000e7700000, 0x00000000e7800000, 0x00000000e7800000|100%| E|CS|TAMS 0x00000000e7700000, 0x00000000e7700000| Complete 
| 120|0x00000000e7800000, 0x00000000e7900000, 0x00000000e7900000|100%| E|CS|TAMS 0x00000000e7800000, 0x00000000e7800000| Complete 
| 121|0x00000000e7900000, 0x00000000e7a00000, 0x00000000e7a00000|100%| E|CS|TAMS 0x00000000e7900000, 0x00000000e7900000| Complete 
| 122|0x00000000e7a00000, 0x00000000e7b00000, 0x00000000e7b00000|100%| E|  |TAMS 0x00000000e7a00000, 0x00000000e7a00000| Complete 
| 123|0x00000000e7b00000, 0x00000000e7c00000, 0x00000000e7c00000|100%| E|CS|TAMS 0x00000000e7b00000, 0x00000000e7b00000| Complete 
| 124|0x00000000e7c00000, 0x00000000e7d00000, 0x00000000e7d00000|100%| E|CS|TAMS 0x00000000e7c00000, 0x00000000e7c00000| Complete 
| 125|0x00000000e7d00000, 0x00000000e7e00000, 0x00000000e7e00000|100%| E|CS|TAMS 0x00000000e7d00000, 0x00000000e7d00000| Complete 
| 126|0x00000000e7e00000, 0x00000000e7f00000, 0x00000000e7f00000|100%| E|CS|TAMS 0x00000000e7e00000, 0x00000000e7e00000| Complete 
| 127|0x00000000e7f00000, 0x00000000e8000000, 0x00000000e8000000|100%| E|CS|TAMS 0x00000000e7f00000, 0x00000000e7f00000| Complete 

Card table byte_map: [0x0000026e75c10000,0x0000026e75d10000] _byte_map_base: 0x0000026e75510000

Marking Bits (Prev, Next): (CMBitMap*) 0x0000026e6d821a68, (CMBitMap*) 0x0000026e6d821aa8
 Prev Bits: [0x0000026e75e10000, 0x0000026e76610000)
 Next Bits: [0x0000026e76610000, 0x0000026e76e10000)

Polling page: 0x0000026e6b6b0000

Metaspace:

Usage:
  Non-class:     13.99 MB capacity,    13.77 MB ( 98%) used,   187.74 KB (  1%) free+waste,    39.25 KB ( <1%) overhead. 
      Class:      1.86 MB capacity,     1.71 MB ( 92%) used,   129.36 KB (  7%) free+waste,    20.88 KB (  1%) overhead. 
       Both:     15.85 MB capacity,    15.48 MB ( 98%) used,   317.10 KB (  2%) free+waste,    60.13 KB ( <1%) overhead. 

Virtual space:
  Non-class space:       14.00 MB reserved,      14.00 MB (100%) committed 
      Class space:        1.00 GB reserved,       1.88 MB ( <1%) committed 
             Both:        1.01 GB reserved,      15.88 MB (  2%) committed 

Chunk freelists:
   Non-Class:  896 bytes
       Class:  2.25 KB
        Both:  3.13 KB

CodeHeap 'non-profiled nmethods': size=120064Kb used=772Kb max_used=853Kb free=119291Kb
 bounds [0x0000026e07ac0000, 0x0000026e07d30000, 0x0000026e0f000000]
CodeHeap 'profiled nmethods': size=120000Kb used=3788Kb max_used=4327Kb free=116211Kb
 bounds [0x0000026e00590000, 0x0000026e009d0000, 0x0000026e07ac0000]
CodeHeap 'non-nmethods': size=5696Kb used=1308Kb max_used=1324Kb free=4387Kb
 bounds [0x0000026e00000000, 0x0000026e00270000, 0x0000026e00590000]
 total_blobs=3320 nmethods=1981 adapters=621
 compilation: enabled
              stopped_count=0, restarted_count=0
 full_count=0

Compilation events (10 events):
Event: 3.265 Thread 0x0000026e793df800 2091       3       java.util.zip.ZipUtils::LOCSIG (6 bytes)
Event: 3.265 Thread 0x0000026e7acbc000 nmethod 2085 0x0000026e07b88d90 code [0x0000026e07b88f60, 0x0000026e07b89448]
Event: 3.265 Thread 0x0000026e7acbc000 2090   !   4       java.util.zip.ZipFile::getEntry (73 bytes)
Event: 3.265 Thread 0x0000026e793df800 nmethod 2091 0x0000026e0064aa90 code [0x0000026e0064ac60, 0x0000026e0064af78]
Event: 3.275 Thread 0x0000026e7acbc000 nmethod 2090 0x0000026e07b89690 code [0x0000026e07b89860, 0x0000026e07b8a018]
Event: 3.275 Thread 0x0000026e7acbc000 2092       4       sun.awt.image.ByteInterleavedRaster::putByteData (834 bytes)
Event: 3.290 Thread 0x0000026e7acbc000 nmethod 2092 0x0000026e07b8a490 code [0x0000026e07b8a660, 0x0000026e07b8adf8]
Event: 3.296 Thread 0x0000026e7acbc000 2093   !   4       jdk.internal.loader.URLClassPath$JarLoader::getResource (65 bytes)
Event: 3.299 Thread 0x0000026e793df800 2094       3       java.util.ArrayDeque::add (7 bytes)
Event: 3.299 Thread 0x0000026e793df800 nmethod 2094 0x0000026e0064a610 code [0x0000026e0064a7e0, 0x0000026e0064a9b0]

GC Heap History (2 events):
Event: 1.528 GC heap before
{Heap before GC invocations=0 (full 0):
 garbage-first heap   total 131072K, used 15360K [0x00000000e0000000, 0x0000000100000000)
  region size 1024K, 14 young (14336K), 0 survivors (0K)
 Metaspace       used 9666K, capacity 10042K, committed 10240K, reserved 1058816K
  class space    used 1046K, capacity 1185K, committed 1280K, reserved 1048576K
}
Event: 1.542 GC heap after
{Heap after GC invocations=1 (full 0):
 garbage-first heap   total 131072K, used 4823K [0x00000000e0000000, 0x0000000100000000)
  region size 1024K, 2 young (2048K), 2 survivors (2048K)
 Metaspace       used 9666K, capacity 10042K, committed 10240K, reserved 1058816K
  class space    used 1046K, capacity 1185K, committed 1280K, reserved 1048576K
}

Deoptimization events (10 events):
Event: 2.874 Thread 0x0000026e7ac1c800 Uncommon trap: reason=unstable_if action=reinterpret pc=0x0000026e07b5b9e8 method=java.awt.image.AreaAveragingScaleFilter.accumPixels(IIIILjava/awt/image/ColorModel;Ljava/lang/Object;II)V @ 183 c2
Event: 3.002 Thread 0x0000026e6d7fa000 Uncommon trap: reason=unstable_if action=reinterpret pc=0x0000026e07b52664 method=sun.font.FontDesignMetrics.getMetrics(Ljava/awt/Font;Ljava/awt/font/FontRenderContext;)Lsun/font/FontDesignMetrics; @ 206 c2
Event: 3.012 Thread 0x0000026e6d7fa000 Uncommon trap: reason=unstable_if action=reinterpret pc=0x0000026e07b42c84 method=java.awt.Font.hashCode()I @ 4 c2
Event: 3.082 Thread 0x0000026e6d7fa000 Uncommon trap: reason=unstable_if action=reinterpret pc=0x0000026e07b4a46c method=sun.font.FontDesignMetrics.getMetrics(Ljava/awt/Font;Ljava/awt/font/FontRenderContext;)Lsun/font/FontDesignMetrics; @ 206 c2
Event: 3.082 Thread 0x0000026e6d7fa000 Uncommon trap: reason=unstable_if action=reinterpret pc=0x0000026e07b4ec1c method=sun.font.FontDesignMetrics.getMetrics(Ljava/awt/Font;Ljava/awt/font/FontRenderContext;)Lsun/font/FontDesignMetrics; @ 206 c2
Event: 3.178 Thread 0x0000026e6d7fa000 Uncommon trap: reason=profile_predicate action=maybe_recompile pc=0x0000026e07b76e68 method=javax.swing.GroupLayout$Group.calculateSize(II)I @ 71 c2
Event: 3.178 Thread 0x0000026e6d7fa000 Uncommon trap: reason=profile_predicate action=maybe_recompile pc=0x0000026e07b76e68 method=javax.swing.GroupLayout$Group.calculateSize(II)I @ 71 c2
Event: 3.178 Thread 0x0000026e6d7fa000 Uncommon trap: reason=profile_predicate action=maybe_recompile pc=0x0000026e07b76e68 method=javax.swing.GroupLayout$Group.calculateSize(II)I @ 71 c2
Event: 3.178 Thread 0x0000026e6d7fa000 Uncommon trap: reason=profile_predicate action=maybe_recompile pc=0x0000026e07b76e68 method=javax.swing.GroupLayout$Group.calculateSize(II)I @ 71 c2
Event: 3.202 Thread 0x0000026e6d7fa000 Uncommon trap: reason=unstable_if action=reinterpret pc=0x0000026e07b0f6b8 method=java.io.BufferedReader.readLine(Z)Ljava/lang/String; @ 160 c2

Classes redefined (0 events):
No events

Internal exceptions (10 events):
Event: 1.058 Thread 0x0000026e6d7fa000 Exception <a 'java/lang/ClassNotFoundException'{0x00000000e7884330}: com/sun/swing/internal/plaf/basic/resources/spi/basicProvider> (0x00000000e7884330) thrown at [t:/workspace/open/src/hotspot/share/classfile/systemDictionary.cpp, line 235]
Event: 1.133 Thread 0x0000026e6d7fa000 Exception <a 'java/lang/NoSuchMethodError'{0x00000000e77151a8}: java.lang.invoke.DirectMethodHandle$Holder.invokeStaticInit(Ljava/lang/Object;)V> (0x00000000e77151a8) thrown at [t:/workspace/open/src/hotspot/share/interpreter/linkResolver.cpp, line 777]
Event: 1.172 Thread 0x0000026e6d7fa000 Exception <a 'java/lang/NoSuchMethodError'{0x00000000e77a2468}: java.lang.invoke.Invokers$Holder.linkToTargetMethod(Ljava/lang/Object;ILjava/lang/Object;)Ljava/lang/Object;> (0x00000000e77a2468) thrown at [t:/workspace/open/src/hotspot/share/interpreter/l
Event: 1.765 Thread 0x0000026e7ac83000 Implicit null exception at 0x0000026e07b084a2 to 0x0000026e07b08926
Event: 1.765 Thread 0x0000026e7ac83000 Implicit null exception at 0x0000026e07b077a2 to 0x0000026e07b07c1e
Event: 2.180 Thread 0x0000026e6d7fa000 Exception <a 'java/lang/NoSuchMethodError'{0x00000000e784a548}: java.lang.invoke.DirectMethodHandle$Holder.invokeStatic(Ljava/lang/Object;Ljava/lang/Object;Ljava/lang/Object;Ljava/lang/Object;Ljava/lang/Object;Ljava/lang/Object;Ljava/lang/Object;Ljava/lan
Event: 2.183 Thread 0x0000026e6d7fa000 Exception <a 'java/lang/NoSuchMethodError'{0x00000000e78564f0}: java.lang.invoke.DirectMethodHandle$Holder.invokeStatic(Ljava/lang/Object;Ljava/lang/Object;Ljava/lang/Object;Ljava/lang/Object;Ljava/lang/Object;Ljava/lang/Object;Ljava/lang/Object;Ljava/lan
Event: 2.190 Thread 0x0000026e6d7fa000 Exception <a 'java/lang/NoSuchMethodError'{0x00000000e78626d0}: java.lang.invoke.DirectMethodHandle$Holder.invokeSpecial(Ljava/lang/Object;Ljava/lang/Object;JLjava/lang/Object;Ljava/lang/Object;Ljava/lang/Object;Ljava/lang/Object;)Ljava/lang/Object;> (0x0
Event: 2.191 Thread 0x0000026e6d7fa000 Exception <a 'java/lang/NoSuchMethodError'{0x00000000e7865868}: java.lang.invoke.DelegatingMethodHandle$Holder.reinvoke_L(Ljava/lang/Object;JLjava/lang/Object;Ljava/lang/Object;Ljava/lang/Object;Ljava/lang/Object;)Ljava/lang/Object;> (0x00000000e7865868) 
Event: 2.193 Thread 0x0000026e6d7fa000 Exception <a 'java/lang/NoSuchMethodError'{0x00000000e7876130}: java.lang.invoke.DirectMethodHandle$Holder.invokeStatic(Ljava/lang/Object;Ljava/lang/Object;Ljava/lang/Object;Ljava/lang/Object;J)Ljava/lang/Object;> (0x00000000e7876130) thrown at [t:/worksp

Events (10 events):
Event: 3.299 loading class jssc/SerialPort$EventThread
Event: 3.299 loading class jssc/SerialPort$EventThread done
Event: 3.300 Executing VM operation: RevokeBias
Event: 3.300 Executing VM operation: RevokeBias done
Event: 3.300 loading class jssc/SerialPort$LinuxEventThread
Event: 3.300 loading class jssc/SerialPort$LinuxEventThread done
Event: 3.301 loading class jssc/SerialPortTimeoutException
Event: 3.301 loading class jssc/SerialPortTimeoutException done
Event: 3.302 Executing VM operation: RevokeBias
Event: 3.302 Executing VM operation: RevokeBias done


Dynamic libraries:
0x00007ff72e3d0000 - 0x00007ff72e3df000 	C:\Program Files\Java\jdk-12.0.2\bin\java.exe
0x00007ff8adef0000 - 0x00007ff8ae0e6000 	C:\WINDOWS\SYSTEM32\ntdll.dll
0x00007ff8ac110000 - 0x00007ff8ac1cd000 	C:\WINDOWS\System32\KERNEL32.DLL
0x00007ff8ab850000 - 0x00007ff8abb18000 	C:\WINDOWS\System32\KERNELBASE.dll
0x00007ff8abde0000 - 0x00007ff8abee0000 	C:\WINDOWS\System32\ucrtbase.dll
0x00007ff89ddf0000 - 0x00007ff89de06000 	C:\Program Files\Java\jdk-12.0.2\bin\VCRUNTIME140.dll
0x00007ff8a63e0000 - 0x00007ff8a63f8000 	C:\Program Files\Java\jdk-12.0.2\bin\jli.dll
0x00007ff8ac440000 - 0x00007ff8ac4ea000 	C:\WINDOWS\System32\ADVAPI32.dll
0x00007ff8ac070000 - 0x00007ff8ac10e000 	C:\WINDOWS\System32\msvcrt.dll
0x00007ff8ac580000 - 0x00007ff8ac61b000 	C:\WINDOWS\System32\sechost.dll
0x00007ff8ad050000 - 0x00007ff8ad174000 	C:\WINDOWS\System32\RPCRT4.dll
0x00007ff8ac2a0000 - 0x00007ff8ac440000 	C:\WINDOWS\System32\USER32.dll
0x00007ff8abdb0000 - 0x00007ff8abdd2000 	C:\WINDOWS\System32\win32u.dll
0x00007ff89bb70000 - 0x00007ff89be0b000 	C:\WINDOWS\WinSxS\amd64_microsoft.windows.common-controls_6595b64144ccf1df_6.0.19041.488_none_ca04af081b815d21\COMCTL32.dll
0x00007ff8acf20000 - 0x00007ff8acf4a000 	C:\WINDOWS\System32\GDI32.dll
0x00007ff8ab6e0000 - 0x00007ff8ab7e9000 	C:\WINDOWS\System32\gdi32full.dll
0x00007ff8ab640000 - 0x00007ff8ab6dd000 	C:\WINDOWS\System32\msvcp_win.dll
0x00007ff8aa4e0000 - 0x00007ff8aa4ea000 	C:\WINDOWS\SYSTEM32\VERSION.dll
0x00007ff8ad000000 - 0x00007ff8ad030000 	C:\WINDOWS\System32\IMM32.DLL
0x00007ff871a60000 - 0x00007ff871b0a000 	C:\Program Files\Java\jdk-12.0.2\bin\msvcp140.dll
0x00007ff840dc0000 - 0x00007ff841937000 	C:\Program Files\Java\jdk-12.0.2\bin\server\jvm.dll
0x00007ff8abfd0000 - 0x00007ff8abfd8000 	C:\WINDOWS\System32\PSAPI.DLL
0x00007ff895510000 - 0x00007ff895519000 	C:\WINDOWS\SYSTEM32\WSOCK32.dll
0x00007ff89c990000 - 0x00007ff89c9b7000 	C:\WINDOWS\SYSTEM32\WINMM.dll
0x00007ff8acd20000 - 0x00007ff8acd8b000 	C:\WINDOWS\System32\WS2_32.dll
0x00007ff8aa4a0000 - 0x00007ff8aa4b2000 	C:\WINDOWS\SYSTEM32\kernel.appcore.dll
0x00007ff879e00000 - 0x00007ff879e11000 	C:\Program Files\Java\jdk-12.0.2\bin\verify.dll
0x00007ff892350000 - 0x00007ff892534000 	C:\WINDOWS\SYSTEM32\DBGHELP.DLL
0x00007ff892320000 - 0x00007ff89234c000 	C:\WINDOWS\SYSTEM32\dbgcore.DLL
0x00007ff8abb20000 - 0x00007ff8abb9f000 	C:\WINDOWS\System32\bcryptPrimitives.dll
0x00007ff89b430000 - 0x00007ff89b456000 	C:\Program Files\Java\jdk-12.0.2\bin\java.dll
0x00007ff873aa0000 - 0x00007ff873ab7000 	C:\Program Files\Java\jdk-12.0.2\bin\zip.dll
0x00007ff8a4ec0000 - 0x00007ff8a4eca000 	C:\Program Files\Java\jdk-12.0.2\bin\jimage.dll
0x00007ff8ad540000 - 0x00007ff8adc80000 	C:\WINDOWS\System32\SHELL32.dll
0x00007ff8a9d00000 - 0x00007ff8aa494000 	C:\WINDOWS\SYSTEM32\windows.storage.dll
0x00007ff8ad1e0000 - 0x00007ff8ad535000 	C:\WINDOWS\System32\combase.dll
0x00007ff8aafe0000 - 0x00007ff8ab00c000 	C:\WINDOWS\SYSTEM32\Wldp.dll
0x00007ff8acf50000 - 0x00007ff8acffe000 	C:\WINDOWS\System32\SHCORE.dll
0x00007ff8ade50000 - 0x00007ff8adea5000 	C:\WINDOWS\System32\shlwapi.dll
0x00007ff8ab570000 - 0x00007ff8ab596000 	C:\WINDOWS\SYSTEM32\profapi.dll
0x00007ff873bd0000 - 0x00007ff873be9000 	C:\Program Files\Java\jdk-12.0.2\bin\net.dll
0x00007ff89a920000 - 0x00007ff89ab0d000 	C:\WINDOWS\SYSTEM32\urlmon.dll
0x00007ff89b9d0000 - 0x00007ff89bad0000 	C:\WINDOWS\SYSTEM32\WINHTTP.dll
0x00007ff899490000 - 0x00007ff899740000 	C:\WINDOWS\SYSTEM32\iertutil.dll
0x00007ff8aadd0000 - 0x00007ff8aae3a000 	C:\WINDOWS\system32\mswsock.dll
0x00007ff873bb0000 - 0x00007ff873bc3000 	C:\Program Files\Java\jdk-12.0.2\bin\nio.dll
0x00007ff871b10000 - 0x00007ff871caf000 	C:\Program Files\Java\jdk-12.0.2\bin\awt.dll
0x00007ff8ac1d0000 - 0x00007ff8ac29d000 	C:\WINDOWS\System32\OLEAUT32.dll
0x00007ff8a7c90000 - 0x00007ff8a8250000 	C:\WINDOWS\SYSTEM32\d2d1.dll
0x00007ff8a8d50000 - 0x00007ff8a8de0000 	C:\WINDOWS\SYSTEM32\apphelp.dll
0x00007ff8ab340000 - 0x00007ff8ab358000 	C:\WINDOWS\SYSTEM32\CRYPTSP.dll
0x00007ff8aa710000 - 0x00007ff8aa744000 	C:\WINDOWS\system32\rsaenh.dll
0x00007ff8abf30000 - 0x00007ff8abf57000 	C:\WINDOWS\System32\bcrypt.dll
0x00007ff8ab530000 - 0x00007ff8ab55e000 	C:\WINDOWS\SYSTEM32\USERENV.dll
0x00007ff8aaf50000 - 0x00007ff8aaf5c000 	C:\WINDOWS\SYSTEM32\CRYPTBASE.dll
0x00007ff8aaa90000 - 0x00007ff8aaacb000 	C:\WINDOWS\SYSTEM32\IPHLPAPI.DLL
0x00007ff8abf60000 - 0x00007ff8abf69000 	C:\WINDOWS\System32\NSI.dll
0x00007ff89e290000 - 0x00007ff89e2a7000 	C:\WINDOWS\SYSTEM32\dhcpcsvc6.DLL
0x00007ff8a3220000 - 0x00007ff8a323d000 	C:\WINDOWS\SYSTEM32\dhcpcsvc.DLL
0x00007ff8aaae0000 - 0x00007ff8aabab000 	C:\WINDOWS\SYSTEM32\DNSAPI.dll
0x00007ff890440000 - 0x00007ff89046d000 	C:\Program Files\Java\jdk-12.0.2\bin\javajpeg.dll
0x00007ff8a90f0000 - 0x00007ff8a911f000 	C:\WINDOWS\system32\DWMAPI.DLL
0x00007ff8a8e80000 - 0x00007ff8a8f1f000 	C:\WINDOWS\system32\uxtheme.dll
0x00007ff883480000 - 0x00007ff8835a5000 	C:\WINDOWS\system32\opengl32.dll
0x00007ff8835e0000 - 0x00007ff88360c000 	C:\WINDOWS\SYSTEM32\GLU32.dll
0x00007ff8adc80000 - 0x00007ff8add95000 	C:\WINDOWS\System32\MSCTF.dll
0x00007ff8acdf0000 - 0x00007ff8acf1a000 	C:\WINDOWS\System32\ole32.dll
0x00007ff871d20000 - 0x00007ff871da0000 	C:\Program Files\Java\jdk-12.0.2\bin\freetype.dll
0x00007ff870330000 - 0x00007ff8703db000 	C:\Program Files\Java\jdk-12.0.2\bin\fontmanager.dll
0x00007ff8adda0000 - 0x00007ff8ade49000 	C:\WINDOWS\System32\clbcatq.dll
0x00007ff8a5270000 - 0x00007ff8a5424000 	C:\WINDOWS\SYSTEM32\WindowsCodecs.dll
0x00007ff884a40000 - 0x00007ff884a7e000 	C:\WINDOWS\system32\dataexchange.dll
0x00007ff8a7a20000 - 0x00007ff8a7c84000 	C:\WINDOWS\system32\d3d11.dll
0x00007ff8a8250000 - 0x00007ff8a8435000 	C:\WINDOWS\system32\dcomp.dll
0x00007ff8a9620000 - 0x00007ff8a9713000 	C:\WINDOWS\system32\dxgi.dll
0x00007ff8a5430000 - 0x00007ff8a5638000 	C:\WINDOWS\system32\twinapi.appcore.dll
0x0000000071100000 - 0x0000000071125000 	C:\Users\Ishmael\.jssc\windows\jSSC-2.8_x86_64.dll

dbghelp: loaded successfully - version: 4.0.5 - missing functions: none
symbol engine: initialized successfully - sym options: 0x614 - pdb path: .;C:\Program Files\Java\jdk-12.0.2\bin;C:\WINDOWS\SYSTEM32;C:\WINDOWS\WinSxS\amd64_microsoft.windows.common-controls_6595b64144ccf1df_6.0.19041.488_none_ca04af081b815d21;C:\Program Files\Java\jdk-12.0.2\bin\server;C:\Users\Ishmael\.jssc\windows

VM Arguments:
jvm_args: -Dfile.encoding=UTF-8 -Djava.library.path=C:\Users\marno\OneDrive\Documents\lib -Xmx512M 
java_command: ntnusubsea.gui.NTNUSubseaGUI
java_class_path (initial): C:\Users\Ishmael\OneDrive - NTNU\Mekka\prosjekt kode\Source code\Java code\TowedROV_GUI\PublishedVersion\lib\AbsoluteLayout.jar;C:\Users\Ishmael\OneDrive - NTNU\Mekka\prosjekt kode\Source code\Java code\TowedROV_GUI\PublishedVersion\lib\FitCSVTool.jar;C:\Users\Ishmael\OneDrive - NTNU\Mekka\prosjekt kode\Source code\Java code\TowedROV_GUI\PublishedVersion\lib\J360Controller.jar;C:\Users\Ishmael\OneDrive - NTNU\Mekka\prosjekt kode\Source code\Java code\TowedROV_GUI\PublishedVersion\lib\commons-io-2.6.jar;C:\Users\Ishmael\OneDrive - NTNU\Mekka\prosjekt kode\Source code\Java code\TowedROV_GUI\PublishedVersion\lib\commons-net-3.6.jar;C:\Users\Ishmael\OneDrive - NTNU\Mekka\prosjekt kode\Source code\Java code\TowedROV_GUI\PublishedVersion\lib\hamcrest-core-1.3.jar;C:\Users\Ishmael\OneDrive - NTNU\Mekka\prosjekt kode\Source code\Java code\TowedROV_GUI\PublishedVersion\lib\jcodec-0.2.3.jar;C:\Users\Ishmael\OneDrive - NTNU\Mekka\prosjekt kode\Source code\Java code\TowedROV_GUI\PublishedVersion\lib\jcodec-javase-0.2.3.jar;C:\Users\Ishmael\OneDrive - NTNU\Mekka\prosjekt kode\Source code\Java code\TowedROV_GUI\PublishedVersion\lib\jcommon-1.0.23.jar;C:\Users\Ishmael\OneDrive - NTNU\Mekka\prosjekt kode\Source code\Java code\TowedROV_GUI\PublishedVersion\lib\jfreechart-1.0.19-experimental.jar;C:\Users\Ishmael\OneDrive - NTNU\Mekka\prosjekt kode\Source code\Java code\TowedROV_GUI\PublishedVersion\lib\jfreechart-1.0.19-swt.jar;C:\Users\Ishmael\OneDrive - NTNU\Mekka\prosjekt kode\Source code\Java code\TowedROV_GUI\PublishedVersion\lib\jfreechart-1.0.19.jar;C:\Users\Ishmael\OneDrive - NTNU\Mekka\prosjekt kode\Source code\Java code\TowedROV_GUI\PublishedVersion\lib\jfreesvg-2.0.jar;C:\Users\Ishmael\OneDrive - NTNU\Mekka\prosjekt kode\Source code\Java code\TowedROV_GUI\PublishedVersion\lib\jssc.jar;C:\Users\Ishmael\OneDrive - NTNU\Mekka\prosjekt kode\Source code\Java code\TowedROV_GUI\PublishedVersion\lib\junit-4.11.jar;C:\Users\Ishmael\OneDrive - NTNU\Mekka
Launcher Type: SUN_STANDARD

[Global flags]
     intx CICompilerCount                          = 3                                         {product} {ergonomic}
     uint ConcGCThreads                            = 1                                         {product} {ergonomic}
     uint G1ConcRefinementThreads                  = 4                                         {product} {ergonomic}
   size_t G1HeapRegionSize                         = 1048576                                   {product} {ergonomic}
    uintx GCDrainStackTargetSize                   = 64                                        {product} {ergonomic}
   size_t InitialHeapSize                          = 134217728                                 {product} {ergonomic}
   size_t MarkStackSize                            = 4194304                                   {product} {ergonomic}
   size_t MaxHeapSize                              = 536870912                                 {product} {command line}
   size_t MaxNewSize                               = 321912832                                 {product} {ergonomic}
   size_t MinHeapDeltaBytes                        = 1048576                                   {product} {ergonomic}
    uintx NonNMethodCodeHeapSize                   = 5830732                                {pd product} {ergonomic}
    uintx NonProfiledCodeHeapSize                  = 122913754                              {pd product} {ergonomic}
    uintx ProfiledCodeHeapSize                     = 122913754                              {pd product} {ergonomic}
    uintx ReservedCodeCacheSize                    = 251658240                              {pd product} {ergonomic}
     bool SegmentedCodeCache                       = true                                      {product} {ergonomic}
     bool UseCompressedClassPointers               = true                                 {lp64_product} {ergonomic}
     bool UseCompressedOops                        = true                                 {lp64_product} {ergonomic}
     bool UseG1GC                                  = true                                      {product} {ergonomic}
     bool UseLargePagesIndividualAllocation        = false                                  {pd product} {ergonomic}

Logging:
Log output configuration:
 #0: stdout all=warning uptime,level,tags
 #1: stderr all=off uptime,level,tags

Environment Variables:
_JAVA_OPTIONS=-Xmx512M
PATH=C:\WinAVR-20100110\bin;C:\WinAVR-20100110\utils\bin;C:\TwinCAT\Common64;C:\TwinCAT\Common32;C:\RoboDK\Python37\Scripts\;C:\RoboDK\Python37\;C:\Program Files (x86)\Common Files\Oracle\Java\javapath;C:\WINDOWS\system32;C:\WINDOWS;C:\WINDOWS\System32\Wbem;C:\WINDOWS\System32\WindowsPowerShell\v1.0\;C:\Program Files\Intel\WiFi\bin\;C:\Program Files\Common Files\Intel\WirelessCommon\;C:\Program Files\PuTTY\;C:\WINDOWS\System32\OpenSSH\;C:\Program Files\Git\cmd;C:\Program Files\MATLAB\R2019b\bin;C:\Program Files\nodejs\;C:\Program Files (x86)\Microsoft SQL Server\100\Tools\Binn\;C:\Program Files (x86)\Microsoft SQL Server\100\DTS\Binn\;C:\Program Files\Docker\Docker\resources\bin;C:\ProgramData\DockerDesktop\version-bin;C:\Users\Ishmael\AppData\Local\Programs\Python\Python36\Scripts\;C:\Users\Ishmael\AppData\Local\Programs\Python\Python36\;C:\Program Files\Intel\WiFi\bin\;C:\Program Files\Common Files\Intel\WirelessCommon\;C:\Users\Ishmael\AppData\Local\Microsoft\WindowsApps;C:\Users\Ishmael\AppData\Local\GitHubDesktop\bin;C:\Users\Ishmael\AppData\Roaming\npm;C:\Program Files\JetBrains\PyCharm Community Edition 2020.2.3\bin;;C:\Program Files\Algoryx\AGX-2.29.2.0\bin\x64;
USERNAME=Ishmael
OS=Windows_NT
PROCESSOR_IDENTIFIER=Intel64 Family 6 Model 78 Stepping 3, GenuineIntel



---------------  S Y S T E M  ---------------

OS: Windows 10 , 64 bit Build 19041 (10.0.19041.546)

CPU:total 4 (initial active 4) (2 cores per cpu, 2 threads per core) family 6 model 78 stepping 3, cmov, cx8, fxsr, mmx, sse, sse2, sse3, ssse3, sse4.1, sse4.2, popcnt, avx, avx2, aes, clmul, erms, 3dnowpref, lzcnt, ht, tsc, tscinvbit, bmi1, bmi2, adx, fma

Memory: 4k page, system-wide physical 8087M (1030M free)
TotalPageFile size 21399M (AvailPageFile size 9635M)
current process WorkingSet (physical memory assigned to process): 123M, peak: 125M
current process commit charge ("private bytes"): 240M, peak: 241M

vm_info: Java HotSpot(TM) 64-Bit Server VM (12.0.2+10) for windows-amd64 JRE (12.0.2+10), built on Jul 16 2019 01:56:17 by "mach5one" with MS VC++ 15.5 (VS2017)

END.
