#
# A fatal error has been detected by the Java Runtime Environment:
#
#  EXCEPTION_ACCESS_VIOLATION (0xc0000005) at pc=0x000000007110b5db, pid=2008, tid=21472
#
# JRE version: Java(TM) SE Runtime Environment (12.0.2+10) (build 12.0.2+10)
# Java VM: Java HotSpot(TM) 64-Bit Server VM (12.0.2+10, mixed mode, sharing, tiered, compressed oops, g1 gc, windows-amd64)
# Problematic frame:
# C  [jSSC-2.8_x86_64.dll+0xb5db]
#
# No core dump will be written. Minidumps are not enabled by default on client versions of Windows
#
# If you would like to submit a bug report, please visit:
#   http://bugreport.java.com/bugreport/crash.jsp
# The crash happened outside the Java Virtual Machine in native code.
# See problematic frame for where to report the bug.
#

---------------  S U M M A R Y ------------

Command Line: -Dfile.encoding=UTF-8 -Djava.library.path=C:\Users\marno\OneDrive\Documents\lib -Xmx512M ntnusubsea.gui.NTNUSubseaGUI

Host: Intel(R) Core(TM) i5-6200U CPU @ 2.30GHz, 4 cores, 7G,  Windows 10 , 64 bit Build 19041 (10.0.19041.546)
Time: Sat Oct 17 15:01:19 2020 Vest-Europa (sommertid) elapsed time: 2 seconds (0d 0h 0m 2s)

---------------  T H R E A D  ---------------

Current thread (0x0000021ffe4ac000):  JavaThread "ComPortFinder" [_thread_in_native, id=21472, stack(0x0000008e47300000,0x0000008e47400000)]

Stack: [0x0000008e47300000,0x0000008e47400000],  sp=0x0000008e473ff090,  free space=1020k
Native frames: (J=compiled Java code, j=interpreted, Vv=VM code, C=native code)
C  [jSSC-2.8_x86_64.dll+0xb5db]

Java frames: (J=compiled Java code, j=interpreted, Vv=VM code)
j  jssc.SerialNativeInterface.openPort(Ljava/lang/String;Z)J+0
j  jssc.SerialPort.openPort()Z+65
j  basestation_rov.SerialDataHandler.findComPorts()V+159
j  ntnusubsea.gui.ComPortFinder.run()V+35
j  java.lang.Thread.run()V+11 java.base@12.0.2
v  ~StubRoutines::call_stub

siginfo: EXCEPTION_ACCESS_VIOLATION (0xc0000005), reading address 0xffffffffffaf8e3f


Register to memory mapping:

RIP=0x000000007110b5db jSSC-2.8_x86_64.dll
RAX=0xffffffffffaf8e3f is an unknown value
RBX=0x0000008e473ff100 is pointing into the stack for thread: 0x0000021ffe4ac000
RCX=0x00007ff8adf8bf74 ntdll.dll
RDX=0x0 is NULL
RSP=0x0000008e473ff090 is pointing into the stack for thread: 0x0000021ffe4ac000
RBP=0x0000008e473ff210 is pointing into the stack for thread: 0x0000021ffe4ac000
RSI=0x0000021ffe4ac330 points into unknown readable memory: f0 4d 7d 41 f8 7f 00 00
RDI=0x0000000000000870 is an unknown value
R8 =0x0000008e473fef88 is pointing into the stack for thread: 0x0000021ffe4ac000
R9 =0x0000008e473ff080 is pointing into the stack for thread: 0x0000021ffe4ac000
R10=0x0 is NULL
R11=0x0000000000000246 is an unknown value
R12=0x0000008e473ff2c8 is pointing into the stack for thread: 0x0000021ffe4ac000
R13=0x0000021ffe470220 points into unknown readable memory: 00 00 00 00 08 00 00 00
R14=0x0000008e473ff1c0 is pointing into the stack for thread: 0x0000021ffe4ac000
R15=0x0000021ffe4ac000 is a thread


Registers:
RAX=0xffffffffffaf8e3f, RBX=0x0000008e473ff100, RCX=0x00007ff8adf8bf74, RDX=0x0000000000000000
RSP=0x0000008e473ff090, RBP=0x0000008e473ff210, RSI=0x0000021ffe4ac330, RDI=0x0000000000000870
R8 =0x0000008e473fef88, R9 =0x0000008e473ff080, R10=0x0000000000000000, R11=0x0000000000000246
R12=0x0000008e473ff2c8, R13=0x0000021ffe470220, R14=0x0000008e473ff1c0, R15=0x0000021ffe4ac000
RIP=0x000000007110b5db, EFLAGS=0x0000000000010202

Top of Stack: (sp=0x0000008e473ff090)
0x0000008e473ff090:   0000021ffd89c110 0000021ffe470120
0x0000008e473ff0a0:   000000007110b230 0000021fee440000
0x0000008e473ff0b0:   0000021fee410000 0000000000000004
0x0000008e473ff0c0:   0000021ffe4ac330 0000000000000870
0x0000008e473ff0d0:   0000008e473ff210 0000000071112590
0x0000008e473ff0e0:   0000021ffe4ac000 0000008e473ff1c0
0x0000008e473ff0f0:   0000021ffe470220 0000008e473ff2c8
0x0000008e473ff100:   0000021ffe470220 00007ff8adf05d21
0x0000008e473ff110:   0000008e473ff140 0000021fee440000
0x0000008e473ff120:   0000008e473ff210 0000000000000000
0x0000008e473ff130:   0000000071113500 0000000071113be8
0x0000008e473ff140:   0000008e473ff170 0000000071112641
0x0000008e473ff150:   0000008e473ff0e0 0000021ffe4ac330
0x0000008e473ff160:   0000000000000000 0000000000000000
0x0000008e473ff170:   0000008e473ff210 0000000071101595
0x0000008e473ff180:   000000000000001c 0000021f00000000 

Instructions: (pc=0x000000007110b5db)
0x000000007110b4db:   48 85 c0 74 bf 44 8b 03 45 85 c0 0f 84 77 ff ff
0x000000007110b4eb:   ff eb 9f 66 90 e8 8b fe ff ff 48 89 05 0c 34 01
0x000000007110b4fb:   00 eb ad 66 90 e8 7b fe ff ff 48 89 05 fc 33 01
0x000000007110b50b:   00 eb 8b e8 8d fe ff ff c7 03 01 00 00 00 e9 6f
0x000000007110b51b:   ff ff ff 66 90 55 48 89 e5 56 53 48 83 ec 20 48
0x000000007110b52b:   8b 05 d7 33 01 00 48 8b 31 48 89 cb 48 85 c0 74
0x000000007110b53b:   56 44 8b 18 45 85 db 78 42 48 8b 05 bd 33 01 00
0x000000007110b54b:   48 85 c0 74 50 44 8b 10 45 85 d2 74 1d 48 89 f1
0x000000007110b55b:   e8 d0 fd ff ff 48 8b 13 48 8d 42 40 48 8b 48 08
0x000000007110b56b:   48 8b 6a 40 48 8b 60 10 ff e1 48 8b 05 9c 33 01
0x000000007110b57b:   00 48 85 c0 74 2d 48 89 30 eb da e8 b5 fe ff ff
0x000000007110b58b:   0f 1f 44 00 00 eb b2 e8 e9 fd ff ff 48 89 05 6a
0x000000007110b59b:   33 01 00 eb 9c e8 db fd ff ff 48 89 05 5c 33 01
0x000000007110b5ab:   00 eb a2 e8 3d fd ff ff 48 89 05 5e 33 01 00 eb
0x000000007110b5bb:   c5 0f 1f 40 00 55 57 56 53 48 83 ec 28 48 8b 05
0x000000007110b5cb:   39 33 01 00 48 89 cb 48 85 c0 0f 84 c5 00 00 00
0x000000007110b5db:   8b 38 85 ff 0f 88 ab 00 00 00 48 8b 05 1c 33 01
0x000000007110b5eb:   00 48 85 c0 0f 84 bc 00 00 00 8b 30 85 f6 74 57
0x000000007110b5fb:   48 8b 05 0e 33 01 00 48 85 c0 0f 84 e5 00 00 00
0x000000007110b60b:   8b 28 48 8b 35 10 5e 01 00 ff d6 89 c7 89 e9 ff
0x000000007110b61b:   15 f4 5e 01 00 89 f9 48 89 c5 ff 15 b9 5e 01 00
0x000000007110b62b:   48 8b 05 de 32 01 00 48 89 2b 48 85 c0 74 46 48
0x000000007110b63b:   89 da 8b 08 ff 15 d7 5e 01 00 85 c0 74 27 48 83
0x000000007110b64b:   c4 28 5b 5e 5f 5d c3 48 8b 05 bf 32 01 00 48 85
0x000000007110b65b:   c0 74 64 48 8b 10 48 89 13 48 89 18 48 83 c4 28
0x000000007110b66b:   5b 5e 5f 5d c3 48 89 f2 48 83 c4 28 5b 5e 5f 5d
0x000000007110b67b:   48 ff e2 66 90 e8 8b fc ff ff 48 89 05 84 32 01
0x000000007110b68b:   00 eb ac 66 90 e8 ab fd ff ff e9 4b ff ff ff 66
0x000000007110b69b:   0f 1f 44 00 00 e8 db fc ff ff 48 89 05 5c 32 01
0x000000007110b6ab:   00 e9 2a ff ff ff e8 ca fc ff ff 48 89 05 4b 32
0x000000007110b6bb:   01 00 e9 33 ff ff ff e8 29 fc ff ff 48 89 05 4a
0x000000007110b6cb:   32 01 00 48 8b 10 48 85 c0 48 89 13 75 8b e8 12 


Stack slot to memory mapping:
stack at sp + 0 slots: 0x0000021ffd89c110 points into unknown readable memory: 5c 00 5c 00 2e 00 5c 00
stack at sp + 1 slots: 0x0000021ffe470120 points into unknown readable memory: 20 9a 96 fd 1f 02 00 00
stack at sp + 2 slots: 0x000000007110b230 jSSC-2.8_x86_64.dll
stack at sp + 3 slots: 0x0000021fee440000 points into unknown readable memory: 00 00 00 00 00 00 00 00
stack at sp + 4 slots: 0x0000021fee410000 points into unknown readable memory: 00 00 00 00 00 00 00 00
stack at sp + 5 slots: 0x0000000000000004 is an unknown value
stack at sp + 6 slots: 0x0000021ffe4ac330 points into unknown readable memory: f0 4d 7d 41 f8 7f 00 00
stack at sp + 7 slots: 0x0000000000000870 is an unknown value


---------------  P R O C E S S  ---------------

Threads class SMR info:
_java_thread_list=0x0000021ffda60730, length=25, elements={
0x0000021ffc065800, 0x0000021ffc067800, 0x0000021ffc07f000, 0x0000021ffc080000,
0x0000021ffc082000, 0x0000021ffc089800, 0x0000021ffc094800, 0x0000021ffcb17800,
0x0000021ffcb18000, 0x0000021ffce06800, 0x0000021ffcde5800, 0x0000021ffcdff800,
0x0000021ffd47a800, 0x0000021ffda00000, 0x0000021ffe4ae000, 0x0000021ffd962000,
0x0000021ffd962800, 0x0000021ffe728800, 0x0000021ffe4ac000, 0x0000021ffd86f000,
0x0000021ffd86e800, 0x0000021ffd86d800, 0x0000021ffd870000, 0x0000021ffd871000,
0x0000021ffd871800
}

Java Threads: ( => current thread )
  0x0000021ffc065800 JavaThread "Reference Handler" daemon [_thread_blocked, id=6780, stack(0x0000008e45900000,0x0000008e45a00000)]
  0x0000021ffc067800 JavaThread "Finalizer" daemon [_thread_blocked, id=1244, stack(0x0000008e45a00000,0x0000008e45b00000)]
  0x0000021ffc07f000 JavaThread "Signal Dispatcher" daemon [_thread_blocked, id=17728, stack(0x0000008e45b00000,0x0000008e45c00000)]
  0x0000021ffc080000 JavaThread "Attach Listener" daemon [_thread_blocked, id=13568, stack(0x0000008e45c00000,0x0000008e45d00000)]
  0x0000021ffc082000 JavaThread "C2 CompilerThread0" daemon [_thread_in_native, id=20528, stack(0x0000008e45d00000,0x0000008e45e00000)]
  0x0000021ffc089800 JavaThread "C1 CompilerThread0" daemon [_thread_blocked, id=1792, stack(0x0000008e45e00000,0x0000008e45f00000)]
  0x0000021ffc094800 JavaThread "Sweeper thread" daemon [_thread_blocked, id=14260, stack(0x0000008e45f00000,0x0000008e46000000)]
  0x0000021ffcb17800 JavaThread "Service Thread" daemon [_thread_blocked, id=1120, stack(0x0000008e46000000,0x0000008e46100000)]
  0x0000021ffcb18000 JavaThread "Common-Cleaner" daemon [_thread_blocked, id=21496, stack(0x0000008e46200000,0x0000008e46300000)]
  0x0000021ffce06800 JavaThread "Java2D Disposer" daemon [_thread_blocked, id=14732, stack(0x0000008e46300000,0x0000008e46400000)]
  0x0000021ffcde5800 JavaThread "AWT-Shutdown" [_thread_blocked, id=3628, stack(0x0000008e46400000,0x0000008e46500000)]
  0x0000021ffcdff800 JavaThread "AWT-Windows" daemon [_thread_in_native, id=10728, stack(0x0000008e46500000,0x0000008e46600000)]
  0x0000021ffd47a800 JavaThread "AWT-EventQueue-0" [_thread_in_native, id=19732, stack(0x0000008e46600000,0x0000008e46700000)]
  0x0000021ffda00000 JavaThread "Image Fetcher 0" daemon [_thread_blocked, id=4008, stack(0x0000008e46b00000,0x0000008e46c00000)]
  0x0000021ffe4ae000 JavaThread "Image Fetcher 1" daemon [_thread_blocked, id=7184, stack(0x0000008e46c00000,0x0000008e46d00000)]
  0x0000021ffd962000 JavaThread "pool-1-thread-1" [_thread_blocked, id=9556, stack(0x0000008e47000000,0x0000008e47100000)]
  0x0000021ffd962800 JavaThread "pool-1-thread-2" [_thread_blocked, id=5624, stack(0x0000008e47100000,0x0000008e47200000)]
  0x0000021ffe728800 JavaThread "pool-1-thread-3" [_thread_blocked, id=16864, stack(0x0000008e47200000,0x0000008e47300000)]
=>0x0000021ffe4ac000 JavaThread "ComPortFinder" [_thread_in_native, id=21472, stack(0x0000008e47300000,0x0000008e47400000)]
  0x0000021ffd86f000 JavaThread "DestroyJavaVM" [_thread_blocked, id=21392, stack(0x0000008e45200000,0x0000008e45300000)]
  0x0000021ffd86e800 JavaThread "pool-1-thread-4" [_thread_blocked, id=12768, stack(0x0000008e47400000,0x0000008e47500000)]
  0x0000021ffd86d800 JavaThread "pool-1-thread-5" [_thread_blocked, id=8008, stack(0x0000008e47500000,0x0000008e47600000)]
  0x0000021ffd870000 JavaThread "pool-1-thread-6" [_thread_blocked, id=21100, stack(0x0000008e47600000,0x0000008e47700000)]
  0x0000021ffd871000 JavaThread "pool-1-thread-7" [_thread_blocked, id=14744, stack(0x0000008e47700000,0x0000008e47800000)]
  0x0000021ffd871800 JavaThread "pool-1-thread-8" [_thread_blocked, id=18260, stack(0x0000008e47800000,0x0000008e47900000)]

Other Threads:
  0x0000021ffc062800 VMThread "VM Thread" [stack: 0x0000008e45800000,0x0000008e45900000] [id=15624]
  0x0000021ffcb1d000 WatcherThread [stack: 0x0000008e46100000,0x0000008e46200000] [id=17688]
  0x0000021fefd6f000 GCTaskThread "GC Thread#0" [stack: 0x0000008e45300000,0x0000008e45400000] [id=17932]
  0x0000021ffda50800 GCTaskThread "GC Thread#1" [stack: 0x0000008e46800000,0x0000008e46900000] [id=14672]
  0x0000021ffd9d8800 GCTaskThread "GC Thread#2" [stack: 0x0000008e46900000,0x0000008e46a00000] [id=17556]
  0x0000021ffd921000 GCTaskThread "GC Thread#3" [stack: 0x0000008e46a00000,0x0000008e46b00000] [id=20044]
  0x0000021fefd75000 ConcurrentGCThread "G1 Main Marker" [stack: 0x0000008e45400000,0x0000008e45500000] [id=17212]
  0x0000021fefd77000 ConcurrentGCThread "G1 Conc#0" [stack: 0x0000008e45500000,0x0000008e45600000] [id=32]
  0x0000021fefe00000 ConcurrentGCThread "G1 Refine#0" [stack: 0x0000008e45600000,0x0000008e45700000] [id=13636]
  0x0000021fefe01800 ConcurrentGCThread "G1 Young RemSet Sampling" [stack: 0x0000008e45700000,0x0000008e45800000] [id=6764]

Threads with active compile tasks:
C2 CompilerThread0  2185 %     4       java.awt.image.AreaAveragingScaleFilter::accumPixels @ 63 (545 bytes)

VM state:not at safepoint (normal execution)

VM Mutex/Monitor currently owned by a thread: None

Heap address: 0x00000000e0000000, size: 512 MB, Compressed Oops mode: 32-bit
Narrow klass base: 0x0000000800000000, Narrow klass shift: 3
Compressed class space size: 1073741824 Address: 0x0000000801190000

Heap:
 garbage-first heap   total 131072K, used 35559K [0x00000000e0000000, 0x0000000100000000)
  region size 1024K, 10 young (10240K), 2 survivors (2048K)
 Metaspace       used 15895K, capacity 16327K, committed 16640K, reserved 1064960K
  class space    used 1757K, capacity 1934K, committed 2048K, reserved 1048576K
Heap Regions: E=young(eden), S=young(survivor), O=old, HS=humongous(starts), HC=humongous(continues), CS=collection set, F=free, A=archive, TAMS=top-at-mark-start (previous, next)
|   0|0x00000000e0000000, 0x00000000e0100000, 0x00000000e0100000|100%|HS|  |TAMS 0x00000000e0000000, 0x00000000e0000000| Complete 
|   1|0x00000000e0100000, 0x00000000e0200000, 0x00000000e0200000|100%|HC|  |TAMS 0x00000000e0100000, 0x00000000e0100000| Complete 
|   2|0x00000000e0200000, 0x00000000e0300000, 0x00000000e0300000|100%| O|  |TAMS 0x00000000e0200000, 0x00000000e0200000| Untracked 
|   3|0x00000000e0300000, 0x00000000e0400000, 0x00000000e0400000|100%|HS|  |TAMS 0x00000000e0300000, 0x00000000e0300000| Complete 
|   4|0x00000000e0400000, 0x00000000e0500000, 0x00000000e0500000|100%|HC|  |TAMS 0x00000000e0400000, 0x00000000e0400000| Complete 
|   5|0x00000000e0500000, 0x00000000e0600000, 0x00000000e0600000|100%| O|  |TAMS 0x00000000e0500000, 0x00000000e0500000| Untracked 
|   6|0x00000000e0600000, 0x00000000e06b9e00, 0x00000000e0700000| 72%| O|  |TAMS 0x00000000e0600000, 0x00000000e0600000| Untracked 
|   7|0x00000000e0700000, 0x00000000e0800000, 0x00000000e0800000|100%|HS|  |TAMS 0x00000000e0700000, 0x00000000e0700000| Complete 
|   8|0x00000000e0800000, 0x00000000e0900000, 0x00000000e0900000|100%|HC|  |TAMS 0x00000000e0800000, 0x00000000e0800000| Complete 
|   9|0x00000000e0900000, 0x00000000e0a00000, 0x00000000e0a00000|100%|HS|  |TAMS 0x00000000e0900000, 0x00000000e0900000| Complete 
|  10|0x00000000e0a00000, 0x00000000e0b00000, 0x00000000e0b00000|100%|HC|  |TAMS 0x00000000e0a00000, 0x00000000e0a00000| Complete 
|  11|0x00000000e0b00000, 0x00000000e0c00000, 0x00000000e0c00000|100%|HC|  |TAMS 0x00000000e0b00000, 0x00000000e0b00000| Complete 
|  12|0x00000000e0c00000, 0x00000000e0d00000, 0x00000000e0d00000|100%|HS|  |TAMS 0x00000000e0c00000, 0x00000000e0c00000| Complete 
|  13|0x00000000e0d00000, 0x00000000e0e00000, 0x00000000e0e00000|100%|HC|  |TAMS 0x00000000e0d00000, 0x00000000e0d00000| Complete 
|  14|0x00000000e0e00000, 0x00000000e0f00000, 0x00000000e0f00000|100%|HC|  |TAMS 0x00000000e0e00000, 0x00000000e0e00000| Complete 
|  15|0x00000000e0f00000, 0x00000000e1000000, 0x00000000e1000000|100%|HS|  |TAMS 0x00000000e0f00000, 0x00000000e0f00000| Complete 
|  16|0x00000000e1000000, 0x00000000e1100000, 0x00000000e1100000|100%|HC|  |TAMS 0x00000000e1000000, 0x00000000e1000000| Complete 
|  17|0x00000000e1100000, 0x00000000e1200000, 0x00000000e1200000|100%|HC|  |TAMS 0x00000000e1100000, 0x00000000e1100000| Complete 
|  18|0x00000000e1200000, 0x00000000e1300000, 0x00000000e1300000|100%|HS|  |TAMS 0x00000000e1200000, 0x00000000e1200000| Complete 
|  19|0x00000000e1300000, 0x00000000e1400000, 0x00000000e1400000|100%|HC|  |TAMS 0x00000000e1300000, 0x00000000e1300000| Complete 
|  20|0x00000000e1400000, 0x00000000e1500000, 0x00000000e1500000|100%|HC|  |TAMS 0x00000000e1400000, 0x00000000e1400000| Complete 
|  21|0x00000000e1500000, 0x00000000e1600000, 0x00000000e1600000|100%|HC|  |TAMS 0x00000000e1500000, 0x00000000e1500000| Complete 
|  22|0x00000000e1600000, 0x00000000e1700000, 0x00000000e1700000|100%|HC|  |TAMS 0x00000000e1600000, 0x00000000e1600000| Complete 
|  23|0x00000000e1700000, 0x00000000e1800000, 0x00000000e1800000|100%|HC|  |TAMS 0x00000000e1700000, 0x00000000e1700000| Complete 
|  24|0x00000000e1800000, 0x00000000e1900000, 0x00000000e1900000|100%|HC|  |TAMS 0x00000000e1800000, 0x00000000e1800000| Complete 
|  25|0x00000000e1900000, 0x00000000e1a00000, 0x00000000e1a00000|100%|HC|  |TAMS 0x00000000e1900000, 0x00000000e1900000| Complete 
|  26|0x00000000e1a00000, 0x00000000e1a00000, 0x00000000e1b00000|  0%| F|  |TAMS 0x00000000e1a00000, 0x00000000e1a00000| Untracked 
|  27|0x00000000e1b00000, 0x00000000e1b00000, 0x00000000e1c00000|  0%| F|  |TAMS 0x00000000e1b00000, 0x00000000e1b00000| Untracked 
|  28|0x00000000e1c00000, 0x00000000e1c00000, 0x00000000e1d00000|  0%| F|  |TAMS 0x00000000e1c00000, 0x00000000e1c00000| Untracked 
|  29|0x00000000e1d00000, 0x00000000e1d00000, 0x00000000e1e00000|  0%| F|  |TAMS 0x00000000e1d00000, 0x00000000e1d00000| Untracked 
|  30|0x00000000e1e00000, 0x00000000e1e00000, 0x00000000e1f00000|  0%| F|  |TAMS 0x00000000e1e00000, 0x00000000e1e00000| Untracked 
|  31|0x00000000e1f00000, 0x00000000e1f00000, 0x00000000e2000000|  0%| F|  |TAMS 0x00000000e1f00000, 0x00000000e1f00000| Untracked 
|  32|0x00000000e2000000, 0x00000000e2000000, 0x00000000e2100000|  0%| F|  |TAMS 0x00000000e2000000, 0x00000000e2000000| Untracked 
|  33|0x00000000e2100000, 0x00000000e2100000, 0x00000000e2200000|  0%| F|  |TAMS 0x00000000e2100000, 0x00000000e2100000| Untracked 
|  34|0x00000000e2200000, 0x00000000e2200000, 0x00000000e2300000|  0%| F|  |TAMS 0x00000000e2200000, 0x00000000e2200000| Untracked 
|  35|0x00000000e2300000, 0x00000000e2300000, 0x00000000e2400000|  0%| F|  |TAMS 0x00000000e2300000, 0x00000000e2300000| Untracked 
|  36|0x00000000e2400000, 0x00000000e2400000, 0x00000000e2500000|  0%| F|  |TAMS 0x00000000e2400000, 0x00000000e2400000| Untracked 
|  37|0x00000000e2500000, 0x00000000e2500000, 0x00000000e2600000|  0%| F|  |TAMS 0x00000000e2500000, 0x00000000e2500000| Untracked 
|  38|0x00000000e2600000, 0x00000000e2600000, 0x00000000e2700000|  0%| F|  |TAMS 0x00000000e2600000, 0x00000000e2600000| Untracked 
|  39|0x00000000e2700000, 0x00000000e2700000, 0x00000000e2800000|  0%| F|  |TAMS 0x00000000e2700000, 0x00000000e2700000| Untracked 
|  40|0x00000000e2800000, 0x00000000e2800000, 0x00000000e2900000|  0%| F|  |TAMS 0x00000000e2800000, 0x00000000e2800000| Untracked 
|  41|0x00000000e2900000, 0x00000000e2900000, 0x00000000e2a00000|  0%| F|  |TAMS 0x00000000e2900000, 0x00000000e2900000| Untracked 
|  42|0x00000000e2a00000, 0x00000000e2a00000, 0x00000000e2b00000|  0%| F|  |TAMS 0x00000000e2a00000, 0x00000000e2a00000| Untracked 
|  43|0x00000000e2b00000, 0x00000000e2b00000, 0x00000000e2c00000|  0%| F|  |TAMS 0x00000000e2b00000, 0x00000000e2b00000| Untracked 
|  44|0x00000000e2c00000, 0x00000000e2c00000, 0x00000000e2d00000|  0%| F|  |TAMS 0x00000000e2c00000, 0x00000000e2c00000| Untracked 
|  45|0x00000000e2d00000, 0x00000000e2d00000, 0x00000000e2e00000|  0%| F|  |TAMS 0x00000000e2d00000, 0x00000000e2d00000| Untracked 
|  46|0x00000000e2e00000, 0x00000000e2e00000, 0x00000000e2f00000|  0%| F|  |TAMS 0x00000000e2e00000, 0x00000000e2e00000| Untracked 
|  47|0x00000000e2f00000, 0x00000000e2f00000, 0x00000000e3000000|  0%| F|  |TAMS 0x00000000e2f00000, 0x00000000e2f00000| Untracked 
|  48|0x00000000e3000000, 0x00000000e3000000, 0x00000000e3100000|  0%| F|  |TAMS 0x00000000e3000000, 0x00000000e3000000| Untracked 
|  49|0x00000000e3100000, 0x00000000e3100000, 0x00000000e3200000|  0%| F|  |TAMS 0x00000000e3100000, 0x00000000e3100000| Untracked 
|  50|0x00000000e3200000, 0x00000000e3200000, 0x00000000e3300000|  0%| F|  |TAMS 0x00000000e3200000, 0x00000000e3200000| Untracked 
|  51|0x00000000e3300000, 0x00000000e3300000, 0x00000000e3400000|  0%| F|  |TAMS 0x00000000e3300000, 0x00000000e3300000| Untracked 
|  52|0x00000000e3400000, 0x00000000e3400000, 0x00000000e3500000|  0%| F|  |TAMS 0x00000000e3400000, 0x00000000e3400000| Untracked 
|  53|0x00000000e3500000, 0x00000000e3500000, 0x00000000e3600000|  0%| F|  |TAMS 0x00000000e3500000, 0x00000000e3500000| Untracked 
|  54|0x00000000e3600000, 0x00000000e3600000, 0x00000000e3700000|  0%| F|  |TAMS 0x00000000e3600000, 0x00000000e3600000| Untracked 
|  55|0x00000000e3700000, 0x00000000e3700000, 0x00000000e3800000|  0%| F|  |TAMS 0x00000000e3700000, 0x00000000e3700000| Untracked 
|  56|0x00000000e3800000, 0x00000000e3800000, 0x00000000e3900000|  0%| F|  |TAMS 0x00000000e3800000, 0x00000000e3800000| Untracked 
|  57|0x00000000e3900000, 0x00000000e3900000, 0x00000000e3a00000|  0%| F|  |TAMS 0x00000000e3900000, 0x00000000e3900000| Untracked 
|  58|0x00000000e3a00000, 0x00000000e3a00000, 0x00000000e3b00000|  0%| F|  |TAMS 0x00000000e3a00000, 0x00000000e3a00000| Untracked 
|  59|0x00000000e3b00000, 0x00000000e3b00000, 0x00000000e3c00000|  0%| F|  |TAMS 0x00000000e3b00000, 0x00000000e3b00000| Untracked 
|  60|0x00000000e3c00000, 0x00000000e3c00000, 0x00000000e3d00000|  0%| F|  |TAMS 0x00000000e3c00000, 0x00000000e3c00000| Untracked 
|  61|0x00000000e3d00000, 0x00000000e3d00000, 0x00000000e3e00000|  0%| F|  |TAMS 0x00000000e3d00000, 0x00000000e3d00000| Untracked 
|  62|0x00000000e3e00000, 0x00000000e3e00000, 0x00000000e3f00000|  0%| F|  |TAMS 0x00000000e3e00000, 0x00000000e3e00000| Untracked 
|  63|0x00000000e3f00000, 0x00000000e3f00000, 0x00000000e4000000|  0%| F|  |TAMS 0x00000000e3f00000, 0x00000000e3f00000| Untracked 
|  64|0x00000000e4000000, 0x00000000e4000000, 0x00000000e4100000|  0%| F|  |TAMS 0x00000000e4000000, 0x00000000e4000000| Untracked 
|  65|0x00000000e4100000, 0x00000000e4100000, 0x00000000e4200000|  0%| F|  |TAMS 0x00000000e4100000, 0x00000000e4100000| Untracked 
|  66|0x00000000e4200000, 0x00000000e4200000, 0x00000000e4300000|  0%| F|  |TAMS 0x00000000e4200000, 0x00000000e4200000| Untracked 
|  67|0x00000000e4300000, 0x00000000e4300000, 0x00000000e4400000|  0%| F|  |TAMS 0x00000000e4300000, 0x00000000e4300000| Untracked 
|  68|0x00000000e4400000, 0x00000000e4400000, 0x00000000e4500000|  0%| F|  |TAMS 0x00000000e4400000, 0x00000000e4400000| Untracked 
|  69|0x00000000e4500000, 0x00000000e4500000, 0x00000000e4600000|  0%| F|  |TAMS 0x00000000e4500000, 0x00000000e4500000| Untracked 
|  70|0x00000000e4600000, 0x00000000e4600000, 0x00000000e4700000|  0%| F|  |TAMS 0x00000000e4600000, 0x00000000e4600000| Untracked 
|  71|0x00000000e4700000, 0x00000000e4700000, 0x00000000e4800000|  0%| F|  |TAMS 0x00000000e4700000, 0x00000000e4700000| Untracked 
|  72|0x00000000e4800000, 0x00000000e4800000, 0x00000000e4900000|  0%| F|  |TAMS 0x00000000e4800000, 0x00000000e4800000| Untracked 
|  73|0x00000000e4900000, 0x00000000e4900000, 0x00000000e4a00000|  0%| F|  |TAMS 0x00000000e4900000, 0x00000000e4900000| Untracked 
|  74|0x00000000e4a00000, 0x00000000e4a00000, 0x00000000e4b00000|  0%| F|  |TAMS 0x00000000e4a00000, 0x00000000e4a00000| Untracked 
|  75|0x00000000e4b00000, 0x00000000e4b00000, 0x00000000e4c00000|  0%| F|  |TAMS 0x00000000e4b00000, 0x00000000e4b00000| Untracked 
|  76|0x00000000e4c00000, 0x00000000e4c00000, 0x00000000e4d00000|  0%| F|  |TAMS 0x00000000e4c00000, 0x00000000e4c00000| Untracked 
|  77|0x00000000e4d00000, 0x00000000e4d00000, 0x00000000e4e00000|  0%| F|  |TAMS 0x00000000e4d00000, 0x00000000e4d00000| Untracked 
|  78|0x00000000e4e00000, 0x00000000e4e00000, 0x00000000e4f00000|  0%| F|  |TAMS 0x00000000e4e00000, 0x00000000e4e00000| Untracked 
|  79|0x00000000e4f00000, 0x00000000e4f00000, 0x00000000e5000000|  0%| F|  |TAMS 0x00000000e4f00000, 0x00000000e4f00000| Untracked 
|  80|0x00000000e5000000, 0x00000000e5000000, 0x00000000e5100000|  0%| F|  |TAMS 0x00000000e5000000, 0x00000000e5000000| Untracked 
|  81|0x00000000e5100000, 0x00000000e5100000, 0x00000000e5200000|  0%| F|  |TAMS 0x00000000e5100000, 0x00000000e5100000| Untracked 
|  82|0x00000000e5200000, 0x00000000e5200000, 0x00000000e5300000|  0%| F|  |TAMS 0x00000000e5200000, 0x00000000e5200000| Untracked 
|  83|0x00000000e5300000, 0x00000000e5300000, 0x00000000e5400000|  0%| F|  |TAMS 0x00000000e5300000, 0x00000000e5300000| Untracked 
|  84|0x00000000e5400000, 0x00000000e5400000, 0x00000000e5500000|  0%| F|  |TAMS 0x00000000e5400000, 0x00000000e5400000| Untracked 
|  85|0x00000000e5500000, 0x00000000e5500000, 0x00000000e5600000|  0%| F|  |TAMS 0x00000000e5500000, 0x00000000e5500000| Untracked 
|  86|0x00000000e5600000, 0x00000000e5600000, 0x00000000e5700000|  0%| F|  |TAMS 0x00000000e5600000, 0x00000000e5600000| Untracked 
|  87|0x00000000e5700000, 0x00000000e5700000, 0x00000000e5800000|  0%| F|  |TAMS 0x00000000e5700000, 0x00000000e5700000| Untracked 
|  88|0x00000000e5800000, 0x00000000e5800000, 0x00000000e5900000|  0%| F|  |TAMS 0x00000000e5800000, 0x00000000e5800000| Untracked 
|  89|0x00000000e5900000, 0x00000000e5900000, 0x00000000e5a00000|  0%| F|  |TAMS 0x00000000e5900000, 0x00000000e5900000| Untracked 
|  90|0x00000000e5a00000, 0x00000000e5a00000, 0x00000000e5b00000|  0%| F|  |TAMS 0x00000000e5a00000, 0x00000000e5a00000| Untracked 
|  91|0x00000000e5b00000, 0x00000000e5b00000, 0x00000000e5c00000|  0%| F|  |TAMS 0x00000000e5b00000, 0x00000000e5b00000| Untracked 
|  92|0x00000000e5c00000, 0x00000000e5c00000, 0x00000000e5d00000|  0%| F|  |TAMS 0x00000000e5c00000, 0x00000000e5c00000| Untracked 
|  93|0x00000000e5d00000, 0x00000000e5d00000, 0x00000000e5e00000|  0%| F|  |TAMS 0x00000000e5d00000, 0x00000000e5d00000| Untracked 
|  94|0x00000000e5e00000, 0x00000000e5e00000, 0x00000000e5f00000|  0%| F|  |TAMS 0x00000000e5e00000, 0x00000000e5e00000| Untracked 
|  95|0x00000000e5f00000, 0x00000000e5f00000, 0x00000000e6000000|  0%| F|  |TAMS 0x00000000e5f00000, 0x00000000e5f00000| Untracked 
|  96|0x00000000e6000000, 0x00000000e6000000, 0x00000000e6100000|  0%| F|  |TAMS 0x00000000e6000000, 0x00000000e6000000| Untracked 
|  97|0x00000000e6100000, 0x00000000e6100000, 0x00000000e6200000|  0%| F|  |TAMS 0x00000000e6100000, 0x00000000e6100000| Untracked 
|  98|0x00000000e6200000, 0x00000000e6200000, 0x00000000e6300000|  0%| F|  |TAMS 0x00000000e6200000, 0x00000000e6200000| Untracked 
|  99|0x00000000e6300000, 0x00000000e6300000, 0x00000000e6400000|  0%| F|  |TAMS 0x00000000e6300000, 0x00000000e6300000| Untracked 
| 100|0x00000000e6400000, 0x00000000e6400000, 0x00000000e6500000|  0%| F|  |TAMS 0x00000000e6400000, 0x00000000e6400000| Untracked 
| 101|0x00000000e6500000, 0x00000000e6500000, 0x00000000e6600000|  0%| F|  |TAMS 0x00000000e6500000, 0x00000000e6500000| Untracked 
| 102|0x00000000e6600000, 0x00000000e6600000, 0x00000000e6700000|  0%| F|  |TAMS 0x00000000e6600000, 0x00000000e6600000| Untracked 
| 103|0x00000000e6700000, 0x00000000e6700000, 0x00000000e6800000|  0%| F|  |TAMS 0x00000000e6700000, 0x00000000e6700000| Untracked 
| 104|0x00000000e6800000, 0x00000000e6800000, 0x00000000e6900000|  0%| F|  |TAMS 0x00000000e6800000, 0x00000000e6800000| Untracked 
| 105|0x00000000e6900000, 0x00000000e6900000, 0x00000000e6a00000|  0%| F|  |TAMS 0x00000000e6900000, 0x00000000e6900000| Untracked 
| 106|0x00000000e6a00000, 0x00000000e6a00000, 0x00000000e6b00000|  0%| F|  |TAMS 0x00000000e6a00000, 0x00000000e6a00000| Untracked 
| 107|0x00000000e6b00000, 0x00000000e6b00000, 0x00000000e6c00000|  0%| F|  |TAMS 0x00000000e6b00000, 0x00000000e6b00000| Untracked 
| 108|0x00000000e6c00000, 0x00000000e6c00000, 0x00000000e6d00000|  0%| F|  |TAMS 0x00000000e6c00000, 0x00000000e6c00000| Untracked 
| 109|0x00000000e6d00000, 0x00000000e6d00000, 0x00000000e6e00000|  0%| F|  |TAMS 0x00000000e6d00000, 0x00000000e6d00000| Untracked 
| 110|0x00000000e6e00000, 0x00000000e6e00000, 0x00000000e6f00000|  0%| F|  |TAMS 0x00000000e6e00000, 0x00000000e6e00000| Untracked 
| 111|0x00000000e6f00000, 0x00000000e6f00000, 0x00000000e7000000|  0%| F|  |TAMS 0x00000000e6f00000, 0x00000000e6f00000| Untracked 
| 112|0x00000000e7000000, 0x00000000e7000000, 0x00000000e7100000|  0%| F|  |TAMS 0x00000000e7000000, 0x00000000e7000000| Untracked 
| 113|0x00000000e7100000, 0x00000000e7100000, 0x00000000e7200000|  0%| F|  |TAMS 0x00000000e7100000, 0x00000000e7100000| Untracked 
| 114|0x00000000e7200000, 0x00000000e7200000, 0x00000000e7300000|  0%| F|  |TAMS 0x00000000e7200000, 0x00000000e7200000| Untracked 
| 115|0x00000000e7300000, 0x00000000e7400000, 0x00000000e7400000|100%| S|CS|TAMS 0x00000000e7300000, 0x00000000e7300000| Complete 
| 116|0x00000000e7400000, 0x00000000e7500000, 0x00000000e7500000|100%| S|CS|TAMS 0x00000000e7400000, 0x00000000e7400000| Complete 
| 117|0x00000000e7500000, 0x00000000e7500000, 0x00000000e7600000|  0%| F|  |TAMS 0x00000000e7500000, 0x00000000e7500000| Untracked 
| 118|0x00000000e7600000, 0x00000000e7600000, 0x00000000e7700000|  0%| F|  |TAMS 0x00000000e7600000, 0x00000000e7600000| Untracked 
| 119|0x00000000e7700000, 0x00000000e7700000, 0x00000000e7800000|  0%| F|  |TAMS 0x00000000e7700000, 0x00000000e7700000| Untracked 
| 120|0x00000000e7800000, 0x00000000e786b738, 0x00000000e7900000| 41%| E|  |TAMS 0x00000000e7800000, 0x00000000e7800000| Complete 
| 121|0x00000000e7900000, 0x00000000e7a00000, 0x00000000e7a00000|100%| E|CS|TAMS 0x00000000e7900000, 0x00000000e7900000| Complete 
| 122|0x00000000e7a00000, 0x00000000e7b00000, 0x00000000e7b00000|100%| E|CS|TAMS 0x00000000e7a00000, 0x00000000e7a00000| Complete 
| 123|0x00000000e7b00000, 0x00000000e7c00000, 0x00000000e7c00000|100%| E|CS|TAMS 0x00000000e7b00000, 0x00000000e7b00000| Complete 
| 124|0x00000000e7c00000, 0x00000000e7d00000, 0x00000000e7d00000|100%| E|CS|TAMS 0x00000000e7c00000, 0x00000000e7c00000| Complete 
| 125|0x00000000e7d00000, 0x00000000e7e00000, 0x00000000e7e00000|100%| E|CS|TAMS 0x00000000e7d00000, 0x00000000e7d00000| Complete 
| 126|0x00000000e7e00000, 0x00000000e7f00000, 0x00000000e7f00000|100%| E|CS|TAMS 0x00000000e7e00000, 0x00000000e7e00000| Complete 
| 127|0x00000000e7f00000, 0x00000000e8000000, 0x00000000e8000000|100%| E|CS|TAMS 0x00000000e7f00000, 0x00000000e7f00000| Complete 

Card table byte_map: [0x0000021ff88b0000,0x0000021ff89b0000] _byte_map_base: 0x0000021ff81b0000

Marking Bits (Prev, Next): (CMBitMap*) 0x0000021fefd70238, (CMBitMap*) 0x0000021fefd70278
 Prev Bits: [0x0000021ff8ab0000, 0x0000021ff92b0000)
 Next Bits: [0x0000021ff92b0000, 0x0000021ff9ab0000)

Polling page: 0x0000021fefe30000

Metaspace:

Usage:
  Non-class:     14.06 MB capacity,    13.85 MB ( 98%) used,   177.34 KB (  1%) free+waste,    39.44 KB ( <1%) overhead. 
      Class:      1.89 MB capacity,     1.72 MB ( 91%) used,   151.20 KB (  8%) free+waste,    21.00 KB (  1%) overhead. 
       Both:     15.95 MB capacity,    15.57 MB ( 98%) used,   328.54 KB (  2%) free+waste,    60.44 KB ( <1%) overhead. 

Virtual space:
  Non-class space:       16.00 MB reserved,      14.25 MB ( 89%) committed 
      Class space:        1.00 GB reserved,       2.00 MB ( <1%) committed 
             Both:        1.02 GB reserved,      16.25 MB (  2%) committed 

Chunk freelists:
   Non-Class:  640 bytes
       Class:  2.13 KB
        Both:  2.75 KB

CodeHeap 'non-profiled nmethods': size=120064Kb used=765Kb max_used=791Kb free=119298Kb
 bounds [0x0000021f87ac0000, 0x0000021f87d30000, 0x0000021f8f000000]
CodeHeap 'profiled nmethods': size=120000Kb used=3831Kb max_used=4289Kb free=116169Kb
 bounds [0x0000021f80590000, 0x0000021f809d0000, 0x0000021f87ac0000]
CodeHeap 'non-nmethods': size=5696Kb used=1309Kb max_used=1321Kb free=4387Kb
 bounds [0x0000021f80000000, 0x0000021f80270000, 0x0000021f80590000]
 total_blobs=3310 nmethods=2001 adapters=622
 compilation: enabled
              stopped_count=0, restarted_count=0
 full_count=0

Compilation events (10 events):
Event: 2.787 Thread 0x0000021ffc089800 2122       3       java.lang.invoke.MethodHandleNatives::canBeCalledVirtual (93 bytes)
Event: 2.788 Thread 0x0000021ffc089800 nmethod 2122 0x0000021f808d4990 code [0x0000021f808d4bc0, 0x0000021f808d51a0]
Event: 2.819 Thread 0x0000021ffc089800 2123       1       javax.swing.JComponent::isValidateRoot (2 bytes)
Event: 2.819 Thread 0x0000021ffc089800 nmethod 2123 0x0000021f87b4b710 code [0x0000021f87b4b8c0, 0x0000021f87b4b9f8]
Event: 2.821 Thread 0x0000021ffc089800 2124       3       java.util.ArrayDeque::add (7 bytes)
Event: 2.821 Thread 0x0000021ffc089800 nmethod 2124 0x0000021f808d4510 code [0x0000021f808d46e0, 0x0000021f808d48b0]
Event: 2.823 Thread 0x0000021ffc089800 2126       1       java.lang.Long::longValue (5 bytes)
Event: 2.823 Thread 0x0000021ffc089800 nmethod 2126 0x0000021f87b76710 code [0x0000021f87b768c0, 0x0000021f87b769f8]
Event: 2.826 Thread 0x0000021ffc089800 2127       3       javax.imageio.stream.ImageInputStreamImpl::checkClosed (18 bytes)
Event: 2.827 Thread 0x0000021ffc089800 nmethod 2127 0x0000021f808d4010 code [0x0000021f808d41e0, 0x0000021f808d4470]

GC Heap History (4 events):
Event: 1.432 GC heap before
{Heap before GC invocations=0 (full 0):
 garbage-first heap   total 131072K, used 16384K [0x00000000e0000000, 0x0000000100000000)
  region size 1024K, 14 young (14336K), 0 survivors (0K)
 Metaspace       used 9664K, capacity 10042K, committed 10240K, reserved 1058816K
  class space    used 1050K, capacity 1185K, committed 1280K, reserved 1048576K
}
Event: 1.443 GC heap after
{Heap after GC invocations=1 (full 0):
 garbage-first heap   total 131072K, used 4823K [0x00000000e0000000, 0x0000000100000000)
  region size 1024K, 2 young (2048K), 2 survivors (2048K)
 Metaspace       used 9664K, capacity 10042K, committed 10240K, reserved 1058816K
  class space    used 1050K, capacity 1185K, committed 1280K, reserved 1048576K
}
Event: 2.533 GC heap before
{Heap before GC invocations=1 (full 0):
 garbage-first heap   total 131072K, used 18135K [0x00000000e0000000, 0x0000000100000000)
  region size 1024K, 13 young (13312K), 2 survivors (2048K)
 Metaspace       used 14764K, capacity 15201K, committed 15488K, reserved 1062912K
  class space    used 1642K, capacity 1836K, committed 1920K, reserved 1048576K
}
Event: 2.540 GC heap after
{Heap after GC invocations=2 (full 0):
 garbage-first heap   total 131072K, used 8935K [0x00000000e0000000, 0x0000000100000000)
  region size 1024K, 2 young (2048K), 2 survivors (2048K)
 Metaspace       used 14764K, capacity 15201K, committed 15488K, reserved 1062912K
  class space    used 1642K, capacity 1836K, committed 1920K, reserved 1048576K
}

Deoptimization events (10 events):
Event: 2.000 Thread 0x0000021fefd48800 Uncommon trap: reason=class_check action=maybe_recompile pc=0x0000021f87ade414 method=java.lang.String.equals(Ljava/lang/Object;)Z @ 8 c2
Event: 2.001 Thread 0x0000021fefd48800 Uncommon trap: reason=class_check action=maybe_recompile pc=0x0000021f87ade414 method=java.lang.String.equals(Ljava/lang/Object;)Z @ 8 c2
Event: 2.003 Thread 0x0000021fefd48800 Uncommon trap: reason=class_check action=maybe_recompile pc=0x0000021f87ade414 method=java.lang.String.equals(Ljava/lang/Object;)Z @ 8 c2
Event: 2.093 Thread 0x0000021fefd48800 Uncommon trap: reason=class_check action=maybe_recompile pc=0x0000021f87b3de2c method=java.awt.Font.equals(Ljava/lang/Object;)Z @ 8 c2
Event: 2.093 Thread 0x0000021fefd48800 Uncommon trap: reason=class_check action=maybe_recompile pc=0x0000021f87b3de2c method=java.awt.Font.equals(Ljava/lang/Object;)Z @ 8 c2
Event: 2.093 Thread 0x0000021fefd48800 Uncommon trap: reason=class_check action=maybe_recompile pc=0x0000021f87b3de2c method=java.awt.Font.equals(Ljava/lang/Object;)Z @ 8 c2
Event: 2.093 Thread 0x0000021fefd48800 Uncommon trap: reason=class_check action=maybe_recompile pc=0x0000021f87b3de2c method=java.awt.Font.equals(Ljava/lang/Object;)Z @ 8 c2
Event: 2.287 Thread 0x0000021ffda00000 Uncommon trap: reason=unstable_if action=reinterpret pc=0x0000021f87b4cdb0 method=sun.awt.image.PNGImageDecoder.produceImage()V @ 867 c2
Event: 2.467 Thread 0x0000021fefd48800 Uncommon trap: reason=unstable_if action=reinterpret pc=0x0000021f87b421b8 method=sun.font.FontDesignMetrics.getMetrics(Ljava/awt/Font;Ljava/awt/font/FontRenderContext;)Lsun/font/FontDesignMetrics; @ 206 c2
Event: 2.566 Thread 0x0000021fefd48800 Uncommon trap: reason=unstable_if action=reinterpret pc=0x0000021f87b46e38 method=sun.font.FontDesignMetrics.getMetrics(Ljava/awt/Font;Ljava/awt/font/FontRenderContext;)Lsun/font/FontDesignMetrics; @ 206 c2

Classes redefined (0 events):
No events

Internal exceptions (10 events):
Event: 1.047 Thread 0x0000021fefd48800 Exception <a 'java/lang/ClassNotFoundException'{0x00000000e7884360}: com/sun/swing/internal/plaf/basic/resources/spi/basicProvider> (0x00000000e7884360) thrown at [t:/workspace/open/src/hotspot/share/classfile/systemDictionary.cpp, line 235]
Event: 1.138 Thread 0x0000021fefd48800 Exception <a 'java/lang/NoSuchMethodError'{0x00000000e77152c8}: java.lang.invoke.DirectMethodHandle$Holder.invokeStaticInit(Ljava/lang/Object;)V> (0x00000000e77152c8) thrown at [t:/workspace/open/src/hotspot/share/interpreter/linkResolver.cpp, line 777]
Event: 1.187 Thread 0x0000021fefd48800 Exception <a 'java/lang/NoSuchMethodError'{0x00000000e77a25b8}: java.lang.invoke.Invokers$Holder.linkToTargetMethod(Ljava/lang/Object;ILjava/lang/Object;)Ljava/lang/Object;> (0x00000000e77a25b8) thrown at [t:/workspace/open/src/hotspot/share/interpreter/l
Event: 1.631 Thread 0x0000021ffda00000 Implicit null exception at 0x0000021f87b08122 to 0x0000021f87b085a6
Event: 1.631 Thread 0x0000021ffda00000 Implicit null exception at 0x0000021f87aff3a2 to 0x0000021f87aff81e
Event: 1.987 Thread 0x0000021fefd48800 Exception <a 'java/lang/NoSuchMethodError'{0x00000000e79f97f0}: java.lang.invoke.DirectMethodHandle$Holder.invokeStatic(Ljava/lang/Object;Ljava/lang/Object;Ljava/lang/Object;Ljava/lang/Object;Ljava/lang/Object;Ljava/lang/Object;Ljava/lang/Object;Ljava/lan
Event: 1.989 Thread 0x0000021fefd48800 Exception <a 'java/lang/NoSuchMethodError'{0x00000000e7805c40}: java.lang.invoke.DirectMethodHandle$Holder.invokeStatic(Ljava/lang/Object;Ljava/lang/Object;Ljava/lang/Object;Ljava/lang/Object;Ljava/lang/Object;Ljava/lang/Object;Ljava/lang/Object;Ljava/lan
Event: 1.991 Thread 0x0000021fefd48800 Exception <a 'java/lang/NoSuchMethodError'{0x00000000e7811e20}: java.lang.invoke.DirectMethodHandle$Holder.invokeSpecial(Ljava/lang/Object;Ljava/lang/Object;JLjava/lang/Object;Ljava/lang/Object;Ljava/lang/Object;Ljava/lang/Object;)Ljava/lang/Object;> (0x0
Event: 1.991 Thread 0x0000021fefd48800 Exception <a 'java/lang/NoSuchMethodError'{0x00000000e7814fb8}: java.lang.invoke.DelegatingMethodHandle$Holder.reinvoke_L(Ljava/lang/Object;JLjava/lang/Object;Ljava/lang/Object;Ljava/lang/Object;Ljava/lang/Object;)Ljava/lang/Object;> (0x00000000e7814fb8) 
Event: 1.993 Thread 0x0000021fefd48800 Exception <a 'java/lang/NoSuchMethodError'{0x00000000e7825880}: java.lang.invoke.DirectMethodHandle$Holder.invokeStatic(Ljava/lang/Object;Ljava/lang/Object;Ljava/lang/Object;Ljava/lang/Object;J)Ljava/lang/Object;> (0x00000000e7825880) thrown at [t:/worksp

Events (10 events):
Event: 2.837 Thread 0x0000021ffc094800 flushing nmethod 0x0000021f808ef710
Event: 2.837 Thread 0x0000021ffc094800 flushing nmethod 0x0000021f808f0310
Event: 2.837 Thread 0x0000021ffc094800 flushing nmethod 0x0000021f808f0990
Event: 2.837 Thread 0x0000021ffc094800 flushing nmethod 0x0000021f808f1310
Event: 2.838 loading class jssc/SerialPortTimeoutException
Event: 2.838 loading class jssc/SerialPortTimeoutException done
Event: 2.838 loading class jssc/SerialPort$EventThread
Event: 2.838 loading class jssc/SerialPort$EventThread done
Event: 2.838 loading class jssc/SerialPort$LinuxEventThread
Event: 2.838 loading class jssc/SerialPort$LinuxEventThread done


Dynamic libraries:
0x00007ff72e3d0000 - 0x00007ff72e3df000 	C:\Program Files\Java\jdk-12.0.2\bin\java.exe
0x00007ff8adef0000 - 0x00007ff8ae0e6000 	C:\WINDOWS\SYSTEM32\ntdll.dll
0x00007ff8ac110000 - 0x00007ff8ac1cd000 	C:\WINDOWS\System32\KERNEL32.DLL
0x00007ff8ab850000 - 0x00007ff8abb18000 	C:\WINDOWS\System32\KERNELBASE.dll
0x00007ff8abde0000 - 0x00007ff8abee0000 	C:\WINDOWS\System32\ucrtbase.dll
0x00007ff8a6370000 - 0x00007ff8a6388000 	C:\Program Files\Java\jdk-12.0.2\bin\jli.dll
0x00007ff89ddf0000 - 0x00007ff89de06000 	C:\Program Files\Java\jdk-12.0.2\bin\VCRUNTIME140.dll
0x00007ff8ac440000 - 0x00007ff8ac4ea000 	C:\WINDOWS\System32\ADVAPI32.dll
0x00007ff8ac070000 - 0x00007ff8ac10e000 	C:\WINDOWS\System32\msvcrt.dll
0x00007ff8ac580000 - 0x00007ff8ac61b000 	C:\WINDOWS\System32\sechost.dll
0x00007ff8ad050000 - 0x00007ff8ad174000 	C:\WINDOWS\System32\RPCRT4.dll
0x00007ff8ac2a0000 - 0x00007ff8ac440000 	C:\WINDOWS\System32\USER32.dll
0x00007ff8abdb0000 - 0x00007ff8abdd2000 	C:\WINDOWS\System32\win32u.dll
0x00007ff8acf20000 - 0x00007ff8acf4a000 	C:\WINDOWS\System32\GDI32.dll
0x00007ff8ab6e0000 - 0x00007ff8ab7e9000 	C:\WINDOWS\System32\gdi32full.dll
0x00007ff8ab640000 - 0x00007ff8ab6dd000 	C:\WINDOWS\System32\msvcp_win.dll
0x00007ff89bb70000 - 0x00007ff89be0b000 	C:\WINDOWS\WinSxS\amd64_microsoft.windows.common-controls_6595b64144ccf1df_6.0.19041.488_none_ca04af081b815d21\COMCTL32.dll
0x00007ff8aa4e0000 - 0x00007ff8aa4ea000 	C:\WINDOWS\System32\KERNEL32.DLL
0x00007ff8ad000000 - 0x00007ff8ad030000 	C:\Program Files\Java\jdk-12.0.2\bin\VCRUNTIME140.dll
0x00007ff871a60000 - 0x00007ff871b0a000 	C:\WINDOWS\System32\sechost.dll
0x00007ff840dc0000 - 0x00007ff841937000 	C:\Program Files\Java\jdk-12.0.2\bin\server\jvm.dll
0x00007ff8abfd0000 - 0x00007ff8abfd8000 	C:\WINDOWS\System32\USER32.dll
0x00007ff895510000 - 0x00007ff895519000 	C:\WINDOWS\SYSTEM32\WSOCK32.dll
0x00007ff89c990000 - 0x00007ff89c9b7000 	C:\WINDOWS\System32\gdi32full.dll
0x00007ff8acd20000 - 0x00007ff8acd8b000 	C:\WINDOWS\System32\WS2_32.dll
0x00007ff8aa4a0000 - 0x00007ff8aa4b2000 	C:\WINDOWS\SYSTEM32\VERSION.dll
0x00007ff879e00000 - 0x00007ff879e11000 	C:\Program Files\Java\jdk-12.0.2\bin\verify.dll
0x00007ff892350000 - 0x00007ff892534000 	C:\Program Files\Java\jdk-12.0.2\bin\server\jvm.dll
0x00007ff892320000 - 0x00007ff89234c000 	C:\WINDOWS\SYSTEM32\dbgcore.DLL
0x00007ff8abb20000 - 0x00007ff8abb9f000 	C:\WINDOWS\SYSTEM32\WINMM.dll
0x00007ff89b430000 - 0x00007ff89b456000 	C:\Program Files\Java\jdk-12.0.2\bin\java.dll
0x00007ff873aa0000 - 0x00007ff873ab7000 	C:\Program Files\Java\jdk-12.0.2\bin\zip.dll
0x00007ff8a4ec0000 - 0x00007ff8a4eca000 	C:\WINDOWS\SYSTEM32\DBGHELP.DLL
0x00007ff8ad540000 - 0x00007ff8adc80000 	C:\WINDOWS\SYSTEM32\dbgcore.DLL
0x00007ff8a9d00000 - 0x00007ff8aa494000 	C:\WINDOWS\SYSTEM32\windows.storage.dll
0x00007ff8ad1e0000 - 0x00007ff8ad535000 	C:\WINDOWS\System32\combase.dll
0x00007ff8aafe0000 - 0x00007ff8ab00c000 	C:\WINDOWS\SYSTEM32\Wldp.dll
0x00007ff8acf50000 - 0x00007ff8acffe000 	C:\WINDOWS\System32\SHCORE.dll
0x00007ff8ade50000 - 0x00007ff8adea5000 	C:\WINDOWS\SYSTEM32\ntdll.dll
0x00007ff8ab570000 - 0x00007ff8ab596000 	C:\WINDOWS\System32\ADVAPI32.dll
0x00007ff873bd0000 - 0x00007ff873be9000 	C:\WINDOWS\System32\RPCRT4.dll
0x00007ff89b9d0000 - 0x00007ff89bad0000 	C:\WINDOWS\System32\GDI32.dll
0x00007ff89a920000 - 0x00007ff89ab0d000 	C:\WINDOWS\WinSxS\amd64_microsoft.windows.common-controls_6595b64144ccf1df_6.0.19041.488_none_ca04af081b815d21\COMCTL32.dll
0x00007ff899490000 - 0x00007ff899740000 	C:\WINDOWS\SYSTEM32\iertutil.dll
0x00007ff8aadd0000 - 0x00007ff8aae3a000 	C:\WINDOWS\System32\IMM32.DLL
0x00007ff873bb0000 - 0x00007ff873bc3000 	C:\Program Files\Java\jdk-12.0.2\bin\server\jvm.dll
0x00007ff871b10000 - 0x00007ff871caf000 	C:\WINDOWS\SYSTEM32\WSOCK32.dll
0x00007ff8ac1d0000 - 0x00007ff8ac29d000 	C:\WINDOWS\System32\WS2_32.dll
0x00007ff8a7c90000 - 0x00007ff8a8250000 	C:\Program Files\Java\jdk-12.0.2\bin\verify.dll
0x00007ff8a8d50000 - 0x00007ff8a8de0000 	C:\WINDOWS\SYSTEM32\dbgcore.DLL
0x00007ff8ab340000 - 0x00007ff8ab358000 	C:\WINDOWS\SYSTEM32\CRYPTSP.dll
0x00007ff8aa710000 - 0x00007ff8aa744000 	C:\WINDOWS\system32\rsaenh.dll
0x00007ff8abf30000 - 0x00007ff8abf57000 	C:\WINDOWS\System32\KERNELBASE.dll
0x00007ff8ab530000 - 0x00007ff8ab55e000 	C:\WINDOWS\System32\USER32.dll
0x00007ff8aaf50000 - 0x00007ff8aaf5c000 	C:\WINDOWS\System32\msvcp_win.dll
0x00007ff8aaa90000 - 0x00007ff8aaacb000 	C:\Program Files\Java\jdk-12.0.2\bin\msvcp140.dll
0x00007ff8abf60000 - 0x00007ff8abf69000 	C:\WINDOWS\SYSTEM32\WSOCK32.dll
0x00007ff89e290000 - 0x00007ff89e2a7000 	C:\WINDOWS\System32\WS2_32.dll
0x00007ff8a3220000 - 0x00007ff8a323d000 	C:\WINDOWS\SYSTEM32\DBGHELP.DLL
0x00007ff8aaae0000 - 0x00007ff8aabab000 	C:\WINDOWS\System32\bcryptPrimitives.dll
0x00007ff8a6340000 - 0x00007ff8a636d000 	C:\Program Files\Java\jdk-12.0.2\bin\javajpeg.dll
0x00007ff8a90f0000 - 0x00007ff8a911f000 	C:\WINDOWS\System32\KERNEL32.DLL
0x00007ff8a8e80000 - 0x00007ff8a8f1f000 	C:\WINDOWS\System32\sechost.dll
0x00007ff883480000 - 0x00007ff8835a5000 	C:\WINDOWS\System32\GDI32.dll
0x00007ff8835e0000 - 0x00007ff88360c000 	C:\WINDOWS\SYSTEM32\VERSION.dll
0x00007ff8adc80000 - 0x00007ff8add95000 	C:\Program Files\Java\jdk-12.0.2\bin\server\jvm.dll
0x00007ff8acdf0000 - 0x00007ff8acf1a000 	C:\WINDOWS\SYSTEM32\WINMM.dll
0x00007ff871d20000 - 0x00007ff871da0000 	C:\Program Files\Java\jdk-12.0.2\bin\verify.dll
0x00007ff870330000 - 0x00007ff8703db000 	C:\WINDOWS\SYSTEM32\dbgcore.DLL
0x00007ff8adda0000 - 0x00007ff8ade49000 	C:\Program Files\Java\jdk-12.0.2\bin\java.dll
0x00007ff8a5270000 - 0x00007ff8a5424000 	C:\WINDOWS\SYSTEM32\WindowsCodecs.dll
0x00007ff884a40000 - 0x00007ff884a7e000 	C:\WINDOWS\system32\dataexchange.dll
0x00007ff8a7a20000 - 0x00007ff8a7c84000 	C:\WINDOWS\system32\d3d11.dll
0x00007ff8a8250000 - 0x00007ff8a8435000 	C:\WINDOWS\system32\dcomp.dll
0x00007ff8a9620000 - 0x00007ff8a9713000 	C:\WINDOWS\system32\dxgi.dll
0x00007ff8a5430000 - 0x00007ff8a5638000 	C:\WINDOWS\system32\twinapi.appcore.dll
0x0000000071100000 - 0x0000000071125000 	C:\Users\Ishmael\.jssc\windows\jSSC-2.8_x86_64.dll
0x00007ff898b50000 - 0x00007ff898c4c000 	C:\WINDOWS\SYSTEM32\textinputframework.dll
0x00007ff8a8440000 - 0x00007ff8a879e000 	C:\WINDOWS\System32\CoreUIComponents.dll
0x00007ff8a8b20000 - 0x00007ff8a8c12000 	C:\WINDOWS\System32\CoreMessaging.dll
0x00007ff8a9a10000 - 0x00007ff8a9a43000 	C:\WINDOWS\SYSTEM32\ntmarta.dll
0x00007ff8a7460000 - 0x00007ff8a75b6000 	C:\WINDOWS\SYSTEM32\wintypes.dll

dbghelp: loaded successfully - version: 4.0.5 - missing functions: none
symbol engine: initialized successfully - sym options: 0x614 - pdb path: .;C:\Program Files\Java\jdk-12.0.2\bin;C:\WINDOWS\SYSTEM32;C:\WINDOWS\WinSxS\amd64_microsoft.windows.common-controls_6595b64144ccf1df_6.0.19041.488_none_ca04af081b815d21;C:\Program Files\Java\jdk-12.0.2\bin\server;C:\Users\Ishmael\.jssc\windows

VM Arguments:
jvm_args: -Dfile.encoding=UTF-8 -Djava.library.path=C:\Users\marno\OneDrive\Documents\lib -Xmx512M 
java_command: ntnusubsea.gui.NTNUSubseaGUI
java_class_path (initial): C:\Users\Ishmael\OneDrive - NTNU\Mekka\prosjekt kode\Source code\Java code\TowedROV_GUI\PublishedVersion\lib\AbsoluteLayout.jar;C:\Users\Ishmael\OneDrive - NTNU\Mekka\prosjekt kode\Source code\Java code\TowedROV_GUI\PublishedVersion\lib\FitCSVTool.jar;C:\Users\Ishmael\OneDrive - NTNU\Mekka\prosjekt kode\Source code\Java code\TowedROV_GUI\PublishedVersion\lib\J360Controller.jar;C:\Users\Ishmael\OneDrive - NTNU\Mekka\prosjekt kode\Source code\Java code\TowedROV_GUI\PublishedVersion\lib\commons-io-2.6.jar;C:\Users\Ishmael\OneDrive - NTNU\Mekka\prosjekt kode\Source code\Java code\TowedROV_GUI\PublishedVersion\lib\commons-net-3.6.jar;C:\Users\Ishmael\OneDrive - NTNU\Mekka\prosjekt kode\Source code\Java code\TowedROV_GUI\PublishedVersion\lib\hamcrest-core-1.3.jar;C:\Users\Ishmael\OneDrive - NTNU\Mekka\prosjekt kode\Source code\Java code\TowedROV_GUI\PublishedVersion\lib\jcodec-0.2.3.jar;C:\Users\Ishmael\OneDrive - NTNU\Mekka\prosjekt kode\Source code\Java code\TowedROV_GUI\PublishedVersion\lib\jcodec-javase-0.2.3.jar;C:\Users\Ishmael\OneDrive - NTNU\Mekka\prosjekt kode\Source code\Java code\TowedROV_GUI\PublishedVersion\lib\jcommon-1.0.23.jar;C:\Users\Ishmael\OneDrive - NTNU\Mekka\prosjekt kode\Source code\Java code\TowedROV_GUI\PublishedVersion\lib\jfreechart-1.0.19-experimental.jar;C:\Users\Ishmael\OneDrive - NTNU\Mekka\prosjekt kode\Source code\Java code\TowedROV_GUI\PublishedVersion\lib\jfreechart-1.0.19-swt.jar;C:\Users\Ishmael\OneDrive - NTNU\Mekka\prosjekt kode\Source code\Java code\TowedROV_GUI\PublishedVersion\lib\jfreechart-1.0.19.jar;C:\Users\Ishmael\OneDrive - NTNU\Mekka\prosjekt kode\Source code\Java code\TowedROV_GUI\PublishedVersion\lib\jfreesvg-2.0.jar;C:\Users\Ishmael\OneDrive - NTNU\Mekka\prosjekt kode\Source code\Java code\TowedROV_GUI\PublishedVersion\lib\jssc.jar;C:\Users\Ishmael\OneDrive - NTNU\Mekka\prosjekt kode\Source code\Java code\TowedROV_GUI\PublishedVersion\lib\junit-4.11.jar;C:\Users\Ishmael\OneDrive - NTNU\Mekka
Launcher Type: SUN_STANDARD

[Global flags]
     intx CICompilerCount                          = 3                                         {product} {ergonomic}
     uint ConcGCThreads                            = 1                                         {product} {ergonomic}
     uint G1ConcRefinementThreads                  = 4                                         {product} {ergonomic}
   size_t G1HeapRegionSize                         = 1048576                                   {product} {ergonomic}
    uintx GCDrainStackTargetSize                   = 64                                        {product} {ergonomic}
   size_t InitialHeapSize                          = 134217728                                 {product} {ergonomic}
   size_t MarkStackSize                            = 4194304                                   {product} {ergonomic}
   size_t MaxHeapSize                              = 536870912                                 {product} {command line}
   size_t MaxNewSize                               = 321912832                                 {product} {ergonomic}
   size_t MinHeapDeltaBytes                        = 1048576                                   {product} {ergonomic}
    uintx NonNMethodCodeHeapSize                   = 5830732                                {pd product} {ergonomic}
    uintx NonProfiledCodeHeapSize                  = 122913754                              {pd product} {ergonomic}
    uintx ProfiledCodeHeapSize                     = 122913754                              {pd product} {ergonomic}
    uintx ReservedCodeCacheSize                    = 251658240                              {pd product} {ergonomic}
     bool SegmentedCodeCache                       = true                                      {product} {ergonomic}
     bool UseCompressedClassPointers               = true                                 {lp64_product} {ergonomic}
     bool UseCompressedOops                        = true                                 {lp64_product} {ergonomic}
     bool UseG1GC                                  = true                                      {product} {ergonomic}
     bool UseLargePagesIndividualAllocation        = false                                  {pd product} {ergonomic}

Logging:
Log output configuration:
 #0: stdout all=warning uptime,level,tags
 #1: stderr all=off uptime,level,tags

Environment Variables:
_JAVA_OPTIONS=-Xmx512M
PATH=C:\WinAVR-20100110\bin;C:\WinAVR-20100110\utils\bin;C:\TwinCAT\Common64;C:\TwinCAT\Common32;C:\RoboDK\Python37\Scripts\;C:\RoboDK\Python37\;C:\Program Files (x86)\Common Files\Oracle\Java\javapath;C:\WINDOWS\system32;C:\WINDOWS;C:\WINDOWS\System32\Wbem;C:\WINDOWS\System32\WindowsPowerShell\v1.0\;C:\Program Files\Intel\WiFi\bin\;C:\Program Files\Common Files\Intel\WirelessCommon\;C:\Program Files\PuTTY\;C:\WINDOWS\System32\OpenSSH\;C:\Program Files\Git\cmd;C:\Program Files\MATLAB\R2019b\bin;C:\Program Files\nodejs\;C:\Program Files (x86)\Microsoft SQL Server\100\Tools\Binn\;C:\Program Files (x86)\Microsoft SQL Server\100\DTS\Binn\;C:\Program Files\Docker\Docker\resources\bin;C:\ProgramData\DockerDesktop\version-bin;C:\Users\Ishmael\AppData\Local\Programs\Python\Python36\Scripts\;C:\Users\Ishmael\AppData\Local\Programs\Python\Python36\;C:\Program Files\Intel\WiFi\bin\;C:\Program Files\Common Files\Intel\WirelessCommon\;C:\Users\Ishmael\AppData\Local\Microsoft\WindowsApps;C:\Users\Ishmael\AppData\Local\GitHubDesktop\bin;C:\Users\Ishmael\AppData\Roaming\npm;C:\Program Files\JetBrains\PyCharm Community Edition 2020.2.3\bin;;C:\Program Files\Algoryx\AGX-2.29.2.0\bin\x64;
USERNAME=Ishmael
OS=Windows_NT
PROCESSOR_IDENTIFIER=Intel64 Family 6 Model 78 Stepping 3, GenuineIntel



---------------  S Y S T E M  ---------------

OS: Windows 10 , 64 bit Build 19041 (10.0.19041.546)

CPU:total 4 (initial active 4) (2 cores per cpu, 2 threads per core) family 6 model 78 stepping 3, cmov, cx8, fxsr, mmx, sse, sse2, sse3, ssse3, sse4.1, sse4.2, popcnt, avx, avx2, aes, clmul, erms, 3dnowpref, lzcnt, ht, tsc, tscinvbit, bmi1, bmi2, adx, fma

Memory: 4k page, system-wide physical 8087M (1006M free)
TotalPageFile size 21399M (AvailPageFile size 9625M)
current process WorkingSet (physical memory assigned to process): 119M, peak: 119M
current process commit charge ("private bytes"): 235M, peak: 236M

vm_info: Java HotSpot(TM) 64-Bit Server VM (12.0.2+10) for windows-amd64 JRE (12.0.2+10), built on Jul 16 2019 01:56:17 by "mach5one" with MS VC++ 15.5 (VS2017)

END.
