#
# A fatal error has been detected by the Java Runtime Environment:
#
#  EXCEPTION_ACCESS_VIOLATION (0xc0000005) at pc=0x000000007110b5db, pid=16776, tid=21448
#
# JRE version: Java(TM) SE Runtime Environment (12.0.2+10) (build 12.0.2+10)
# Java VM: Java HotSpot(TM) 64-Bit Server VM (12.0.2+10, mixed mode, sharing, tiered, compressed oops, g1 gc, windows-amd64)
# Problematic frame:
# C  [jSSC-2.8_x86_64.dll+0xb5db]
#
# No core dump will be written. Minidumps are not enabled by default on client versions of Windows
#
# If you would like to submit a bug report, please visit:
#   http://bugreport.java.com/bugreport/crash.jsp
# The crash happened outside the Java Virtual Machine in native code.
# See problematic frame for where to report the bug.
#

---------------  S U M M A R Y ------------

Command Line: -Dfile.encoding=UTF-8 -Djava.library.path=C:\Users\marno\OneDrive\Documents\lib -Xmx512M ntnusubsea.gui.NTNUSubseaGUI

Host: Intel(R) Core(TM) i5-6200U CPU @ 2.30GHz, 4 cores, 7G,  Windows 10 , 64 bit Build 19041 (10.0.19041.546)
Time: Sat Oct 17 15:00:00 2020 Vest-Europa (sommertid) elapsed time: 2 seconds (0d 0h 0m 2s)

---------------  T H R E A D  ---------------

Current thread (0x0000021dfb77a000):  JavaThread "ComPortFinder" [_thread_in_native, id=21448, stack(0x00000059de700000,0x00000059de800000)]

Stack: [0x00000059de700000,0x00000059de800000],  sp=0x00000059de7fee70,  free space=1019k
Native frames: (J=compiled Java code, j=interpreted, Vv=VM code, C=native code)
C  [jSSC-2.8_x86_64.dll+0xb5db]

Java frames: (J=compiled Java code, j=interpreted, Vv=VM code)
j  jssc.SerialNativeInterface.openPort(Ljava/lang/String;Z)J+0
j  jssc.SerialPort.openPort()Z+65
j  basestation_rov.SerialDataHandler.findComPorts()V+159
j  ntnusubsea.gui.ComPortFinder.run()V+35
j  java.lang.Thread.run()V+11 java.base@12.0.2
v  ~StubRoutines::call_stub

siginfo: EXCEPTION_ACCESS_VIOLATION (0xc0000005), reading address 0xfffffffffc598e3d


Register to memory mapping:

RIP=0x000000007110b5db jSSC-2.8_x86_64.dll
RAX=0xfffffffffc598e3d is an unknown value
RBX=0x00000059de7feee0 is pointing into the stack for thread: 0x0000021dfb77a000
RCX=0x00007ff8adf8bf74 ntdll.dll
RDX=0x0 is NULL
RSP=0x00000059de7fee70 is pointing into the stack for thread: 0x0000021dfb77a000
RBP=0x00000059de7feff0 is pointing into the stack for thread: 0x0000021dfb77a000
RSI=0x0000021dfb77a330 points into unknown readable memory: f0 4d 7d 41 f8 7f 00 00
RDI=0x0000000000000870 is an unknown value
R8 =0x00000059de7fed68 is pointing into the stack for thread: 0x0000021dfb77a000
R9 =0x00000059de7fee60 is pointing into the stack for thread: 0x0000021dfb77a000
R10=0x0 is NULL
R11=0x0000000000000246 is an unknown value
R12=0x00000059de7ff0a8 is pointing into the stack for thread: 0x0000021dfb77a000
R13=0x0000021df9b7ffe0 points into unknown readable memory: 43 4f 4d 31 30 00 09 20
R14=0x00000059de7fefa0 is pointing into the stack for thread: 0x0000021dfb77a000
R15=0x0000021dfb77a000 is a thread


Registers:
RAX=0xfffffffffc598e3d, RBX=0x00000059de7feee0, RCX=0x00007ff8adf8bf74, RDX=0x0000000000000000
RSP=0x00000059de7fee70, RBP=0x00000059de7feff0, RSI=0x0000021dfb77a330, RDI=0x0000000000000870
R8 =0x00000059de7fed68, R9 =0x00000059de7fee60, R10=0x0000000000000000, R11=0x0000000000000246
R12=0x00000059de7ff0a8, R13=0x0000021df9b7ffe0, R14=0x00000059de7fefa0, R15=0x0000021dfb77a000
RIP=0x000000007110b5db, EFLAGS=0x0000000000010206

Top of Stack: (sp=0x00000059de7fee70)
0x00000059de7fee70:   0000021dfb7df140 0000021df9b7ff10
0x00000059de7fee80:   000000007110b230 0000021deae90000
0x00000059de7fee90:   0000021deaf90000 0000000000000004
0x00000059de7feea0:   0000021dfb77a330 0000000000000870
0x00000059de7feeb0:   00000059de7feff0 0000000071112590
0x00000059de7feec0:   0000021dfb77a000 00000059de7fefa0
0x00000059de7feed0:   0000021df9b7ffe0 00000059de7ff0a8
0x00000059de7feee0:   0000021df9b7ffe0 00007ff8adf05d21
0x00000059de7feef0:   00000059de7fef20 0000021deae90000
0x00000059de7fef00:   00000059de7feff0 0000000000000000
0x00000059de7fef10:   0000000071113500 0000000071113be8
0x00000059de7fef20:   00000059de7fef50 0000000071112641
0x00000059de7fef30:   00000059de7feec0 0000021dfb77a330
0x00000059de7fef40:   0000000000000000 0000000000000000
0x00000059de7fef50:   00000059de7feff0 0000000071101595
0x00000059de7fef60:   000000000000001c 0000021d00000000 

Instructions: (pc=0x000000007110b5db)
0x000000007110b4db:   48 85 c0 74 bf 44 8b 03 45 85 c0 0f 84 77 ff ff
0x000000007110b4eb:   ff eb 9f 66 90 e8 8b fe ff ff 48 89 05 0c 34 01
0x000000007110b4fb:   00 eb ad 66 90 e8 7b fe ff ff 48 89 05 fc 33 01
0x000000007110b50b:   00 eb 8b e8 8d fe ff ff c7 03 01 00 00 00 e9 6f
0x000000007110b51b:   ff ff ff 66 90 55 48 89 e5 56 53 48 83 ec 20 48
0x000000007110b52b:   8b 05 d7 33 01 00 48 8b 31 48 89 cb 48 85 c0 74
0x000000007110b53b:   56 44 8b 18 45 85 db 78 42 48 8b 05 bd 33 01 00
0x000000007110b54b:   48 85 c0 74 50 44 8b 10 45 85 d2 74 1d 48 89 f1
0x000000007110b55b:   e8 d0 fd ff ff 48 8b 13 48 8d 42 40 48 8b 48 08
0x000000007110b56b:   48 8b 6a 40 48 8b 60 10 ff e1 48 8b 05 9c 33 01
0x000000007110b57b:   00 48 85 c0 74 2d 48 89 30 eb da e8 b5 fe ff ff
0x000000007110b58b:   0f 1f 44 00 00 eb b2 e8 e9 fd ff ff 48 89 05 6a
0x000000007110b59b:   33 01 00 eb 9c e8 db fd ff ff 48 89 05 5c 33 01
0x000000007110b5ab:   00 eb a2 e8 3d fd ff ff 48 89 05 5e 33 01 00 eb
0x000000007110b5bb:   c5 0f 1f 40 00 55 57 56 53 48 83 ec 28 48 8b 05
0x000000007110b5cb:   39 33 01 00 48 89 cb 48 85 c0 0f 84 c5 00 00 00
0x000000007110b5db:   8b 38 85 ff 0f 88 ab 00 00 00 48 8b 05 1c 33 01
0x000000007110b5eb:   00 48 85 c0 0f 84 bc 00 00 00 8b 30 85 f6 74 57
0x000000007110b5fb:   48 8b 05 0e 33 01 00 48 85 c0 0f 84 e5 00 00 00
0x000000007110b60b:   8b 28 48 8b 35 10 5e 01 00 ff d6 89 c7 89 e9 ff
0x000000007110b61b:   15 f4 5e 01 00 89 f9 48 89 c5 ff 15 b9 5e 01 00
0x000000007110b62b:   48 8b 05 de 32 01 00 48 89 2b 48 85 c0 74 46 48
0x000000007110b63b:   89 da 8b 08 ff 15 d7 5e 01 00 85 c0 74 27 48 83
0x000000007110b64b:   c4 28 5b 5e 5f 5d c3 48 8b 05 bf 32 01 00 48 85
0x000000007110b65b:   c0 74 64 48 8b 10 48 89 13 48 89 18 48 83 c4 28
0x000000007110b66b:   5b 5e 5f 5d c3 48 89 f2 48 83 c4 28 5b 5e 5f 5d
0x000000007110b67b:   48 ff e2 66 90 e8 8b fc ff ff 48 89 05 84 32 01
0x000000007110b68b:   00 eb ac 66 90 e8 ab fd ff ff e9 4b ff ff ff 66
0x000000007110b69b:   0f 1f 44 00 00 e8 db fc ff ff 48 89 05 5c 32 01
0x000000007110b6ab:   00 e9 2a ff ff ff e8 ca fc ff ff 48 89 05 4b 32
0x000000007110b6bb:   01 00 e9 33 ff ff ff e8 29 fc ff ff 48 89 05 4a
0x000000007110b6cb:   32 01 00 48 8b 10 48 85 c0 48 89 13 75 8b e8 12 


Stack slot to memory mapping:
stack at sp + 0 slots: 0x0000021dfb7df140 points into unknown readable memory: eb ab ab be 00 00 00 00
stack at sp + 1 slots: 0x0000021df9b7ff10 points into unknown readable memory: b0 9b bf f9 1d 02 00 00
stack at sp + 2 slots: 0x000000007110b230 jSSC-2.8_x86_64.dll
stack at sp + 3 slots: 0x0000021deae90000 points into unknown readable memory: 00 00 00 00 00 00 00 00
stack at sp + 4 slots: 0x0000021deaf90000 points into unknown readable memory: 00 00 00 00 00 00 00 00
stack at sp + 5 slots: 0x0000000000000004 is an unknown value
stack at sp + 6 slots: 0x0000021dfb77a330 points into unknown readable memory: f0 4d 7d 41 f8 7f 00 00
stack at sp + 7 slots: 0x0000000000000870 is an unknown value


---------------  P R O C E S S  ---------------

Threads class SMR info:
_java_thread_list=0x0000021dfb3c26f0, length=26, elements={
0x0000021df8ad5800, 0x0000021df8ad7000, 0x0000021df8af0800, 0x0000021df8af2000,
0x0000021df8af4000, 0x0000021df8afa800, 0x0000021df8afb800, 0x0000021df9572800,
0x0000021df9567800, 0x0000021df9678800, 0x0000021df9a6f800, 0x0000021df987d000,
0x0000021df9aff800, 0x0000021df985c000, 0x0000021dfb246800, 0x0000021dfb3e7000,
0x0000021dfb3e7800, 0x0000021dfb779000, 0x0000021dfb77a000, 0x0000021df9d31800,
0x0000021df9d33000, 0x0000021df9d32000, 0x0000021df9d30800, 0x0000021dfb76f000,
0x0000021dfb76e000, 0x0000021dfb76c800
}

Java Threads: ( => current thread )
  0x0000021df8ad5800 JavaThread "Reference Handler" daemon [_thread_blocked, id=4940, stack(0x00000059dcd00000,0x00000059dce00000)]
  0x0000021df8ad7000 JavaThread "Finalizer" daemon [_thread_blocked, id=15096, stack(0x00000059dce00000,0x00000059dcf00000)]
  0x0000021df8af0800 JavaThread "Signal Dispatcher" daemon [_thread_blocked, id=8396, stack(0x00000059dcf00000,0x00000059dd000000)]
  0x0000021df8af2000 JavaThread "Attach Listener" daemon [_thread_blocked, id=20120, stack(0x00000059dd000000,0x00000059dd100000)]
  0x0000021df8af4000 JavaThread "C2 CompilerThread0" daemon [_thread_in_native, id=16896, stack(0x00000059dd100000,0x00000059dd200000)]
  0x0000021df8afa800 JavaThread "C1 CompilerThread0" daemon [_thread_blocked, id=15728, stack(0x00000059dd200000,0x00000059dd300000)]
  0x0000021df8afb800 JavaThread "Sweeper thread" daemon [_thread_blocked, id=20248, stack(0x00000059dd300000,0x00000059dd400000)]
  0x0000021df9572800 JavaThread "Service Thread" daemon [_thread_blocked, id=856, stack(0x00000059dd400000,0x00000059dd500000)]
  0x0000021df9567800 JavaThread "Common-Cleaner" daemon [_thread_blocked, id=21404, stack(0x00000059dd600000,0x00000059dd700000)]
  0x0000021df9678800 JavaThread "Java2D Disposer" daemon [_thread_blocked, id=10116, stack(0x00000059dd700000,0x00000059dd800000)]
  0x0000021df9a6f800 JavaThread "AWT-Shutdown" [_thread_blocked, id=17528, stack(0x00000059dd800000,0x00000059dd900000)]
  0x0000021df987d000 JavaThread "AWT-Windows" daemon [_thread_in_native, id=20496, stack(0x00000059dd900000,0x00000059dda00000)]
  0x0000021df9aff800 JavaThread "AWT-EventQueue-0" [_thread_blocked, id=10284, stack(0x00000059dda00000,0x00000059ddb00000)]
  0x0000021df985c000 JavaThread "Image Fetcher 0" daemon [_thread_blocked, id=19432, stack(0x00000059ddf00000,0x00000059de000000)]
  0x0000021dfb246800 JavaThread "Image Fetcher 1" daemon [_thread_blocked, id=18116, stack(0x00000059de000000,0x00000059de100000)]
  0x0000021dfb3e7000 JavaThread "pool-1-thread-1" [_thread_blocked, id=9420, stack(0x00000059de400000,0x00000059de500000)]
  0x0000021dfb3e7800 JavaThread "pool-1-thread-2" [_thread_blocked, id=10596, stack(0x00000059de500000,0x00000059de600000)]
  0x0000021dfb779000 JavaThread "pool-1-thread-3" [_thread_blocked, id=17928, stack(0x00000059de600000,0x00000059de700000)]
=>0x0000021dfb77a000 JavaThread "ComPortFinder" [_thread_in_native, id=21448, stack(0x00000059de700000,0x00000059de800000)]
  0x0000021df9d31800 JavaThread "DestroyJavaVM" [_thread_blocked, id=3432, stack(0x00000059dc600000,0x00000059dc700000)]
  0x0000021df9d33000 JavaThread "pool-1-thread-4" [_thread_blocked, id=12216, stack(0x00000059de800000,0x00000059de900000)]
  0x0000021df9d32000 JavaThread "pool-1-thread-5" [_thread_blocked, id=19780, stack(0x00000059de900000,0x00000059dea00000)]
  0x0000021df9d30800 JavaThread "pool-1-thread-6" [_thread_blocked, id=2276, stack(0x00000059dea00000,0x00000059deb00000)]
  0x0000021dfb76f000 JavaThread "pool-1-thread-7" [_thread_blocked, id=12356, stack(0x00000059ddb00000,0x00000059ddc00000)]
  0x0000021dfb76e000 JavaThread "pool-1-thread-8" [_thread_blocked, id=7012, stack(0x00000059deb00000,0x00000059dec00000)]
  0x0000021dfb76c800 JavaThread "TimerQueue" daemon [_thread_new, id=10472, stack(0x0000000000000000,0x0000000000000000)]

Other Threads:
  0x0000021df8ad2800 VMThread "VM Thread" [stack: 0x00000059dcc00000,0x00000059dcd00000] [id=14424]
  0x0000021df9561000 WatcherThread [stack: 0x00000059dd500000,0x00000059dd600000] [id=17228]
  0x0000021dec7ff000 GCTaskThread "GC Thread#0" [stack: 0x00000059dc700000,0x00000059dc800000] [id=896]
  0x0000021df9e13000 GCTaskThread "GC Thread#1" [stack: 0x00000059ddc00000,0x00000059ddd00000] [id=3044]
  0x0000021dfa06d000 GCTaskThread "GC Thread#2" [stack: 0x00000059ddd00000,0x00000059dde00000] [id=6116]
  0x0000021dfb471000 GCTaskThread "GC Thread#3" [stack: 0x00000059dde00000,0x00000059ddf00000] [id=3656]
  0x0000021dec805000 ConcurrentGCThread "G1 Main Marker" [stack: 0x00000059dc800000,0x00000059dc900000] [id=10836]
  0x0000021dec807000 ConcurrentGCThread "G1 Conc#0" [stack: 0x00000059dc900000,0x00000059dca00000] [id=19664]
  0x0000021dec890000 ConcurrentGCThread "G1 Refine#0" [stack: 0x00000059dca00000,0x00000059dcb00000] [id=10228]
  0x0000021dec891800 ConcurrentGCThread "G1 Young RemSet Sampling" [stack: 0x00000059dcb00000,0x00000059dcc00000] [id=20516]

Threads with active compile tasks:
C2 CompilerThread0  2138       4       java.awt.image.AreaAveragingScaleFilter::accumPixels (545 bytes)

VM state:not at safepoint (normal execution)

VM Mutex/Monitor currently owned by a thread: None

Heap address: 0x00000000e0000000, size: 512 MB, Compressed Oops mode: 32-bit
Narrow klass base: 0x0000000800000000, Narrow klass shift: 3
Compressed class space size: 1073741824 Address: 0x0000000801190000

Heap:
 garbage-first heap   total 131072K, used 28126K [0x00000000e0000000, 0x0000000100000000)
  region size 1024K, 5 young (5120K), 3 survivors (3072K)
 Metaspace       used 15920K, capacity 16330K, committed 16640K, reserved 1064960K
  class space    used 1765K, capacity 1935K, committed 2048K, reserved 1048576K
Heap Regions: E=young(eden), S=young(survivor), O=old, HS=humongous(starts), HC=humongous(continues), CS=collection set, F=free, A=archive, TAMS=top-at-mark-start (previous, next)
|   0|0x00000000e0000000, 0x00000000e0000000, 0x00000000e0100000|  0%| F|  |TAMS 0x00000000e0000000, 0x00000000e0000000| Untracked 
|   1|0x00000000e0100000, 0x00000000e0100000, 0x00000000e0200000|  0%| F|  |TAMS 0x00000000e0100000, 0x00000000e0100000| Untracked 
|   2|0x00000000e0200000, 0x00000000e0300000, 0x00000000e0300000|100%| O|  |TAMS 0x00000000e0200000, 0x00000000e0200000| Untracked 
|   3|0x00000000e0300000, 0x00000000e0400000, 0x00000000e0400000|100%|HS|  |TAMS 0x00000000e0300000, 0x00000000e0300000| Complete 
|   4|0x00000000e0400000, 0x00000000e0500000, 0x00000000e0500000|100%|HC|  |TAMS 0x00000000e0400000, 0x00000000e0400000| Complete 
|   5|0x00000000e0500000, 0x00000000e0600000, 0x00000000e0600000|100%|HS|  |TAMS 0x00000000e0500000, 0x00000000e0500000| Complete 
|   6|0x00000000e0600000, 0x00000000e0700000, 0x00000000e0700000|100%|HC|  |TAMS 0x00000000e0600000, 0x00000000e0600000| Complete 
|   7|0x00000000e0700000, 0x00000000e0800000, 0x00000000e0800000|100%|HS|  |TAMS 0x00000000e0700000, 0x00000000e0700000| Complete 
|   8|0x00000000e0800000, 0x00000000e0900000, 0x00000000e0900000|100%|HC|  |TAMS 0x00000000e0800000, 0x00000000e0800000| Complete 
|   9|0x00000000e0900000, 0x00000000e0a00000, 0x00000000e0a00000|100%|HC|  |TAMS 0x00000000e0900000, 0x00000000e0900000| Complete 
|  10|0x00000000e0a00000, 0x00000000e0b00000, 0x00000000e0b00000|100%|HS|  |TAMS 0x00000000e0a00000, 0x00000000e0a00000| Complete 
|  11|0x00000000e0b00000, 0x00000000e0c00000, 0x00000000e0c00000|100%|HC|  |TAMS 0x00000000e0b00000, 0x00000000e0b00000| Complete 
|  12|0x00000000e0c00000, 0x00000000e0d00000, 0x00000000e0d00000|100%|HC|  |TAMS 0x00000000e0c00000, 0x00000000e0c00000| Complete 
|  13|0x00000000e0d00000, 0x00000000e0e00000, 0x00000000e0e00000|100%|HS|  |TAMS 0x00000000e0d00000, 0x00000000e0d00000| Complete 
|  14|0x00000000e0e00000, 0x00000000e0f00000, 0x00000000e0f00000|100%|HC|  |TAMS 0x00000000e0e00000, 0x00000000e0e00000| Complete 
|  15|0x00000000e0f00000, 0x00000000e1000000, 0x00000000e1000000|100%|HC|  |TAMS 0x00000000e0f00000, 0x00000000e0f00000| Complete 
|  16|0x00000000e1000000, 0x00000000e1100000, 0x00000000e1100000|100%|HS|  |TAMS 0x00000000e1000000, 0x00000000e1000000| Complete 
|  17|0x00000000e1100000, 0x00000000e1200000, 0x00000000e1200000|100%|HC|  |TAMS 0x00000000e1100000, 0x00000000e1100000| Complete 
|  18|0x00000000e1200000, 0x00000000e1300000, 0x00000000e1300000|100%|HC|  |TAMS 0x00000000e1200000, 0x00000000e1200000| Complete 
|  19|0x00000000e1300000, 0x00000000e1400000, 0x00000000e1400000|100%|HC|  |TAMS 0x00000000e1300000, 0x00000000e1300000| Complete 
|  20|0x00000000e1400000, 0x00000000e1500000, 0x00000000e1500000|100%|HC|  |TAMS 0x00000000e1400000, 0x00000000e1400000| Complete 
|  21|0x00000000e1500000, 0x00000000e1600000, 0x00000000e1600000|100%|HC|  |TAMS 0x00000000e1500000, 0x00000000e1500000| Complete 
|  22|0x00000000e1600000, 0x00000000e1700000, 0x00000000e1700000|100%|HC|  |TAMS 0x00000000e1600000, 0x00000000e1600000| Complete 
|  23|0x00000000e1700000, 0x00000000e1800000, 0x00000000e1800000|100%|HC|  |TAMS 0x00000000e1700000, 0x00000000e1700000| Complete 
|  24|0x00000000e1800000, 0x00000000e1900000, 0x00000000e1900000|100%| O|  |TAMS 0x00000000e1800000, 0x00000000e1800000| Untracked 
|  25|0x00000000e1900000, 0x00000000e19b1800, 0x00000000e1a00000| 69%| O|  |TAMS 0x00000000e1900000, 0x00000000e1900000| Untracked 
|  26|0x00000000e1a00000, 0x00000000e1a00000, 0x00000000e1b00000|  0%| F|  |TAMS 0x00000000e1a00000, 0x00000000e1a00000| Untracked 
|  27|0x00000000e1b00000, 0x00000000e1b00000, 0x00000000e1c00000|  0%| F|  |TAMS 0x00000000e1b00000, 0x00000000e1b00000| Untracked 
|  28|0x00000000e1c00000, 0x00000000e1c00000, 0x00000000e1d00000|  0%| F|  |TAMS 0x00000000e1c00000, 0x00000000e1c00000| Untracked 
|  29|0x00000000e1d00000, 0x00000000e1d00000, 0x00000000e1e00000|  0%| F|  |TAMS 0x00000000e1d00000, 0x00000000e1d00000| Untracked 
|  30|0x00000000e1e00000, 0x00000000e1e00000, 0x00000000e1f00000|  0%| F|  |TAMS 0x00000000e1e00000, 0x00000000e1e00000| Untracked 
|  31|0x00000000e1f00000, 0x00000000e1f00000, 0x00000000e2000000|  0%| F|  |TAMS 0x00000000e1f00000, 0x00000000e1f00000| Untracked 
|  32|0x00000000e2000000, 0x00000000e2000000, 0x00000000e2100000|  0%| F|  |TAMS 0x00000000e2000000, 0x00000000e2000000| Untracked 
|  33|0x00000000e2100000, 0x00000000e2100000, 0x00000000e2200000|  0%| F|  |TAMS 0x00000000e2100000, 0x00000000e2100000| Untracked 
|  34|0x00000000e2200000, 0x00000000e2200000, 0x00000000e2300000|  0%| F|  |TAMS 0x00000000e2200000, 0x00000000e2200000| Untracked 
|  35|0x00000000e2300000, 0x00000000e2300000, 0x00000000e2400000|  0%| F|  |TAMS 0x00000000e2300000, 0x00000000e2300000| Untracked 
|  36|0x00000000e2400000, 0x00000000e2400000, 0x00000000e2500000|  0%| F|  |TAMS 0x00000000e2400000, 0x00000000e2400000| Untracked 
|  37|0x00000000e2500000, 0x00000000e2500000, 0x00000000e2600000|  0%| F|  |TAMS 0x00000000e2500000, 0x00000000e2500000| Untracked 
|  38|0x00000000e2600000, 0x00000000e2600000, 0x00000000e2700000|  0%| F|  |TAMS 0x00000000e2600000, 0x00000000e2600000| Untracked 
|  39|0x00000000e2700000, 0x00000000e2700000, 0x00000000e2800000|  0%| F|  |TAMS 0x00000000e2700000, 0x00000000e2700000| Untracked 
|  40|0x00000000e2800000, 0x00000000e2800000, 0x00000000e2900000|  0%| F|  |TAMS 0x00000000e2800000, 0x00000000e2800000| Untracked 
|  41|0x00000000e2900000, 0x00000000e2900000, 0x00000000e2a00000|  0%| F|  |TAMS 0x00000000e2900000, 0x00000000e2900000| Untracked 
|  42|0x00000000e2a00000, 0x00000000e2a00000, 0x00000000e2b00000|  0%| F|  |TAMS 0x00000000e2a00000, 0x00000000e2a00000| Untracked 
|  43|0x00000000e2b00000, 0x00000000e2b00000, 0x00000000e2c00000|  0%| F|  |TAMS 0x00000000e2b00000, 0x00000000e2b00000| Untracked 
|  44|0x00000000e2c00000, 0x00000000e2c00000, 0x00000000e2d00000|  0%| F|  |TAMS 0x00000000e2c00000, 0x00000000e2c00000| Untracked 
|  45|0x00000000e2d00000, 0x00000000e2d00000, 0x00000000e2e00000|  0%| F|  |TAMS 0x00000000e2d00000, 0x00000000e2d00000| Untracked 
|  46|0x00000000e2e00000, 0x00000000e2e00000, 0x00000000e2f00000|  0%| F|  |TAMS 0x00000000e2e00000, 0x00000000e2e00000| Untracked 
|  47|0x00000000e2f00000, 0x00000000e2f00000, 0x00000000e3000000|  0%| F|  |TAMS 0x00000000e2f00000, 0x00000000e2f00000| Untracked 
|  48|0x00000000e3000000, 0x00000000e3000000, 0x00000000e3100000|  0%| F|  |TAMS 0x00000000e3000000, 0x00000000e3000000| Untracked 
|  49|0x00000000e3100000, 0x00000000e3100000, 0x00000000e3200000|  0%| F|  |TAMS 0x00000000e3100000, 0x00000000e3100000| Untracked 
|  50|0x00000000e3200000, 0x00000000e3200000, 0x00000000e3300000|  0%| F|  |TAMS 0x00000000e3200000, 0x00000000e3200000| Untracked 
|  51|0x00000000e3300000, 0x00000000e3300000, 0x00000000e3400000|  0%| F|  |TAMS 0x00000000e3300000, 0x00000000e3300000| Untracked 
|  52|0x00000000e3400000, 0x00000000e3400000, 0x00000000e3500000|  0%| F|  |TAMS 0x00000000e3400000, 0x00000000e3400000| Untracked 
|  53|0x00000000e3500000, 0x00000000e3500000, 0x00000000e3600000|  0%| F|  |TAMS 0x00000000e3500000, 0x00000000e3500000| Untracked 
|  54|0x00000000e3600000, 0x00000000e3600000, 0x00000000e3700000|  0%| F|  |TAMS 0x00000000e3600000, 0x00000000e3600000| Untracked 
|  55|0x00000000e3700000, 0x00000000e3700000, 0x00000000e3800000|  0%| F|  |TAMS 0x00000000e3700000, 0x00000000e3700000| Untracked 
|  56|0x00000000e3800000, 0x00000000e3800000, 0x00000000e3900000|  0%| F|  |TAMS 0x00000000e3800000, 0x00000000e3800000| Untracked 
|  57|0x00000000e3900000, 0x00000000e3900000, 0x00000000e3a00000|  0%| F|  |TAMS 0x00000000e3900000, 0x00000000e3900000| Untracked 
|  58|0x00000000e3a00000, 0x00000000e3a00000, 0x00000000e3b00000|  0%| F|  |TAMS 0x00000000e3a00000, 0x00000000e3a00000| Untracked 
|  59|0x00000000e3b00000, 0x00000000e3b00000, 0x00000000e3c00000|  0%| F|  |TAMS 0x00000000e3b00000, 0x00000000e3b00000| Untracked 
|  60|0x00000000e3c00000, 0x00000000e3c00000, 0x00000000e3d00000|  0%| F|  |TAMS 0x00000000e3c00000, 0x00000000e3c00000| Untracked 
|  61|0x00000000e3d00000, 0x00000000e3d00000, 0x00000000e3e00000|  0%| F|  |TAMS 0x00000000e3d00000, 0x00000000e3d00000| Untracked 
|  62|0x00000000e3e00000, 0x00000000e3e00000, 0x00000000e3f00000|  0%| F|  |TAMS 0x00000000e3e00000, 0x00000000e3e00000| Untracked 
|  63|0x00000000e3f00000, 0x00000000e3f00000, 0x00000000e4000000|  0%| F|  |TAMS 0x00000000e3f00000, 0x00000000e3f00000| Untracked 
|  64|0x00000000e4000000, 0x00000000e4000000, 0x00000000e4100000|  0%| F|  |TAMS 0x00000000e4000000, 0x00000000e4000000| Untracked 
|  65|0x00000000e4100000, 0x00000000e4100000, 0x00000000e4200000|  0%| F|  |TAMS 0x00000000e4100000, 0x00000000e4100000| Untracked 
|  66|0x00000000e4200000, 0x00000000e4200000, 0x00000000e4300000|  0%| F|  |TAMS 0x00000000e4200000, 0x00000000e4200000| Untracked 
|  67|0x00000000e4300000, 0x00000000e4300000, 0x00000000e4400000|  0%| F|  |TAMS 0x00000000e4300000, 0x00000000e4300000| Untracked 
|  68|0x00000000e4400000, 0x00000000e4400000, 0x00000000e4500000|  0%| F|  |TAMS 0x00000000e4400000, 0x00000000e4400000| Untracked 
|  69|0x00000000e4500000, 0x00000000e4500000, 0x00000000e4600000|  0%| F|  |TAMS 0x00000000e4500000, 0x00000000e4500000| Untracked 
|  70|0x00000000e4600000, 0x00000000e4600000, 0x00000000e4700000|  0%| F|  |TAMS 0x00000000e4600000, 0x00000000e4600000| Untracked 
|  71|0x00000000e4700000, 0x00000000e4700000, 0x00000000e4800000|  0%| F|  |TAMS 0x00000000e4700000, 0x00000000e4700000| Untracked 
|  72|0x00000000e4800000, 0x00000000e4800000, 0x00000000e4900000|  0%| F|  |TAMS 0x00000000e4800000, 0x00000000e4800000| Untracked 
|  73|0x00000000e4900000, 0x00000000e4900000, 0x00000000e4a00000|  0%| F|  |TAMS 0x00000000e4900000, 0x00000000e4900000| Untracked 
|  74|0x00000000e4a00000, 0x00000000e4a00000, 0x00000000e4b00000|  0%| F|  |TAMS 0x00000000e4a00000, 0x00000000e4a00000| Untracked 
|  75|0x00000000e4b00000, 0x00000000e4b00000, 0x00000000e4c00000|  0%| F|  |TAMS 0x00000000e4b00000, 0x00000000e4b00000| Untracked 
|  76|0x00000000e4c00000, 0x00000000e4c00000, 0x00000000e4d00000|  0%| F|  |TAMS 0x00000000e4c00000, 0x00000000e4c00000| Untracked 
|  77|0x00000000e4d00000, 0x00000000e4d00000, 0x00000000e4e00000|  0%| F|  |TAMS 0x00000000e4d00000, 0x00000000e4d00000| Untracked 
|  78|0x00000000e4e00000, 0x00000000e4e00000, 0x00000000e4f00000|  0%| F|  |TAMS 0x00000000e4e00000, 0x00000000e4e00000| Untracked 
|  79|0x00000000e4f00000, 0x00000000e4f00000, 0x00000000e5000000|  0%| F|  |TAMS 0x00000000e4f00000, 0x00000000e4f00000| Untracked 
|  80|0x00000000e5000000, 0x00000000e5000000, 0x00000000e5100000|  0%| F|  |TAMS 0x00000000e5000000, 0x00000000e5000000| Untracked 
|  81|0x00000000e5100000, 0x00000000e5100000, 0x00000000e5200000|  0%| F|  |TAMS 0x00000000e5100000, 0x00000000e5100000| Untracked 
|  82|0x00000000e5200000, 0x00000000e5200000, 0x00000000e5300000|  0%| F|  |TAMS 0x00000000e5200000, 0x00000000e5200000| Untracked 
|  83|0x00000000e5300000, 0x00000000e5300000, 0x00000000e5400000|  0%| F|  |TAMS 0x00000000e5300000, 0x00000000e5300000| Untracked 
|  84|0x00000000e5400000, 0x00000000e5400000, 0x00000000e5500000|  0%| F|  |TAMS 0x00000000e5400000, 0x00000000e5400000| Untracked 
|  85|0x00000000e5500000, 0x00000000e5500000, 0x00000000e5600000|  0%| F|  |TAMS 0x00000000e5500000, 0x00000000e5500000| Untracked 
|  86|0x00000000e5600000, 0x00000000e5600000, 0x00000000e5700000|  0%| F|  |TAMS 0x00000000e5600000, 0x00000000e5600000| Untracked 
|  87|0x00000000e5700000, 0x00000000e5700000, 0x00000000e5800000|  0%| F|  |TAMS 0x00000000e5700000, 0x00000000e5700000| Untracked 
|  88|0x00000000e5800000, 0x00000000e5800000, 0x00000000e5900000|  0%| F|  |TAMS 0x00000000e5800000, 0x00000000e5800000| Untracked 
|  89|0x00000000e5900000, 0x00000000e5900000, 0x00000000e5a00000|  0%| F|  |TAMS 0x00000000e5900000, 0x00000000e5900000| Untracked 
|  90|0x00000000e5a00000, 0x00000000e5a00000, 0x00000000e5b00000|  0%| F|  |TAMS 0x00000000e5a00000, 0x00000000e5a00000| Untracked 
|  91|0x00000000e5b00000, 0x00000000e5b00000, 0x00000000e5c00000|  0%| F|  |TAMS 0x00000000e5b00000, 0x00000000e5b00000| Untracked 
|  92|0x00000000e5c00000, 0x00000000e5c00000, 0x00000000e5d00000|  0%| F|  |TAMS 0x00000000e5c00000, 0x00000000e5c00000| Untracked 
|  93|0x00000000e5d00000, 0x00000000e5d00000, 0x00000000e5e00000|  0%| F|  |TAMS 0x00000000e5d00000, 0x00000000e5d00000| Untracked 
|  94|0x00000000e5e00000, 0x00000000e5e00000, 0x00000000e5f00000|  0%| F|  |TAMS 0x00000000e5e00000, 0x00000000e5e00000| Untracked 
|  95|0x00000000e5f00000, 0x00000000e5f00000, 0x00000000e6000000|  0%| F|  |TAMS 0x00000000e5f00000, 0x00000000e5f00000| Untracked 
|  96|0x00000000e6000000, 0x00000000e6000000, 0x00000000e6100000|  0%| F|  |TAMS 0x00000000e6000000, 0x00000000e6000000| Untracked 
|  97|0x00000000e6100000, 0x00000000e6100000, 0x00000000e6200000|  0%| F|  |TAMS 0x00000000e6100000, 0x00000000e6100000| Untracked 
|  98|0x00000000e6200000, 0x00000000e6200000, 0x00000000e6300000|  0%| F|  |TAMS 0x00000000e6200000, 0x00000000e6200000| Untracked 
|  99|0x00000000e6300000, 0x00000000e6300000, 0x00000000e6400000|  0%| F|  |TAMS 0x00000000e6300000, 0x00000000e6300000| Untracked 
| 100|0x00000000e6400000, 0x00000000e6400000, 0x00000000e6500000|  0%| F|  |TAMS 0x00000000e6400000, 0x00000000e6400000| Untracked 
| 101|0x00000000e6500000, 0x00000000e6500000, 0x00000000e6600000|  0%| F|  |TAMS 0x00000000e6500000, 0x00000000e6500000| Untracked 
| 102|0x00000000e6600000, 0x00000000e6600000, 0x00000000e6700000|  0%| F|  |TAMS 0x00000000e6600000, 0x00000000e6600000| Untracked 
| 103|0x00000000e6700000, 0x00000000e6700000, 0x00000000e6800000|  0%| F|  |TAMS 0x00000000e6700000, 0x00000000e6700000| Untracked 
| 104|0x00000000e6800000, 0x00000000e6800000, 0x00000000e6900000|  0%| F|  |TAMS 0x00000000e6800000, 0x00000000e6800000| Untracked 
| 105|0x00000000e6900000, 0x00000000e69c6250, 0x00000000e6a00000| 77%| S|CS|TAMS 0x00000000e6900000, 0x00000000e6900000| Complete 
| 106|0x00000000e6a00000, 0x00000000e6b00000, 0x00000000e6b00000|100%| S|CS|TAMS 0x00000000e6a00000, 0x00000000e6a00000| Complete 
| 107|0x00000000e6b00000, 0x00000000e6c00000, 0x00000000e6c00000|100%| S|CS|TAMS 0x00000000e6b00000, 0x00000000e6b00000| Complete 
| 108|0x00000000e6c00000, 0x00000000e6c00000, 0x00000000e6d00000|  0%| F|  |TAMS 0x00000000e6c00000, 0x00000000e6c00000| Untracked 
| 109|0x00000000e6d00000, 0x00000000e6d00000, 0x00000000e6e00000|  0%| F|  |TAMS 0x00000000e6d00000, 0x00000000e6d00000| Untracked 
| 110|0x00000000e6e00000, 0x00000000e6e00000, 0x00000000e6f00000|  0%| F|  |TAMS 0x00000000e6e00000, 0x00000000e6e00000| Untracked 
| 111|0x00000000e6f00000, 0x00000000e6f00000, 0x00000000e7000000|  0%| F|  |TAMS 0x00000000e6f00000, 0x00000000e6f00000| Untracked 
| 112|0x00000000e7000000, 0x00000000e7000000, 0x00000000e7100000|  0%| F|  |TAMS 0x00000000e7000000, 0x00000000e7000000| Untracked 
| 113|0x00000000e7100000, 0x00000000e7100000, 0x00000000e7200000|  0%| F|  |TAMS 0x00000000e7100000, 0x00000000e7100000| Untracked 
| 114|0x00000000e7200000, 0x00000000e7200000, 0x00000000e7300000|  0%| F|  |TAMS 0x00000000e7200000, 0x00000000e7200000| Untracked 
| 115|0x00000000e7300000, 0x00000000e7300000, 0x00000000e7400000|  0%| F|  |TAMS 0x00000000e7300000, 0x00000000e7300000| Untracked 
| 116|0x00000000e7400000, 0x00000000e7400000, 0x00000000e7500000|  0%| F|  |TAMS 0x00000000e7400000, 0x00000000e7400000| Untracked 
| 117|0x00000000e7500000, 0x00000000e7500000, 0x00000000e7600000|  0%| F|  |TAMS 0x00000000e7500000, 0x00000000e7500000| Untracked 
| 118|0x00000000e7600000, 0x00000000e7600000, 0x00000000e7700000|  0%| F|  |TAMS 0x00000000e7600000, 0x00000000e7600000| Untracked 
| 119|0x00000000e7700000, 0x00000000e7700000, 0x00000000e7800000|  0%| F|  |TAMS 0x00000000e7700000, 0x00000000e7700000| Untracked 
| 120|0x00000000e7800000, 0x00000000e7800000, 0x00000000e7900000|  0%| F|  |TAMS 0x00000000e7800000, 0x00000000e7800000| Untracked 
| 121|0x00000000e7900000, 0x00000000e7900000, 0x00000000e7a00000|  0%| F|  |TAMS 0x00000000e7900000, 0x00000000e7900000| Untracked 
| 122|0x00000000e7a00000, 0x00000000e7a00000, 0x00000000e7b00000|  0%| F|  |TAMS 0x00000000e7a00000, 0x00000000e7a00000| Untracked 
| 123|0x00000000e7b00000, 0x00000000e7b00000, 0x00000000e7c00000|  0%| F|  |TAMS 0x00000000e7b00000, 0x00000000e7b00000| Untracked 
| 124|0x00000000e7c00000, 0x00000000e7c00000, 0x00000000e7d00000|  0%| F|  |TAMS 0x00000000e7c00000, 0x00000000e7c00000| Untracked 
| 125|0x00000000e7d00000, 0x00000000e7d00000, 0x00000000e7e00000|  0%| F|  |TAMS 0x00000000e7d00000, 0x00000000e7d00000| Untracked 
| 126|0x00000000e7e00000, 0x00000000e7ee29a8, 0x00000000e7f00000| 88%| E|  |TAMS 0x00000000e7e00000, 0x00000000e7e00000| Complete 
| 127|0x00000000e7f00000, 0x00000000e8000000, 0x00000000e8000000|100%| E|CS|TAMS 0x00000000e7f00000, 0x00000000e7f00000| Complete 

Card table byte_map: [0x0000021df5320000,0x0000021df5420000] _byte_map_base: 0x0000021df4c20000

Marking Bits (Prev, Next): (CMBitMap*) 0x0000021dec800238, (CMBitMap*) 0x0000021dec800278
 Prev Bits: [0x0000021df5520000, 0x0000021df5d20000)
 Next Bits: [0x0000021df5d20000, 0x0000021df6520000)

Polling page: 0x0000021deaff0000

Metaspace:

Usage:
  Non-class:     14.06 MB capacity,    13.82 MB ( 98%) used,   200.73 KB (  1%) free+waste,    39.44 KB ( <1%) overhead. 
      Class:      1.89 MB capacity,     1.72 MB ( 91%) used,   148.34 KB (  8%) free+waste,    21.00 KB (  1%) overhead. 
       Both:     15.95 MB capacity,    15.55 MB ( 97%) used,   349.06 KB (  2%) free+waste,    60.44 KB ( <1%) overhead. 

Virtual space:
  Non-class space:       16.00 MB reserved,      14.25 MB ( 89%) committed 
      Class space:        1.00 GB reserved,       2.00 MB ( <1%) committed 
             Both:        1.02 GB reserved,      16.25 MB (  2%) committed 

Chunk freelists:
   Non-Class:  640 bytes
       Class:  2.13 KB
        Both:  2.75 KB

CodeHeap 'non-profiled nmethods': size=120064Kb used=765Kb max_used=778Kb free=119299Kb
 bounds [0x0000021d87ac0000, 0x0000021d87d30000, 0x0000021d8f000000]
CodeHeap 'profiled nmethods': size=120000Kb used=3807Kb max_used=4229Kb free=116192Kb
 bounds [0x0000021d80590000, 0x0000021d809c0000, 0x0000021d87ac0000]
CodeHeap 'non-nmethods': size=5696Kb used=1311Kb max_used=1326Kb free=4384Kb
 bounds [0x0000021d80000000, 0x0000021d80270000, 0x0000021d80590000]
 total_blobs=3256 nmethods=1963 adapters=622
 compilation: enabled
              stopped_count=0, restarted_count=0
 full_count=0

Compilation events (10 events):
Event: 2.424 Thread 0x0000021dfa1de000 2052   !   4       java.util.concurrent.ConcurrentHashMap::putVal (432 bytes)
Event: 2.424 Thread 0x0000021df8afa800 nmethod 2069 0x0000021d809aee10 code [0x0000021d809af040, 0x0000021d809af8e0]
Event: 2.424 Thread 0x0000021df8afa800 2070       1       sun.util.calendar.CalendarDate::getYear (5 bytes)
Event: 2.425 Thread 0x0000021df8afa800 nmethod 2070 0x0000021d87b77110 code [0x0000021d87b772c0, 0x0000021d87b773f8]
Event: 2.425 Thread 0x0000021df8afa800 2071       1       java.util.Calendar::getFirstDayOfWeek (5 bytes)
Event: 2.425 Thread 0x0000021df8afa800 nmethod 2071 0x0000021d87b77490 code [0x0000021d87b77640, 0x0000021d87b77778]
Event: 2.425 Thread 0x0000021df8afa800 2072       1       java.util.Calendar::getMinimalDaysInFirstWeek (5 bytes)
Event: 2.425 Thread 0x0000021df8afa800 nmethod 2072 0x0000021d87b77810 code [0x0000021d87b779c0, 0x0000021d87b77af8]
Event: 2.430 Thread 0x0000021df8afa800 2073       3       java.util.ArrayDeque::add (7 bytes)
Event: 2.430 Thread 0x0000021df8afa800 nmethod 2073 0x0000021d809afb90 code [0x0000021d809afd60, 0x0000021d809aff30]

GC Heap History (2 events):
Event: 1.313 GC heap before
{Heap before GC invocations=0 (full 0):
 garbage-first heap   total 131072K, used 16384K [0x00000000e0000000, 0x0000000100000000)
  region size 1024K, 14 young (14336K), 0 survivors (0K)
 Metaspace       used 9651K, capacity 10042K, committed 10240K, reserved 1058816K
  class space    used 1053K, capacity 1185K, committed 1280K, reserved 1048576K
}
Event: 1.321 GC heap after
{Heap after GC invocations=1 (full 0):
 garbage-first heap   total 131072K, used 4822K [0x00000000e0000000, 0x0000000100000000)
  region size 1024K, 2 young (2048K), 2 survivors (2048K)
 Metaspace       used 9651K, capacity 10042K, committed 10240K, reserved 1058816K
  class space    used 1053K, capacity 1185K, committed 1280K, reserved 1048576K
}

Deoptimization events (10 events):
Event: 1.759 Thread 0x0000021dec7d8800 Uncommon trap: reason=class_check action=maybe_recompile pc=0x0000021d87add394 method=java.lang.String.equals(Ljava/lang/Object;)Z @ 8 c2
Event: 1.759 Thread 0x0000021dec7d8800 Uncommon trap: reason=class_check action=maybe_recompile pc=0x0000021d87add394 method=java.lang.String.equals(Ljava/lang/Object;)Z @ 8 c2
Event: 1.761 Thread 0x0000021dec7d8800 Uncommon trap: reason=class_check action=maybe_recompile pc=0x0000021d87add394 method=java.lang.String.equals(Ljava/lang/Object;)Z @ 8 c2
Event: 1.827 Thread 0x0000021dec7d8800 Uncommon trap: reason=unstable_if action=reinterpret pc=0x0000021d87b3b404 method=java.awt.Font.hashCode()I @ 4 c2
Event: 1.848 Thread 0x0000021dec7d8800 Uncommon trap: reason=class_check action=maybe_recompile pc=0x0000021d87b3bfac method=java.awt.Font.equals(Ljava/lang/Object;)Z @ 8 c2
Event: 1.848 Thread 0x0000021dec7d8800 Uncommon trap: reason=class_check action=maybe_recompile pc=0x0000021d87b3bfac method=java.awt.Font.equals(Ljava/lang/Object;)Z @ 8 c2
Event: 1.849 Thread 0x0000021dec7d8800 Uncommon trap: reason=class_check action=maybe_recompile pc=0x0000021d87b3bfac method=java.awt.Font.equals(Ljava/lang/Object;)Z @ 8 c2
Event: 1.849 Thread 0x0000021dec7d8800 Uncommon trap: reason=class_check action=maybe_recompile pc=0x0000021d87b3bfac method=java.awt.Font.equals(Ljava/lang/Object;)Z @ 8 c2
Event: 2.128 Thread 0x0000021dec7d8800 Uncommon trap: reason=unstable_if action=reinterpret pc=0x0000021d87b40738 method=sun.font.FontDesignMetrics.getMetrics(Ljava/awt/Font;Ljava/awt/font/FontRenderContext;)Lsun/font/FontDesignMetrics; @ 206 c2
Event: 2.206 Thread 0x0000021dec7d8800 Uncommon trap: reason=unstable_if action=reinterpret pc=0x0000021d87b4582c method=sun.font.FontDesignMetrics.getMetrics(Ljava/awt/Font;Ljava/awt/font/FontRenderContext;)Lsun/font/FontDesignMetrics; @ 206 c2

Classes redefined (0 events):
No events

Internal exceptions (10 events):
Event: 0.987 Thread 0x0000021dec7d8800 Exception <a 'java/lang/ClassNotFoundException'{0x00000000e7884360}: com/sun/swing/internal/plaf/basic/resources/spi/basicProvider> (0x00000000e7884360) thrown at [t:/workspace/open/src/hotspot/share/classfile/systemDictionary.cpp, line 235]
Event: 1.065 Thread 0x0000021dec7d8800 Exception <a 'java/lang/NoSuchMethodError'{0x00000000e77151a8}: java.lang.invoke.DirectMethodHandle$Holder.invokeStaticInit(Ljava/lang/Object;)V> (0x00000000e77151a8) thrown at [t:/workspace/open/src/hotspot/share/interpreter/linkResolver.cpp, line 777]
Event: 1.113 Thread 0x0000021dec7d8800 Exception <a 'java/lang/NoSuchMethodError'{0x00000000e77a2468}: java.lang.invoke.Invokers$Holder.linkToTargetMethod(Ljava/lang/Object;ILjava/lang/Object;)Ljava/lang/Object;> (0x00000000e77a2468) thrown at [t:/workspace/open/src/hotspot/share/interpreter/l
Event: 1.493 Thread 0x0000021df985c000 Implicit null exception at 0x0000021d87afe6a2 to 0x0000021d87afeb26
Event: 1.493 Thread 0x0000021df985c000 Implicit null exception at 0x0000021d87b010a2 to 0x0000021d87b0151e
Event: 1.745 Thread 0x0000021dec7d8800 Exception <a 'java/lang/NoSuchMethodError'{0x00000000e79c6bd8}: java.lang.invoke.DirectMethodHandle$Holder.invokeStatic(Ljava/lang/Object;Ljava/lang/Object;Ljava/lang/Object;Ljava/lang/Object;Ljava/lang/Object;Ljava/lang/Object;Ljava/lang/Object;Ljava/lan
Event: 1.747 Thread 0x0000021dec7d8800 Exception <a 'java/lang/NoSuchMethodError'{0x00000000e79d2f18}: java.lang.invoke.DirectMethodHandle$Holder.invokeStatic(Ljava/lang/Object;Ljava/lang/Object;Ljava/lang/Object;Ljava/lang/Object;Ljava/lang/Object;Ljava/lang/Object;Ljava/lang/Object;Ljava/lan
Event: 1.748 Thread 0x0000021dec7d8800 Exception <a 'java/lang/NoSuchMethodError'{0x00000000e79df0f8}: java.lang.invoke.DirectMethodHandle$Holder.invokeSpecial(Ljava/lang/Object;Ljava/lang/Object;JLjava/lang/Object;Ljava/lang/Object;Ljava/lang/Object;Ljava/lang/Object;)Ljava/lang/Object;> (0x0
Event: 1.748 Thread 0x0000021dec7d8800 Exception <a 'java/lang/NoSuchMethodError'{0x00000000e79e2290}: java.lang.invoke.DelegatingMethodHandle$Holder.reinvoke_L(Ljava/lang/Object;JLjava/lang/Object;Ljava/lang/Object;Ljava/lang/Object;Ljava/lang/Object;)Ljava/lang/Object;> (0x00000000e79e2290) 
Event: 1.750 Thread 0x0000021dec7d8800 Exception <a 'java/lang/NoSuchMethodError'{0x00000000e79f2b58}: java.lang.invoke.DirectMethodHandle$Holder.invokeStatic(Ljava/lang/Object;Ljava/lang/Object;Ljava/lang/Object;Ljava/lang/Object;J)Ljava/lang/Object;> (0x00000000e79f2b58) thrown at [t:/worksp

Events (10 events):
Event: 2.430 loading class jssc/SerialPort$LinuxEventThread
Event: 2.430 loading class jssc/SerialPort$LinuxEventThread done
Event: 2.430 loading class sun/awt/image/BufferedImageGraphicsConfig
Event: 2.430 loading class sun/awt/image/BufferedImageGraphicsConfig done
Event: 2.430 loading class jssc/SerialPortException
Event: 2.430 loading class jssc/SerialPortException done
Event: 2.430 loading class sun/awt/image/BufferedImageDevice
Event: 2.431 loading class sun/awt/image/BufferedImageDevice done
Event: 2.431 loading class jssc/SerialPortTimeoutException
Event: 2.431 loading class jssc/SerialPortTimeoutException done


Dynamic libraries:
0x00007ff72e3d0000 - 0x00007ff72e3df000 	C:\Program Files\Java\jdk-12.0.2\bin\java.exe
0x00007ff8adef0000 - 0x00007ff8ae0e6000 	C:\WINDOWS\SYSTEM32\ntdll.dll
0x00007ff8ac110000 - 0x00007ff8ac1cd000 	C:\WINDOWS\System32\KERNEL32.DLL
0x00007ff8ab850000 - 0x00007ff8abb18000 	C:\WINDOWS\System32\KERNELBASE.dll
0x00007ff8abde0000 - 0x00007ff8abee0000 	C:\WINDOWS\System32\ucrtbase.dll
0x00007ff89ddf0000 - 0x00007ff89de06000 	C:\Program Files\Java\jdk-12.0.2\bin\VCRUNTIME140.dll
0x00007ff8a63e0000 - 0x00007ff8a63f8000 	C:\Program Files\Java\jdk-12.0.2\bin\jli.dll
0x00007ff8ac440000 - 0x00007ff8ac4ea000 	C:\WINDOWS\System32\ADVAPI32.dll
0x00007ff8ac070000 - 0x00007ff8ac10e000 	C:\WINDOWS\System32\msvcrt.dll
0x00007ff8ac580000 - 0x00007ff8ac61b000 	C:\WINDOWS\System32\sechost.dll
0x00007ff8ad050000 - 0x00007ff8ad174000 	C:\WINDOWS\System32\RPCRT4.dll
0x00007ff8ac2a0000 - 0x00007ff8ac440000 	C:\WINDOWS\System32\USER32.dll
0x00007ff8abdb0000 - 0x00007ff8abdd2000 	C:\WINDOWS\System32\win32u.dll
0x00007ff8acf20000 - 0x00007ff8acf4a000 	C:\WINDOWS\System32\GDI32.dll
0x00007ff8ab6e0000 - 0x00007ff8ab7e9000 	C:\WINDOWS\System32\gdi32full.dll
0x00007ff8ab640000 - 0x00007ff8ab6dd000 	C:\WINDOWS\System32\msvcp_win.dll
0x00007ff89bb70000 - 0x00007ff89be0b000 	C:\WINDOWS\WinSxS\amd64_microsoft.windows.common-controls_6595b64144ccf1df_6.0.19041.488_none_ca04af081b815d21\COMCTL32.dll
0x00007ff8aa4e0000 - 0x00007ff8aa4ea000 	C:\WINDOWS\SYSTEM32\VERSION.dll
0x00007ff8ad000000 - 0x00007ff8ad030000 	C:\WINDOWS\System32\IMM32.DLL
0x00007ff871a60000 - 0x00007ff871b0a000 	C:\Program Files\Java\jdk-12.0.2\bin\msvcp140.dll
0x00007ff840dc0000 - 0x00007ff841937000 	C:\Program Files\Java\jdk-12.0.2\bin\server\jvm.dll
0x00007ff8abfd0000 - 0x00007ff8abfd8000 	C:\WINDOWS\System32\PSAPI.DLL
0x00007ff89c990000 - 0x00007ff89c9b7000 	C:\WINDOWS\SYSTEM32\WINMM.dll
0x00007ff895510000 - 0x00007ff895519000 	C:\WINDOWS\SYSTEM32\WSOCK32.dll
0x00007ff8acd20000 - 0x00007ff8acd8b000 	C:\WINDOWS\System32\WS2_32.dll
0x00007ff8aa4a0000 - 0x00007ff8aa4b2000 	C:\WINDOWS\SYSTEM32\kernel.appcore.dll
0x00007ff879e00000 - 0x00007ff879e11000 	C:\Program Files\Java\jdk-12.0.2\bin\verify.dll
0x00007ff892350000 - 0x00007ff892534000 	C:\WINDOWS\SYSTEM32\DBGHELP.DLL
0x00007ff892320000 - 0x00007ff89234c000 	C:\WINDOWS\SYSTEM32\dbgcore.DLL
0x00007ff8abb20000 - 0x00007ff8abb9f000 	C:\WINDOWS\System32\bcryptPrimitives.dll
0x00007ff89b430000 - 0x00007ff89b456000 	C:\Program Files\Java\jdk-12.0.2\bin\java.dll
0x00007ff873aa0000 - 0x00007ff873ab7000 	C:\Program Files\Java\jdk-12.0.2\bin\zip.dll
0x00007ff8a4ec0000 - 0x00007ff8a4eca000 	C:\Program Files\Java\jdk-12.0.2\bin\jimage.dll
0x00007ff8ad540000 - 0x00007ff8adc80000 	C:\WINDOWS\System32\SHELL32.dll
0x00007ff8a9d00000 - 0x00007ff8aa494000 	C:\WINDOWS\SYSTEM32\windows.storage.dll
0x00007ff8ad1e0000 - 0x00007ff8ad535000 	C:\WINDOWS\System32\combase.dll
0x00007ff8aafe0000 - 0x00007ff8ab00c000 	C:\WINDOWS\SYSTEM32\Wldp.dll
0x00007ff8acf50000 - 0x00007ff8acffe000 	C:\WINDOWS\System32\SHCORE.dll
0x00007ff8ade50000 - 0x00007ff8adea5000 	C:\WINDOWS\System32\shlwapi.dll
0x00007ff8ab570000 - 0x00007ff8ab596000 	C:\WINDOWS\SYSTEM32\profapi.dll
0x00007ff873bd0000 - 0x00007ff873be9000 	C:\Program Files\Java\jdk-12.0.2\bin\net.dll
0x00007ff89a920000 - 0x00007ff89ab0d000 	C:\WINDOWS\SYSTEM32\urlmon.dll
0x00007ff89b9d0000 - 0x00007ff89bad0000 	C:\WINDOWS\SYSTEM32\WINHTTP.dll
0x00007ff899490000 - 0x00007ff899740000 	C:\WINDOWS\SYSTEM32\iertutil.dll
0x00007ff8aadd0000 - 0x00007ff8aae3a000 	C:\WINDOWS\system32\mswsock.dll
0x00007ff873bb0000 - 0x00007ff873bc3000 	C:\Program Files\Java\jdk-12.0.2\bin\nio.dll
0x00007ff871b10000 - 0x00007ff871caf000 	C:\Program Files\Java\jdk-12.0.2\bin\awt.dll
0x00007ff8ac1d0000 - 0x00007ff8ac29d000 	C:\WINDOWS\System32\OLEAUT32.dll
0x00007ff8a7c90000 - 0x00007ff8a8250000 	C:\WINDOWS\SYSTEM32\d2d1.dll
0x00007ff8a8d50000 - 0x00007ff8a8de0000 	C:\WINDOWS\SYSTEM32\apphelp.dll
0x00007ff8ab340000 - 0x00007ff8ab358000 	C:\WINDOWS\SYSTEM32\CRYPTSP.dll
0x00007ff8aa710000 - 0x00007ff8aa744000 	C:\WINDOWS\system32\rsaenh.dll
0x00007ff8abf30000 - 0x00007ff8abf57000 	C:\WINDOWS\System32\bcrypt.dll
0x00007ff8ab530000 - 0x00007ff8ab55e000 	C:\WINDOWS\SYSTEM32\USERENV.dll
0x00007ff8aaf50000 - 0x00007ff8aaf5c000 	C:\WINDOWS\SYSTEM32\CRYPTBASE.dll
0x00007ff8aaa90000 - 0x00007ff8aaacb000 	C:\WINDOWS\SYSTEM32\IPHLPAPI.DLL
0x00007ff8abf60000 - 0x00007ff8abf69000 	C:\WINDOWS\System32\NSI.dll
0x00007ff89e290000 - 0x00007ff89e2a7000 	C:\WINDOWS\SYSTEM32\dhcpcsvc6.DLL
0x00007ff8a3220000 - 0x00007ff8a323d000 	C:\WINDOWS\SYSTEM32\dhcpcsvc.DLL
0x00007ff8aaae0000 - 0x00007ff8aabab000 	C:\WINDOWS\SYSTEM32\DNSAPI.dll
0x00007ff8a63b0000 - 0x00007ff8a63dd000 	C:\Program Files\Java\jdk-12.0.2\bin\javajpeg.dll
0x00007ff8a90f0000 - 0x00007ff8a911f000 	C:\WINDOWS\system32\DWMAPI.DLL
0x00007ff8a8e80000 - 0x00007ff8a8f1f000 	C:\WINDOWS\system32\uxtheme.dll
0x00007ff883480000 - 0x00007ff8835a5000 	C:\WINDOWS\system32\opengl32.dll
0x00007ff8835e0000 - 0x00007ff88360c000 	C:\WINDOWS\SYSTEM32\GLU32.dll
0x00007ff8adc80000 - 0x00007ff8add95000 	C:\WINDOWS\System32\MSCTF.dll
0x00007ff8acdf0000 - 0x00007ff8acf1a000 	C:\WINDOWS\System32\ole32.dll
0x00007ff871d20000 - 0x00007ff871da0000 	C:\Program Files\Java\jdk-12.0.2\bin\freetype.dll
0x00007ff870330000 - 0x00007ff8703db000 	C:\Program Files\Java\jdk-12.0.2\bin\fontmanager.dll
0x00007ff8adda0000 - 0x00007ff8ade49000 	C:\WINDOWS\System32\clbcatq.dll
0x00007ff8a5270000 - 0x00007ff8a5424000 	C:\WINDOWS\SYSTEM32\WindowsCodecs.dll
0x00007ff884a40000 - 0x00007ff884a7e000 	C:\WINDOWS\system32\dataexchange.dll
0x00007ff8a7a20000 - 0x00007ff8a7c84000 	C:\WINDOWS\system32\d3d11.dll
0x00007ff8a8250000 - 0x00007ff8a8435000 	C:\WINDOWS\system32\dcomp.dll
0x00007ff8a9620000 - 0x00007ff8a9713000 	C:\WINDOWS\system32\dxgi.dll
0x00007ff8a5430000 - 0x00007ff8a5638000 	C:\WINDOWS\system32\twinapi.appcore.dll
0x0000000071100000 - 0x0000000071125000 	C:\Users\Ishmael\.jssc\windows\jSSC-2.8_x86_64.dll
0x00007ff898b50000 - 0x00007ff898c4c000 	C:\WINDOWS\SYSTEM32\textinputframework.dll
0x00007ff8a8b20000 - 0x00007ff8a8c12000 	C:\WINDOWS\System32\CoreMessaging.dll
0x00007ff8a8440000 - 0x00007ff8a879e000 	C:\WINDOWS\System32\CoreUIComponents.dll
0x00007ff8a9a10000 - 0x00007ff8a9a43000 	C:\WINDOWS\SYSTEM32\ntmarta.dll
0x00007ff8a7460000 - 0x00007ff8a75b6000 	C:\WINDOWS\SYSTEM32\wintypes.dll

dbghelp: loaded successfully - version: 4.0.5 - missing functions: none
symbol engine: initialized successfully - sym options: 0x614 - pdb path: .;C:\Program Files\Java\jdk-12.0.2\bin;C:\WINDOWS\SYSTEM32;C:\WINDOWS\WinSxS\amd64_microsoft.windows.common-controls_6595b64144ccf1df_6.0.19041.488_none_ca04af081b815d21;C:\Program Files\Java\jdk-12.0.2\bin\server;C:\Users\Ishmael\.jssc\windows

VM Arguments:
jvm_args: -Dfile.encoding=UTF-8 -Djava.library.path=C:\Users\marno\OneDrive\Documents\lib -Xmx512M 
java_command: ntnusubsea.gui.NTNUSubseaGUI
java_class_path (initial): C:\Users\Ishmael\OneDrive - NTNU\Mekka\prosjekt kode\Source code\Java code\TowedROV_GUI\PublishedVersion\lib\AbsoluteLayout.jar;C:\Users\Ishmael\OneDrive - NTNU\Mekka\prosjekt kode\Source code\Java code\TowedROV_GUI\PublishedVersion\lib\FitCSVTool.jar;C:\Users\Ishmael\OneDrive - NTNU\Mekka\prosjekt kode\Source code\Java code\TowedROV_GUI\PublishedVersion\lib\J360Controller.jar;C:\Users\Ishmael\OneDrive - NTNU\Mekka\prosjekt kode\Source code\Java code\TowedROV_GUI\PublishedVersion\lib\commons-io-2.6.jar;C:\Users\Ishmael\OneDrive - NTNU\Mekka\prosjekt kode\Source code\Java code\TowedROV_GUI\PublishedVersion\lib\commons-net-3.6.jar;C:\Users\Ishmael\OneDrive - NTNU\Mekka\prosjekt kode\Source code\Java code\TowedROV_GUI\PublishedVersion\lib\hamcrest-core-1.3.jar;C:\Users\Ishmael\OneDrive - NTNU\Mekka\prosjekt kode\Source code\Java code\TowedROV_GUI\PublishedVersion\lib\jcodec-0.2.3.jar;C:\Users\Ishmael\OneDrive - NTNU\Mekka\prosjekt kode\Source code\Java code\TowedROV_GUI\PublishedVersion\lib\jcodec-javase-0.2.3.jar;C:\Users\Ishmael\OneDrive - NTNU\Mekka\prosjekt kode\Source code\Java code\TowedROV_GUI\PublishedVersion\lib\jcommon-1.0.23.jar;C:\Users\Ishmael\OneDrive - NTNU\Mekka\prosjekt kode\Source code\Java code\TowedROV_GUI\PublishedVersion\lib\jfreechart-1.0.19-experimental.jar;C:\Users\Ishmael\OneDrive - NTNU\Mekka\prosjekt kode\Source code\Java code\TowedROV_GUI\PublishedVersion\lib\jfreechart-1.0.19-swt.jar;C:\Users\Ishmael\OneDrive - NTNU\Mekka\prosjekt kode\Source code\Java code\TowedROV_GUI\PublishedVersion\lib\jfreechart-1.0.19.jar;C:\Users\Ishmael\OneDrive - NTNU\Mekka\prosjekt kode\Source code\Java code\TowedROV_GUI\PublishedVersion\lib\jfreesvg-2.0.jar;C:\Users\Ishmael\OneDrive - NTNU\Mekka\prosjekt kode\Source code\Java code\TowedROV_GUI\PublishedVersion\lib\jssc.jar;C:\Users\Ishmael\OneDrive - NTNU\Mekka\prosjekt kode\Source code\Java code\TowedROV_GUI\PublishedVersion\lib\junit-4.11.jar;C:\Users\Ishmael\OneDrive - NTNU\Mekka
Launcher Type: SUN_STANDARD

[Global flags]
     intx CICompilerCount                          = 3                                         {product} {ergonomic}
     uint ConcGCThreads                            = 1                                         {product} {ergonomic}
     uint G1ConcRefinementThreads                  = 4                                         {product} {ergonomic}
   size_t G1HeapRegionSize                         = 1048576                                   {product} {ergonomic}
    uintx GCDrainStackTargetSize                   = 64                                        {product} {ergonomic}
   size_t InitialHeapSize                          = 134217728                                 {product} {ergonomic}
   size_t MarkStackSize                            = 4194304                                   {product} {ergonomic}
   size_t MaxHeapSize                              = 536870912                                 {product} {command line}
   size_t MaxNewSize                               = 321912832                                 {product} {ergonomic}
   size_t MinHeapDeltaBytes                        = 1048576                                   {product} {ergonomic}
    uintx NonNMethodCodeHeapSize                   = 5830732                                {pd product} {ergonomic}
    uintx NonProfiledCodeHeapSize                  = 122913754                              {pd product} {ergonomic}
    uintx ProfiledCodeHeapSize                     = 122913754                              {pd product} {ergonomic}
    uintx ReservedCodeCacheSize                    = 251658240                              {pd product} {ergonomic}
     bool SegmentedCodeCache                       = true                                      {product} {ergonomic}
     bool UseCompressedClassPointers               = true                                 {lp64_product} {ergonomic}
     bool UseCompressedOops                        = true                                 {lp64_product} {ergonomic}
     bool UseG1GC                                  = true                                      {product} {ergonomic}
     bool UseLargePagesIndividualAllocation        = false                                  {pd product} {ergonomic}

Logging:
Log output configuration:
 #0: stdout all=warning uptime,level,tags
 #1: stderr all=off uptime,level,tags

Environment Variables:
_JAVA_OPTIONS=-Xmx512M
PATH=C:\WinAVR-20100110\bin;C:\WinAVR-20100110\utils\bin;C:\TwinCAT\Common64;C:\TwinCAT\Common32;C:\RoboDK\Python37\Scripts\;C:\RoboDK\Python37\;C:\Program Files (x86)\Common Files\Oracle\Java\javapath;C:\WINDOWS\system32;C:\WINDOWS;C:\WINDOWS\System32\Wbem;C:\WINDOWS\System32\WindowsPowerShell\v1.0\;C:\Program Files\Intel\WiFi\bin\;C:\Program Files\Common Files\Intel\WirelessCommon\;C:\Program Files\PuTTY\;C:\WINDOWS\System32\OpenSSH\;C:\Program Files\Git\cmd;C:\Program Files\MATLAB\R2019b\bin;C:\Program Files\nodejs\;C:\Program Files (x86)\Microsoft SQL Server\100\Tools\Binn\;C:\Program Files (x86)\Microsoft SQL Server\100\DTS\Binn\;C:\Program Files\Docker\Docker\resources\bin;C:\ProgramData\DockerDesktop\version-bin;C:\Users\Ishmael\AppData\Local\Programs\Python\Python36\Scripts\;C:\Users\Ishmael\AppData\Local\Programs\Python\Python36\;C:\Program Files\Intel\WiFi\bin\;C:\Program Files\Common Files\Intel\WirelessCommon\;C:\Users\Ishmael\AppData\Local\Microsoft\WindowsApps;C:\Users\Ishmael\AppData\Local\GitHubDesktop\bin;C:\Users\Ishmael\AppData\Roaming\npm;C:\Program Files\JetBrains\PyCharm Community Edition 2020.2.3\bin;;C:\Program Files\Algoryx\AGX-2.29.2.0\bin\x64;
USERNAME=Ishmael
OS=Windows_NT
PROCESSOR_IDENTIFIER=Intel64 Family 6 Model 78 Stepping 3, GenuineIntel



---------------  S Y S T E M  ---------------

OS: Windows 10 , 64 bit Build 19041 (10.0.19041.546)

CPU:total 4 (initial active 4) (2 cores per cpu, 2 threads per core) family 6 model 78 stepping 3, cmov, cx8, fxsr, mmx, sse, sse2, sse3, ssse3, sse4.1, sse4.2, popcnt, avx, avx2, aes, clmul, erms, 3dnowpref, lzcnt, ht, tsc, tscinvbit, bmi1, bmi2, adx, fma

Memory: 4k page, system-wide physical 8087M (1028M free)
TotalPageFile size 21399M (AvailPageFile size 9645M)
current process WorkingSet (physical memory assigned to process): 125M, peak: 125M
current process commit charge ("private bytes"): 236M, peak: 237M

vm_info: Java HotSpot(TM) 64-Bit Server VM (12.0.2+10) for windows-amd64 JRE (12.0.2+10), built on Jul 16 2019 01:56:17 by "mach5one" with MS VC++ 15.5 (VS2017)

END.
